#
# A fatal error has been detected by the Java Runtime Environment:
#
#  Internal Error (./src/hotspot/share/oops/methodData.cpp:1079), pid=5444, tid=784
#  Error: ShouldNotReachHere()
#
# JRE version: OpenJDK Runtime Environment (11.0.11+9) (build 11.0.11+9-b60-7590822)
# Java VM: OpenJDK 64-Bit Server VM (11.0.11+9-b60-7590822, mixed mode, tiered, compressed oops, g1 gc, windows-amd64)
# No core dump will be written. Minidumps are not enabled by default on client versions of Windows
#
# If you would like to submit a bug report, please visit:
#   https://bugreport.java.com/bugreport/crash.jsp
#

---------------  S U M M A R Y ------------

Command Line: --add-opens=java.base/java.util=ALL-UNNAMED --add-opens=java.base/java.lang=ALL-UNNAMED --add-opens=java.base/java.lang.invoke=ALL-UNNAMED --add-opens=java.base/java.util=ALL-UNNAMED --add-opens=java.prefs/java.util.prefs=ALL-UNNAMED --add-opens=java.prefs/java.util.prefs=ALL-UNNAMED --add-opens=java.base/java.nio.charset=ALL-UNNAMED --add-opens=java.base/java.net=ALL-UNNAMED --add-opens=java.base/java.util.concurrent.atomic=ALL-UNNAMED -Xmx2048m -Dfile.encoding=UTF-8 -Duser.country=RU -Duser.language=ru -Duser.variant org.gradle.launcher.daemon.bootstrap.GradleDaemon 7.0.2

Host: Intel(R) Core(TM) i5-9300H CPU @ 2.40GHz, 8 cores, 15G,  Windows 10 , 64 bit Build 22000 (10.0.22000.434)
Time: Sat Feb 19 22:24:40 2022 Западная Азия (зима) elapsed time: 7811.304556 seconds (0d 2h 10m 11s)

---------------  T H R E A D  ---------------

Current thread (0x0000012e573d0000):  GCTaskThread "GC Thread#1" [stack: 0x00000029a7400000,0x00000029a7500000] [id=784]

Stack: [0x00000029a7400000,0x00000029a7500000]
[error occurred during error reporting (printing stack bounds), id 0xc0000005, EXCEPTION_ACCESS_VIOLATION (0xc0000005) at pc=0x0000012e3f820f2d]

Native frames: (J=compiled Java code, j=interpreted, Vv=VM code, C=native code)
V  [jvm.dll+0x5f214a]
V  [jvm.dll+0x726fb5]
V  [jvm.dll+0x7285cd]
V  [jvm.dll+0x728be5]
V  [jvm.dll+0x728b9b]
V  [jvm.dll+0x5f14e8]
V  [jvm.dll+0x5f1c78]
C  [ntdll.dll+0xa86ef]
C  [ntdll.dll+0x35aea]
C  [ntdll.dll+0xa76fe]
C  0x0000012e3f820f2d


---------------  P R O C E S S  ---------------

Threads class SMR info:
_java_thread_list=0x0000012e5df7f8e0, length=84, elements={
0x0000012e3bd1c800, 0x0000012e56a1e800, 0x0000012e56a2b000, 0x0000012e56a45000,
0x0000012e56a46800, 0x0000012e56a47800, 0x0000012e56a4a800, 0x0000012e56a4c000,
0x0000012e56a92800, 0x0000012e56c3b800, 0x0000012e58363000, 0x0000012e5896a000,
0x0000012e57b13800, 0x0000012e58e8a800, 0x0000012e58e90000, 0x0000012e58e91000,
0x0000012e58e8c000, 0x0000012e58e8d000, 0x0000012e5a5b4800, 0x0000012e5a5b1000,
0x0000012e5a5b5000, 0x0000012e5a5b6000, 0x0000012e5a5b3000, 0x0000012e5a5bd800,
0x0000012e5c8d6000, 0x0000012e5c8d1000, 0x0000012e5c8d4000, 0x0000012e5c8d5000,
0x0000012e5c8d2800, 0x0000012e5bed4000, 0x0000012e5bedc800, 0x0000012e5bedf000,
0x0000012e5bed9000, 0x0000012e5df3c800, 0x0000012e57cf5000, 0x0000012e5df34800,
0x0000012e5df38800, 0x0000012e5df37800, 0x0000012e5df36800, 0x0000012e5df32800,
0x0000012e5df35000, 0x0000012e5df36000, 0x0000012e5df33800, 0x0000012e5df3b800,
0x0000012e5df3e000, 0x0000012e5df3b000, 0x0000012e5df3f000, 0x0000012e5df39000,
0x0000012e5df3f800, 0x0000012e5df3a000, 0x0000012e5df41800, 0x0000012e5df40800,
0x0000012e57ced800, 0x0000012e57cec800, 0x0000012e57cec000, 0x0000012e57cee800,
0x0000012e57ceb000, 0x0000012e57ce9800, 0x0000012e57cf3000, 0x0000012e57cf0800,
0x0000012e57cf5800, 0x0000012e57cf2800, 0x0000012e57cf0000, 0x0000012e57cf6800,
0x0000012e57cf7800, 0x0000012e57cf4000, 0x0000012e57cf1800, 0x0000012e57cf8000,
0x0000012e5bed7800, 0x0000012e5bed6800, 0x0000012e5bed8800, 0x0000012e5bed5000,
0x0000012e5bed2800, 0x0000012e5bed3800, 0x0000012e5bedb800, 0x0000012e5bed6000,
0x0000012e5bedd000, 0x0000012e5bee1800, 0x0000012e5a5b7000, 0x0000012e5a5ba000,
0x0000012e5a5b2000, 0x0000012e5a5b8800, 0x0000012e5a5bb000, 0x0000012e5a5bf000
}

Java Threads: ( => current thread )
  0x0000012e3bd1c800 JavaThread "main" [_thread_blocked, id=5292, stack(0x00000029a6100000,0x00000029a6200000)]
  0x0000012e56a1e800 JavaThread "Reference Handler" daemon [_thread_blocked, id=8316, stack(0x00000029a6800000,0x00000029a6900000)]
  0x0000012e56a2b000 JavaThread "Finalizer" daemon [_thread_blocked, id=10300, stack(0x00000029a6900000,0x00000029a6a00000)]
  0x0000012e56a45000 JavaThread "Signal Dispatcher" daemon [_thread_blocked, id=14032, stack(0x00000029a6a00000,0x00000029a6b00000)]
  0x0000012e56a46800 JavaThread "Attach Listener" daemon [_thread_blocked, id=944, stack(0x00000029a6b00000,0x00000029a6c00000)]
  0x0000012e56a47800 JavaThread "Service Thread" daemon [_thread_blocked, id=7508, stack(0x00000029a6c00000,0x00000029a6d00000)]
  0x0000012e56a4a800 JavaThread "C2 CompilerThread0" daemon [_thread_blocked, id=11128, stack(0x00000029a6d00000,0x00000029a6e00000)]
  0x0000012e56a4c000 JavaThread "C1 CompilerThread0" daemon [_thread_blocked, id=11284, stack(0x00000029a6e00000,0x00000029a6f00000)]
  0x0000012e56a92800 JavaThread "Sweeper thread" daemon [_thread_blocked, id=11848, stack(0x00000029a6f00000,0x00000029a7000000)]
  0x0000012e56c3b800 JavaThread "Common-Cleaner" daemon [_thread_blocked, id=2012, stack(0x00000029a7000000,0x00000029a7100000)]
  0x0000012e58363000 JavaThread "Daemon health stats" [_thread_blocked, id=11856, stack(0x00000029a7900000,0x00000029a7a00000)]
  0x0000012e5896a000 JavaThread "Incoming local TCP Connector on port 65069" [_thread_in_native, id=10072, stack(0x00000029a7200000,0x00000029a7300000)]
  0x0000012e57b13800 JavaThread "Daemon periodic checks" [_thread_blocked, id=2296, stack(0x00000029a7300000,0x00000029a7400000)]
  0x0000012e58e8a800 JavaThread "Cache worker for file hash cache (C:\Users\Ollashukur\.gradle\caches\7.0.2\fileHashes)" [_thread_blocked, id=12420, stack(0x00000029a8100000,0x00000029a8200000)]
  0x0000012e58e90000 JavaThread "File lock request listener" [_thread_in_native, id=7840, stack(0x00000029a8200000,0x00000029a8300000)]
  0x0000012e58e91000 JavaThread "Cache worker for journal cache (C:\Users\Ollashukur\.gradle\caches\journal-1)" [_thread_blocked, id=2924, stack(0x00000029a8600000,0x00000029a8700000)]
  0x0000012e58e8c000 JavaThread "File watcher server" daemon [_thread_blocked, id=10876, stack(0x00000029a8900000,0x00000029a8a00000)]
  0x0000012e58e8d000 JavaThread "File watcher consumer" daemon [_thread_blocked, id=9412, stack(0x00000029a8a00000,0x00000029a8b00000)]
  0x0000012e5a5b4800 JavaThread "Cache worker for execution history cache (C:\Users\Ollashukur\.gradle\caches\7.0.2\executionHistory)" [_thread_blocked, id=10396, stack(0x00000029a8e00000,0x00000029a8f00000)]
  0x0000012e5a5b1000 JavaThread "jar transforms" [_thread_blocked, id=9440, stack(0x00000029a9000000,0x00000029a9100000)]
  0x0000012e5a5b5000 JavaThread "jar transforms Thread 2" [_thread_blocked, id=3448, stack(0x00000029a9100000,0x00000029a9200000)]
  0x0000012e5a5b6000 JavaThread "Cache worker for file content cache (C:\Users\Ollashukur\.gradle\caches\7.0.2\fileContent)" [_thread_blocked, id=8432, stack(0x00000029a9200000,0x00000029a9300000)]
  0x0000012e5a5b3000 JavaThread "jar transforms Thread 3" [_thread_blocked, id=6476, stack(0x00000029a9400000,0x00000029a9500000)]
  0x0000012e5a5bd800 JavaThread "jar transforms Thread 4" [_thread_blocked, id=9628, stack(0x00000029a9e00000,0x00000029a9f00000)]
  0x0000012e5c8d6000 JavaThread "jar transforms Thread 5" [_thread_blocked, id=5284, stack(0x00000029a9f00000,0x00000029aa000000)]
  0x0000012e5c8d1000 JavaThread "jar transforms Thread 6" [_thread_blocked, id=2376, stack(0x00000029aa000000,0x00000029aa100000)]
  0x0000012e5c8d4000 JavaThread "jar transforms Thread 7" [_thread_blocked, id=2652, stack(0x00000029aa100000,0x00000029aa200000)]
  0x0000012e5c8d5000 JavaThread "jar transforms Thread 8" [_thread_blocked, id=5176, stack(0x00000029aa200000,0x00000029aa300000)]
  0x0000012e5c8d2800 JavaThread "Memory manager" [_thread_blocked, id=10448, stack(0x00000029aa300000,0x00000029aa400000)]
  0x0000012e5bed4000 JavaThread "RMI Scheduler(0)" daemon [_thread_blocked, id=14180, stack(0x00000029a8700000,0x00000029a8800000)]
  0x0000012e5bedc800 JavaThread "RMI GC Daemon" daemon [_thread_blocked, id=3000, stack(0x00000029aae00000,0x00000029aaf00000)]
  0x0000012e5bedf000 JavaThread "RMI TCP Accept-0" daemon [_thread_in_native, id=8304, stack(0x00000029ab000000,0x00000029ab100000)]
  0x0000012e5bed9000 JavaThread "RMI Reaper" [_thread_blocked, id=4796, stack(0x00000029ab100000,0x00000029ab200000)]
  0x0000012e5df3c800 JavaThread "Cache worker for Java compile cache (C:\Users\Ollashukur\.gradle\caches\7.0.2\javaCompile)" [_thread_blocked, id=12468, stack(0x00000029a8d00000,0x00000029a8e00000)]
  0x0000012e57cf5000 JavaThread "ForkJoinPool.commonPool-worker-15" daemon [_thread_blocked, id=3096, stack(0x00000029ac600000,0x00000029ac700000)]
  0x0000012e5df34800 JavaThread "Daemon Thread 26" [_thread_blocked, id=4408, stack(0x00000029a5e00000,0x00000029a5f00000)]
  0x0000012e5df38800 JavaThread "Daemon worker Thread 26" [_thread_blocked, id=4836, stack(0x00000029a7a00000,0x00000029a7b00000)]
  0x0000012e5df37800 JavaThread "Handler for socket connection from /127.0.0.1:65069 to /127.0.0.1:51290" [_thread_in_native, id=8116, stack(0x00000029a5f00000,0x00000029a6000000)]
  0x0000012e5df36800 JavaThread "Cancel handler" [_thread_blocked, id=1864, stack(0x00000029a6000000,0x00000029a6100000)]
  0x0000012e5df32800 JavaThread "Asynchronous log dispatcher for DefaultDaemonConnection: socket connection from /127.0.0.1:65069 to /127.0.0.1:51290" [_thread_blocked, id=7916, stack(0x00000029a7b00000,0x00000029a7c00000)]
  0x0000012e5df35000 JavaThread "Stdin handler" [_thread_blocked, id=12548, stack(0x00000029a7c00000,0x00000029a7d00000)]
  0x0000012e5df36000 JavaThread "Daemon client event forwarder" [_thread_blocked, id=11296, stack(0x00000029a7d00000,0x00000029a7e00000)]
  0x0000012e5df33800 JavaThread "Cache worker for file hash cache (D:\My Project\Sms Helper\.gradle\7.0.2\fileHashes)" [_thread_blocked, id=10636, stack(0x00000029a7e00000,0x00000029a7f00000)]
  0x0000012e5df3b800 JavaThread "Cache worker for checksums cache (D:\My Project\Sms Helper\.gradle\checksums)" [_thread_blocked, id=11968, stack(0x00000029a7f00000,0x00000029a8000000)]
  0x0000012e5df3e000 JavaThread "Cache worker for cache directory md-supplier (C:\Users\Ollashukur\.gradle\caches\7.0.2\md-supplier)" [_thread_blocked, id=5868, stack(0x00000029a8000000,0x00000029a8100000)]
  0x0000012e5df3b000 JavaThread "Cache worker for cache directory md-rule (C:\Users\Ollashukur\.gradle\caches\7.0.2\md-rule)" [_thread_blocked, id=9896, stack(0x00000029a8800000,0x00000029a8900000)]
  0x0000012e5df3f000 JavaThread "Cache worker for dependencies-accessors (D:\My Project\Sms Helper\.gradle\7.0.2\dependencies-accessors)" [_thread_blocked, id=8936, stack(0x00000029a8b00000,0x00000029a8c00000)]
  0x0000012e5df39000 JavaThread "Cache worker for Build Output Cleanup Cache (D:\My Project\Sms Helper\.gradle\buildOutputCleanup)" [_thread_blocked, id=6980, stack(0x00000029a8c00000,0x00000029a8d00000)]
  0x0000012e5df3f800 JavaThread "Build operations" [_thread_blocked, id=5672, stack(0x00000029a8f00000,0x00000029a9000000)]
  0x0000012e5df3a000 JavaThread "Build operations Thread 2" [_thread_blocked, id=11208, stack(0x00000029a9300000,0x00000029a9400000)]
  0x0000012e5df41800 JavaThread "Build operations Thread 3" [_thread_blocked, id=7256, stack(0x00000029a9500000,0x00000029a9600000)]
  0x0000012e5df40800 JavaThread "Build operations Thread 4" [_thread_blocked, id=11028, stack(0x00000029a9600000,0x00000029a9700000)]
  0x0000012e57ced800 JavaThread "Build operations Thread 5" [_thread_blocked, id=13500, stack(0x00000029a9700000,0x00000029a9800000)]
  0x0000012e57cec800 JavaThread "Build operations Thread 6" [_thread_blocked, id=11472, stack(0x00000029a9800000,0x00000029a9900000)]
  0x0000012e57cec000 JavaThread "Build operations Thread 7" [_thread_blocked, id=12876, stack(0x00000029a9900000,0x00000029a9a00000)]
  0x0000012e57cee800 JavaThread "Build operations Thread 8" [_thread_blocked, id=2016, stack(0x00000029a9a00000,0x00000029a9b00000)]
  0x0000012e57ceb000 JavaThread "build event listener" [_thread_blocked, id=6764, stack(0x00000029a9d00000,0x00000029a9e00000)]
  0x0000012e57ce9800 JavaThread "build event listener" [_thread_blocked, id=10424, stack(0x00000029aa400000,0x00000029aa500000)]
  0x0000012e57cf3000 JavaThread "Execution worker for ':'" [_thread_blocked, id=11660, stack(0x00000029aa500000,0x00000029aa600000)]
  0x0000012e57cf0800 JavaThread "Execution worker for ':' Thread 2" [_thread_blocked, id=9472, stack(0x00000029aa600000,0x00000029aa700000)]
  0x0000012e57cf5800 JavaThread "Execution worker for ':' Thread 3" [_thread_blocked, id=12464, stack(0x00000029aa700000,0x00000029aa800000)]
  0x0000012e57cf2800 JavaThread "Execution worker for ':' Thread 4" [_thread_blocked, id=8676, stack(0x00000029aa800000,0x00000029aa900000)]
  0x0000012e57cf0000 JavaThread "Execution worker for ':' Thread 5" [_thread_blocked, id=2052, stack(0x00000029aa900000,0x00000029aaa00000)]
  0x0000012e57cf6800 JavaThread "Execution worker for ':' Thread 6" [_thread_blocked, id=1768, stack(0x00000029aaa00000,0x00000029aab00000)]
  0x0000012e57cf7800 JavaThread "Execution worker for ':' Thread 7" [_thread_blocked, id=6228, stack(0x00000029aab00000,0x00000029aac00000)]
  0x0000012e57cf4000 JavaThread "Cache worker for execution history cache (D:\My Project\Sms Helper\.gradle\7.0.2\executionHistory)" [_thread_blocked, id=12668, stack(0x00000029aac00000,0x00000029aad00000)]
  0x0000012e57cf1800 JavaThread "WorkerExecutor Queue" [_thread_blocked, id=332, stack(0x00000029aad00000,0x00000029aae00000)]
  0x0000012e57cf8000 JavaThread "WorkerExecutor Queue Thread 2" [_thread_blocked, id=12244, stack(0x00000029aaf00000,0x00000029ab000000)]
  0x0000012e5bed7800 JavaThread "WorkerExecutor Queue Thread 3" [_thread_blocked, id=3016, stack(0x00000029ab200000,0x00000029ab300000)]
  0x0000012e5bed6800 JavaThread "WorkerExecutor Queue Thread 4" [_thread_blocked, id=7652, stack(0x00000029ab300000,0x00000029ab400000)]
  0x0000012e5bed8800 JavaThread "WorkerExecutor Queue Thread 5" [_thread_blocked, id=7684, stack(0x00000029ab400000,0x00000029ab500000)]
  0x0000012e5bed5000 JavaThread "WorkerExecutor Queue Thread 6" [_thread_blocked, id=13076, stack(0x00000029ab500000,0x00000029ab600000)]
  0x0000012e5bed2800 JavaThread "WorkerExecutor Queue Thread 7" [_thread_blocked, id=13828, stack(0x00000029ab600000,0x00000029ab700000)]
  0x0000012e5bed3800 JavaThread "WorkerExecutor Queue Thread 8" [_thread_blocked, id=5996, stack(0x00000029ab700000,0x00000029ab800000)]
  0x0000012e5bedb800 JavaThread "pool-73-thread-1" [_thread_blocked, id=5988, stack(0x00000029ab800000,0x00000029ab900000)]
  0x0000012e5bed6000 JavaThread "stderr" [_thread_in_native, id=6436, stack(0x00000029ab900000,0x00000029aba00000)]
  0x0000012e5bedd000 JavaThread "stdout" [_thread_in_native, id=2736, stack(0x00000029aba00000,0x00000029abb00000)]
  0x0000012e5bee1800 JavaThread "RMI TCP Connection(89)-127.0.0.1" daemon [_thread_in_native, id=7324, stack(0x00000029abc00000,0x00000029abd00000)]
  0x0000012e5a5b7000 JavaThread "RMI TCP Connection(87)-127.0.0.1" daemon [_thread_in_native, id=4420, stack(0x00000029abd00000,0x00000029abe00000)]
  0x0000012e5a5ba000 JavaThread "RMI TCP Connection(88)-127.0.0.1" daemon [_thread_in_native, id=964, stack(0x00000029abe00000,0x00000029abf00000)]
  0x0000012e5a5b2000 JavaThread "C2 CompilerThread1" daemon [_thread_blocked, id=8724, stack(0x00000029a9b00000,0x00000029a9c00000)]
  0x0000012e5a5b8800 JavaThread "C2 CompilerThread2" daemon [_thread_blocked, id=4248, stack(0x00000029a9c00000,0x00000029a9d00000)]
  0x0000012e5a5bb000 JavaThread "Cache worker for Java compile cache (D:\My Project\Sms Helper\.gradle\7.0.2\javaCompile)" [_thread_blocked, id=11204, stack(0x00000029abf00000,0x00000029ac000000)]
  0x0000012e5a5bf000 JavaThread "WorkerExecutor Queue Thread 9" [_thread_blocked, id=9840, stack(0x00000029abb00000,0x00000029abc00000)]

Other Threads:
  0x0000012e56a1c800 VMThread "VM Thread" [stack: 0x00000029a6700000,0x00000029a6800000] [id=2280]
  0x0000012e56c5c000 WatcherThread [stack: 0x00000029a7100000,0x00000029a7200000] [id=12272]
  0x0000012e3bd34800 GCTaskThread "GC Thread#0" [stack: 0x00000029a6200000,0x00000029a6300000] [id=2112]
=>0x0000012e573d0000 GCTaskThread "GC Thread#1" [stack: 0x00000029a7400000,0x00000029a7500000] [id=784]
  0x0000012e57bf6000 GCTaskThread "GC Thread#2" [stack: 0x00000029a7500000,0x00000029a7600000] [id=6772]
  0x0000012e57bf5800 GCTaskThread "GC Thread#3" [stack: 0x00000029a7600000,0x00000029a7700000] [id=3556]
  0x0000012e57bf0000 GCTaskThread "GC Thread#4" [stack: 0x00000029a7700000,0x00000029a7800000] [id=4232]
  0x0000012e57bf7800 GCTaskThread "GC Thread#5" [stack: 0x00000029a7800000,0x00000029a7900000] [id=8276]
  0x0000012e57bf6800 GCTaskThread "GC Thread#6" [stack: 0x00000029a8300000,0x00000029a8400000] [id=11164]
  0x0000012e57bf1000 GCTaskThread "GC Thread#7" [stack: 0x00000029a8400000,0x00000029a8500000] [id=12616]
  0x0000012e3bd69000 ConcurrentGCThread "G1 Main Marker" [stack: 0x00000029a6300000,0x00000029a6400000] [id=5372]
  0x0000012e3bd6a800 ConcurrentGCThread "G1 Conc#0" [stack: 0x00000029a6400000,0x00000029a6500000] [id=10712]
  0x0000012e57bf1800 ConcurrentGCThread "G1 Conc#1" [stack: 0x00000029a8500000,0x00000029a8600000] [id=1956]
  0x0000012e3bdfe800 ConcurrentGCThread "G1 Refine#0" [stack: 0x00000029a6500000,0x00000029a6600000] [id=8500]
  0x0000012e5606b000 ConcurrentGCThread "G1 Young RemSet Sampling" [stack: 0x00000029a6600000,0x00000029a6700000] [id=1068]

Threads with active compile tasks:
C2 CompilerThread07811321 36208       4       com.android.tools.r8.internal.U6::b (415 bytes)
C1 CompilerThread07811321 36273       2       com.android.tools.r8.internal.C1::<init> (81 bytes)
C2 CompilerThread17811321 36168       4       com.android.tools.r8.graph.T::a (93 bytes)
C2 CompilerThread27811321 35957       4       com.sun.tools.javac.comp.Attr::visitSelect (1277 bytes)

VM state:at safepoint (normal execution)

VM Mutex/Monitor currently owned by a thread:  ([mutex/lock_event])
[0x0000012e3bd18590] Threads_lock - owner thread: 0x0000012e56a1c800
[0x0000012e3bd19b80] Heap_lock - owner thread: 0x0000012e3bd69000

Heap address: 0x0000000080000000, size: 2048 MB, Compressed Oops mode: 32-bit
Narrow klass base: 0x0000000000000000, Narrow klass shift: 3
Compressed class space size: 1073741824 Address: 0x0000000100000000

Heap:
 garbage-first heap   total 313344K, used 179354K [0x0000000080000000, 0x0000000100000000)
  region size 1024K, 50 young (51200K), 7 survivors (7168K)
 Metaspace       used 165847K, capacity 171505K, committed 171596K, reserved 1200128K
  class space    used 19820K, capacity 21787K, committed 21836K, reserved 1048576K
Heap Regions: E=young(eden), S=young(survivor), O=old, HS=humongous(starts), HC=humongous(continues), CS=collection set, F=free, A=archive, TAMS=top-at-mark-start (previous, next)
|   0|0x0000000080000000, 0x0000000080100000, 0x0000000080100000|100%| O|  |TAMS 0x0000000080100000, 0x0000000080100000| Untracked 
|   1|0x0000000080100000, 0x0000000080200000, 0x0000000080200000|100%| O|  |TAMS 0x0000000080200000, 0x0000000080200000| Untracked 
|   2|0x0000000080200000, 0x0000000080300000, 0x0000000080300000|100%| O|  |TAMS 0x0000000080300000, 0x0000000080300000| Untracked 
|   3|0x0000000080300000, 0x0000000080400000, 0x0000000080400000|100%|HS|  |TAMS 0x0000000080400000, 0x0000000080400000| Complete 
|   4|0x0000000080400000, 0x0000000080500000, 0x0000000080500000|100%|HC|  |TAMS 0x0000000080500000, 0x0000000080500000| Complete 
|   5|0x0000000080500000, 0x0000000080600000, 0x0000000080600000|100%|HC|  |TAMS 0x0000000080600000, 0x0000000080600000| Complete 
|   6|0x0000000080600000, 0x0000000080700000, 0x0000000080700000|100%| O|  |TAMS 0x0000000080700000, 0x0000000080700000| Untracked 
|   7|0x0000000080700000, 0x0000000080800000, 0x0000000080800000|100%| O|  |TAMS 0x0000000080800000, 0x0000000080800000| Untracked 
|   8|0x0000000080800000, 0x0000000080900000, 0x0000000080900000|100%| O|  |TAMS 0x0000000080900000, 0x0000000080900000| Untracked 
|   9|0x0000000080900000, 0x0000000080a00000, 0x0000000080a00000|100%| O|  |TAMS 0x0000000080a00000, 0x0000000080a00000| Untracked 
|  10|0x0000000080a00000, 0x0000000080b00000, 0x0000000080b00000|100%| O|  |TAMS 0x0000000080b00000, 0x0000000080b00000| Untracked 
|  11|0x0000000080b00000, 0x0000000080c00000, 0x0000000080c00000|100%| O|  |TAMS 0x0000000080c00000, 0x0000000080c00000| Untracked 
|  12|0x0000000080c00000, 0x0000000080d00000, 0x0000000080d00000|100%| O|  |TAMS 0x0000000080d00000, 0x0000000080d00000| Untracked 
|  13|0x0000000080d00000, 0x0000000080e00000, 0x0000000080e00000|100%| O|  |TAMS 0x0000000080e00000, 0x0000000080e00000| Untracked 
|  14|0x0000000080e00000, 0x0000000080f00000, 0x0000000080f00000|100%| O|  |TAMS 0x0000000080f00000, 0x0000000080f00000| Untracked 
|  15|0x0000000080f00000, 0x0000000081000000, 0x0000000081000000|100%| O|  |TAMS 0x0000000081000000, 0x0000000081000000| Untracked 
|  16|0x0000000081000000, 0x0000000081100000, 0x0000000081100000|100%| O|  |TAMS 0x0000000081100000, 0x0000000081100000| Untracked 
|  17|0x0000000081100000, 0x0000000081200000, 0x0000000081200000|100%|HS|  |TAMS 0x0000000081200000, 0x0000000081200000| Complete 
|  18|0x0000000081200000, 0x0000000081300000, 0x0000000081300000|100%|HS|  |TAMS 0x0000000081300000, 0x0000000081300000| Complete 
|  19|0x0000000081300000, 0x0000000081400000, 0x0000000081400000|100%|HS|  |TAMS 0x0000000081400000, 0x0000000081400000| Complete 
|  20|0x0000000081400000, 0x0000000081500000, 0x0000000081500000|100%|HS|  |TAMS 0x0000000081500000, 0x0000000081500000| Complete 
|  21|0x0000000081500000, 0x0000000081600000, 0x0000000081600000|100%|HC|  |TAMS 0x0000000081600000, 0x0000000081600000| Complete 
|  22|0x0000000081600000, 0x0000000081700000, 0x0000000081700000|100%|HC|  |TAMS 0x0000000081700000, 0x0000000081700000| Complete 
|  23|0x0000000081700000, 0x0000000081800000, 0x0000000081800000|100%|HS|  |TAMS 0x0000000081800000, 0x0000000081800000| Complete 
|  24|0x0000000081800000, 0x0000000081900000, 0x0000000081900000|100%|HC|  |TAMS 0x0000000081900000, 0x0000000081900000| Complete 
|  25|0x0000000081900000, 0x0000000081a00000, 0x0000000081a00000|100%| O|  |TAMS 0x0000000081a00000, 0x0000000081a00000| Untracked 
|  26|0x0000000081a00000, 0x0000000081b00000, 0x0000000081b00000|100%| O|  |TAMS 0x0000000081b00000, 0x0000000081b00000| Untracked 
|  27|0x0000000081b00000, 0x0000000081c00000, 0x0000000081c00000|100%| O|  |TAMS 0x0000000081c00000, 0x0000000081c00000| Untracked 
|  28|0x0000000081c00000, 0x0000000081d00000, 0x0000000081d00000|100%| O|  |TAMS 0x0000000081d00000, 0x0000000081d00000| Untracked 
|  29|0x0000000081d00000, 0x0000000081e00000, 0x0000000081e00000|100%| O|  |TAMS 0x0000000081e00000, 0x0000000081e00000| Untracked 
|  30|0x0000000081e00000, 0x0000000081f00000, 0x0000000081f00000|100%| O|  |TAMS 0x0000000081f00000, 0x0000000081f00000| Untracked 
|  31|0x0000000081f00000, 0x0000000082000000, 0x0000000082000000|100%|HS|  |TAMS 0x0000000082000000, 0x0000000082000000| Complete 
|  32|0x0000000082000000, 0x0000000082100000, 0x0000000082100000|100%| O|  |TAMS 0x0000000082100000, 0x0000000082100000| Untracked 
|  33|0x0000000082100000, 0x0000000082200000, 0x0000000082200000|100%| O|  |TAMS 0x0000000082200000, 0x0000000082200000| Untracked 
|  34|0x0000000082200000, 0x0000000082300000, 0x0000000082300000|100%| O|  |TAMS 0x0000000082300000, 0x0000000082300000| Untracked 
|  35|0x0000000082300000, 0x0000000082400000, 0x0000000082400000|100%| O|  |TAMS 0x0000000082400000, 0x0000000082400000| Untracked 
|  36|0x0000000082400000, 0x0000000082500000, 0x0000000082500000|100%| O|  |TAMS 0x0000000082500000, 0x0000000082500000| Untracked 
|  37|0x0000000082500000, 0x0000000082600000, 0x0000000082600000|100%| O|  |TAMS 0x0000000082600000, 0x0000000082600000| Untracked 
|  38|0x0000000082600000, 0x0000000082700000, 0x0000000082700000|100%| O|  |TAMS 0x0000000082700000, 0x0000000082700000| Untracked 
|  39|0x0000000082700000, 0x0000000082800000, 0x0000000082800000|100%| O|  |TAMS 0x0000000082800000, 0x0000000082800000| Untracked 
|  40|0x0000000082800000, 0x0000000082900000, 0x0000000082900000|100%| O|  |TAMS 0x0000000082900000, 0x0000000082900000| Untracked 
|  41|0x0000000082900000, 0x0000000082a00000, 0x0000000082a00000|100%| O|  |TAMS 0x0000000082a00000, 0x0000000082a00000| Untracked 
|  42|0x0000000082a00000, 0x0000000082b00000, 0x0000000082b00000|100%| O|  |TAMS 0x0000000082b00000, 0x0000000082b00000| Untracked 
|  43|0x0000000082b00000, 0x0000000082c00000, 0x0000000082c00000|100%| O|  |TAMS 0x0000000082b00000, 0x0000000082c00000| Untracked 
|  44|0x0000000082c00000, 0x0000000082d00000, 0x0000000082d00000|100%| O|  |TAMS 0x0000000082d00000, 0x0000000082d00000| Untracked 
|  45|0x0000000082d00000, 0x0000000082e00000, 0x0000000082e00000|100%| O|  |TAMS 0x0000000082e00000, 0x0000000082e00000| Untracked 
|  46|0x0000000082e00000, 0x0000000082e00000, 0x0000000082f00000|  0%| F|  |TAMS 0x0000000082e00000, 0x0000000082e00000| Untracked 
|  47|0x0000000082f00000, 0x0000000083000000, 0x0000000083000000|100%| O|  |TAMS 0x0000000083000000, 0x0000000083000000| Untracked 
|  48|0x0000000083000000, 0x0000000083100000, 0x0000000083100000|100%| O|  |TAMS 0x0000000083100000, 0x0000000083100000| Untracked 
|  49|0x0000000083100000, 0x0000000083200000, 0x0000000083200000|100%| O|  |TAMS 0x0000000083200000, 0x0000000083200000| Untracked 
|  50|0x0000000083200000, 0x0000000083300000, 0x0000000083300000|100%| O|  |TAMS 0x0000000083300000, 0x0000000083300000| Untracked 
|  51|0x0000000083300000, 0x0000000083400000, 0x0000000083400000|100%| O|  |TAMS 0x0000000083400000, 0x0000000083400000| Untracked 
|  52|0x0000000083400000, 0x0000000083500000, 0x0000000083500000|100%| O|  |TAMS 0x0000000083500000, 0x0000000083500000| Untracked 
|  53|0x0000000083500000, 0x0000000083600000, 0x0000000083600000|100%|HS|  |TAMS 0x0000000083500000, 0x0000000083500000| Complete 
|  54|0x0000000083600000, 0x0000000083700000, 0x0000000083700000|100%|HC|  |TAMS 0x0000000083600000, 0x0000000083600000| Complete 
|  55|0x0000000083700000, 0x0000000083800000, 0x0000000083800000|100%| O|  |TAMS 0x0000000083800000, 0x0000000083800000| Untracked 
|  56|0x0000000083800000, 0x0000000083900000, 0x0000000083900000|100%| O|  |TAMS 0x0000000083900000, 0x0000000083900000| Untracked 
|  57|0x0000000083900000, 0x0000000083a00000, 0x0000000083a00000|100%| O|  |TAMS 0x0000000083900000, 0x0000000083a00000| Untracked 
|  58|0x0000000083a00000, 0x0000000083b00000, 0x0000000083b00000|100%| O|  |TAMS 0x0000000083a00000, 0x0000000083b00000| Untracked 
|  59|0x0000000083b00000, 0x0000000083c00000, 0x0000000083c00000|100%| O|  |TAMS 0x0000000083c00000, 0x0000000083c00000| Untracked 
|  60|0x0000000083c00000, 0x0000000083d00000, 0x0000000083d00000|100%| O|  |TAMS 0x0000000083d00000, 0x0000000083d00000| Untracked 
|  61|0x0000000083d00000, 0x0000000083e00000, 0x0000000083e00000|100%| O|  |TAMS 0x0000000083e00000, 0x0000000083e00000| Untracked 
|  62|0x0000000083e00000, 0x0000000083f00000, 0x0000000083f00000|100%| O|  |TAMS 0x0000000083e00000, 0x0000000083f00000| Untracked 
|  63|0x0000000083f00000, 0x0000000084000000, 0x0000000084000000|100%| O|  |TAMS 0x0000000084000000, 0x0000000084000000| Untracked 
|  64|0x0000000084000000, 0x0000000084100000, 0x0000000084100000|100%| O|  |TAMS 0x0000000084100000, 0x0000000084100000| Untracked 
|  65|0x0000000084100000, 0x0000000084200000, 0x0000000084200000|100%| O|  |TAMS 0x0000000084100000, 0x0000000084200000| Untracked 
|  66|0x0000000084200000, 0x0000000084300000, 0x0000000084300000|100%| O|  |TAMS 0x0000000084200000, 0x0000000084300000| Untracked 
|  67|0x0000000084300000, 0x0000000084400000, 0x0000000084400000|100%| O|  |TAMS 0x0000000084400000, 0x0000000084400000| Untracked 
|  68|0x0000000084400000, 0x0000000084500000, 0x0000000084500000|100%| O|  |TAMS 0x0000000084500000, 0x0000000084500000| Untracked 
|  69|0x0000000084500000, 0x0000000084600000, 0x0000000084600000|100%| O|  |TAMS 0x0000000084600000, 0x0000000084600000| Untracked 
|  70|0x0000000084600000, 0x0000000084700000, 0x0000000084700000|100%| O|  |TAMS 0x0000000084600000, 0x0000000084700000| Untracked 
|  71|0x0000000084700000, 0x0000000084800000, 0x0000000084800000|100%| O|  |TAMS 0x0000000084700000, 0x0000000084800000| Untracked 
|  72|0x0000000084800000, 0x0000000084900000, 0x0000000084900000|100%| O|  |TAMS 0x0000000084900000, 0x0000000084900000| Untracked 
|  73|0x0000000084900000, 0x0000000084a00000, 0x0000000084a00000|100%| O|  |TAMS 0x0000000084a00000, 0x0000000084a00000| Untracked 
|  74|0x0000000084a00000, 0x0000000084b00000, 0x0000000084b00000|100%| O|  |TAMS 0x0000000084b00000, 0x0000000084b00000| Untracked 
|  75|0x0000000084b00000, 0x0000000084c00000, 0x0000000084c00000|100%| O|  |TAMS 0x0000000084c00000, 0x0000000084c00000| Untracked 
|  76|0x0000000084c00000, 0x0000000084d00000, 0x0000000084d00000|100%| O|  |TAMS 0x0000000084d00000, 0x0000000084d00000| Untracked 
|  77|0x0000000084d00000, 0x0000000084e00000, 0x0000000084e00000|100%| O|  |TAMS 0x0000000084e00000, 0x0000000084e00000| Untracked 
|  78|0x0000000084e00000, 0x0000000084f00000, 0x0000000084f00000|100%| O|  |TAMS 0x0000000084f00000, 0x0000000084f00000| Untracked 
|  79|0x0000000084f00000, 0x0000000085000000, 0x0000000085000000|100%| O|  |TAMS 0x0000000085000000, 0x0000000085000000| Untracked 
|  80|0x0000000085000000, 0x0000000085100000, 0x0000000085100000|100%| O|  |TAMS 0x0000000085000000, 0x0000000085100000| Untracked 
|  81|0x0000000085100000, 0x0000000085200000, 0x0000000085200000|100%| O|  |TAMS 0x0000000085200000, 0x0000000085200000| Untracked 
|  82|0x0000000085200000, 0x0000000085300000, 0x0000000085300000|100%| O|  |TAMS 0x0000000085300000, 0x0000000085300000| Untracked 
|  83|0x0000000085300000, 0x0000000085400000, 0x0000000085400000|100%| O|  |TAMS 0x0000000085400000, 0x0000000085400000| Untracked 
|  84|0x0000000085400000, 0x0000000085500000, 0x0000000085500000|100%| O|  |TAMS 0x0000000085500000, 0x0000000085500000| Untracked 
|  85|0x0000000085500000, 0x0000000085600000, 0x0000000085600000|100%| O|  |TAMS 0x0000000085600000, 0x0000000085600000| Untracked 
|  86|0x0000000085600000, 0x0000000085700000, 0x0000000085700000|100%|HS|  |TAMS 0x0000000085600000, 0x0000000085700000| Complete 
|  87|0x0000000085700000, 0x0000000085800000, 0x0000000085800000|100%|HC|  |TAMS 0x0000000085700000, 0x0000000085800000| Complete 
|  88|0x0000000085800000, 0x0000000085900000, 0x0000000085900000|100%|HS|  |TAMS 0x0000000085900000, 0x0000000085900000| Complete 
|  89|0x0000000085900000, 0x0000000085a00000, 0x0000000085a00000|100%|HC|  |TAMS 0x0000000085a00000, 0x0000000085a00000| Complete 
|  90|0x0000000085a00000, 0x0000000085b00000, 0x0000000085b00000|100%|HC|  |TAMS 0x0000000085b00000, 0x0000000085b00000| Complete 
|  91|0x0000000085b00000, 0x0000000085c00000, 0x0000000085c00000|100%| O|  |TAMS 0x0000000085c00000, 0x0000000085c00000| Untracked 
|  92|0x0000000085c00000, 0x0000000085c00000, 0x0000000085d00000|  0%| F|  |TAMS 0x0000000085c00000, 0x0000000085c00000| Untracked 
|  93|0x0000000085d00000, 0x0000000085e00000, 0x0000000085e00000|100%| O|  |TAMS 0x0000000085e00000, 0x0000000085e00000| Untracked 
|  94|0x0000000085e00000, 0x0000000085e00000, 0x0000000085f00000|  0%| F|  |TAMS 0x0000000085e00000, 0x0000000085e00000| Untracked 
|  95|0x0000000085f00000, 0x0000000086000000, 0x0000000086000000|100%| O|  |TAMS 0x0000000086000000, 0x0000000086000000| Untracked 
|  96|0x0000000086000000, 0x0000000086100000, 0x0000000086100000|100%| O|  |TAMS 0x0000000086100000, 0x0000000086100000| Untracked 
|  97|0x0000000086100000, 0x0000000086200000, 0x0000000086200000|100%| O|  |TAMS 0x0000000086100000, 0x0000000086200000| Untracked 
|  98|0x0000000086200000, 0x0000000086300000, 0x0000000086300000|100%| O|  |TAMS 0x0000000086200000, 0x0000000086300000| Untracked 
|  99|0x0000000086300000, 0x0000000086400000, 0x0000000086400000|100%| O|  |TAMS 0x0000000086300000, 0x0000000086400000| Untracked 
| 100|0x0000000086400000, 0x0000000086400000, 0x0000000086500000|  0%| F|  |TAMS 0x0000000086400000, 0x0000000086400000| Untracked 
| 101|0x0000000086500000, 0x0000000086600000, 0x0000000086600000|100%| O|  |TAMS 0x0000000086600000, 0x0000000086600000| Untracked 
| 102|0x0000000086600000, 0x0000000086700000, 0x0000000086700000|100%| O|  |TAMS 0x0000000086700000, 0x0000000086700000| Untracked 
| 103|0x0000000086700000, 0x0000000086800000, 0x0000000086800000|100%| O|  |TAMS 0x0000000086800000, 0x0000000086800000| Untracked 
| 104|0x0000000086800000, 0x0000000086900000, 0x0000000086900000|100%| O|  |TAMS 0x0000000086900000, 0x0000000086900000| Untracked 
| 105|0x0000000086900000, 0x0000000086a00000, 0x0000000086a00000|100%| O|  |TAMS 0x0000000086900000, 0x0000000086a00000| Untracked 
| 106|0x0000000086a00000, 0x0000000086b00000, 0x0000000086b00000|100%| O|  |TAMS 0x0000000086b00000, 0x0000000086b00000| Untracked 
| 107|0x0000000086b00000, 0x0000000086c00000, 0x0000000086c00000|100%| O|  |TAMS 0x0000000086c00000, 0x0000000086c00000| Untracked 
| 108|0x0000000086c00000, 0x0000000086d00000, 0x0000000086d00000|100%| O|  |TAMS 0x0000000086d00000, 0x0000000086d00000| Untracked 
| 109|0x0000000086d00000, 0x0000000086e00000, 0x0000000086e00000|100%| O|  |TAMS 0x0000000086e00000, 0x0000000086e00000| Untracked 
| 110|0x0000000086e00000, 0x0000000086e00000, 0x0000000086f00000|  0%| F|  |TAMS 0x0000000086e00000, 0x0000000086e00000| Untracked 
| 111|0x0000000086f00000, 0x0000000086f57000, 0x0000000087000000| 33%| O|  |TAMS 0x0000000086f00000, 0x0000000086f57000| Untracked 
| 112|0x0000000087000000, 0x0000000087100000, 0x0000000087100000|100%| O|  |TAMS 0x0000000087100000, 0x0000000087100000| Untracked 
| 113|0x0000000087100000, 0x0000000087200000, 0x0000000087200000|100%| O|  |TAMS 0x0000000087200000, 0x0000000087200000| Untracked 
| 114|0x0000000087200000, 0x0000000087300000, 0x0000000087300000|100%| O|  |TAMS 0x0000000087300000, 0x0000000087300000| Untracked 
| 115|0x0000000087300000, 0x0000000087400000, 0x0000000087400000|100%| O|  |TAMS 0x0000000087400000, 0x0000000087400000| Untracked 
| 116|0x0000000087400000, 0x0000000087500000, 0x0000000087500000|100%|HS|  |TAMS 0x0000000087400000, 0x0000000087400000| Complete 
| 117|0x0000000087500000, 0x0000000087600000, 0x0000000087600000|100%|HC|  |TAMS 0x0000000087500000, 0x0000000087500000| Complete 
| 118|0x0000000087600000, 0x0000000087700000, 0x0000000087700000|100%| O|  |TAMS 0x0000000087700000, 0x0000000087700000| Untracked 
| 119|0x0000000087700000, 0x0000000087700000, 0x0000000087800000|  0%| F|  |TAMS 0x0000000087700000, 0x0000000087700000| Untracked 
| 120|0x0000000087800000, 0x0000000087800000, 0x0000000087900000|  0%| F|  |TAMS 0x0000000087800000, 0x0000000087800000| Untracked 
| 121|0x0000000087900000, 0x0000000087900000, 0x0000000087a00000|  0%| F|  |TAMS 0x0000000087900000, 0x0000000087900000| Untracked 
| 122|0x0000000087a00000, 0x0000000087a00000, 0x0000000087b00000|  0%| F|  |TAMS 0x0000000087a00000, 0x0000000087a00000| Untracked 
| 123|0x0000000087b00000, 0x0000000087c00000, 0x0000000087c00000|100%| O|  |TAMS 0x0000000087c00000, 0x0000000087c00000| Untracked 
| 124|0x0000000087c00000, 0x0000000087d00000, 0x0000000087d00000|100%| O|  |TAMS 0x0000000087d00000, 0x0000000087d00000| Untracked 
| 125|0x0000000087d00000, 0x0000000087d00000, 0x0000000087e00000|  0%| F|  |TAMS 0x0000000087d00000, 0x0000000087d00000| Untracked 
| 126|0x0000000087e00000, 0x0000000087e00000, 0x0000000087f00000|  0%| F|  |TAMS 0x0000000087e00000, 0x0000000087e00000| Untracked 
| 127|0x0000000087f00000, 0x0000000088000000, 0x0000000088000000|100%| O|  |TAMS 0x0000000088000000, 0x0000000088000000| Untracked 
| 128|0x0000000088000000, 0x0000000088100000, 0x0000000088100000|100%| O|  |TAMS 0x0000000088100000, 0x0000000088100000| Untracked 
| 129|0x0000000088100000, 0x0000000088100000, 0x0000000088200000|  0%| F|  |TAMS 0x0000000088100000, 0x0000000088100000| Untracked 
| 130|0x0000000088200000, 0x0000000088300000, 0x0000000088300000|100%| O|  |TAMS 0x0000000088300000, 0x0000000088300000| Untracked 
| 131|0x0000000088300000, 0x0000000088300000, 0x0000000088400000|  0%| F|  |TAMS 0x0000000088300000, 0x0000000088300000| Untracked 
| 132|0x0000000088400000, 0x0000000088400000, 0x0000000088500000|  0%| F|  |TAMS 0x0000000088400000, 0x0000000088400000| Untracked 
| 133|0x0000000088500000, 0x0000000088600000, 0x0000000088600000|100%| O|  |TAMS 0x0000000088600000, 0x0000000088600000| Untracked 
| 134|0x0000000088600000, 0x0000000088600000, 0x0000000088700000|  0%| F|  |TAMS 0x0000000088600000, 0x0000000088600000| Untracked 
| 135|0x0000000088700000, 0x0000000088700000, 0x0000000088800000|  0%| F|  |TAMS 0x0000000088700000, 0x0000000088700000| Untracked 
| 136|0x0000000088800000, 0x0000000088800000, 0x0000000088900000|  0%| F|  |TAMS 0x0000000088800000, 0x0000000088800000| Untracked 
| 137|0x0000000088900000, 0x0000000088900000, 0x0000000088a00000|  0%| F|  |TAMS 0x0000000088900000, 0x0000000088900000| Untracked 
| 138|0x0000000088a00000, 0x0000000088a00000, 0x0000000088b00000|  0%| F|  |TAMS 0x0000000088a00000, 0x0000000088a00000| Untracked 
| 139|0x0000000088b00000, 0x0000000088b00000, 0x0000000088c00000|  0%| F|  |TAMS 0x0000000088b00000, 0x0000000088b00000| Untracked 
| 140|0x0000000088c00000, 0x0000000088d00000, 0x0000000088d00000|100%| O|  |TAMS 0x0000000088d00000, 0x0000000088d00000| Untracked 
| 141|0x0000000088d00000, 0x0000000088e00000, 0x0000000088e00000|100%| O|  |TAMS 0x0000000088e00000, 0x0000000088e00000| Untracked 
| 142|0x0000000088e00000, 0x0000000088f00000, 0x0000000088f00000|100%| O|  |TAMS 0x0000000088f00000, 0x0000000088f00000| Untracked 
| 143|0x0000000088f00000, 0x0000000088f00000, 0x0000000089000000|  0%| F|  |TAMS 0x0000000088f00000, 0x0000000088f00000| Untracked 
| 144|0x0000000089000000, 0x0000000089000000, 0x0000000089100000|  0%| F|  |TAMS 0x0000000089000000, 0x0000000089000000| Untracked 
| 145|0x0000000089100000, 0x0000000089100000, 0x0000000089200000|  0%| F|  |TAMS 0x0000000089100000, 0x0000000089100000| Untracked 
| 146|0x0000000089200000, 0x0000000089300000, 0x0000000089300000|100%| O|  |TAMS 0x0000000089300000, 0x0000000089300000| Untracked 
| 147|0x0000000089300000, 0x0000000089400000, 0x0000000089400000|100%| O|  |TAMS 0x0000000089400000, 0x0000000089400000| Untracked 
| 148|0x0000000089400000, 0x0000000089500000, 0x0000000089500000|100%| O|  |TAMS 0x0000000089500000, 0x0000000089500000| Untracked 
| 149|0x0000000089500000, 0x0000000089600000, 0x0000000089600000|100%| O|  |TAMS 0x0000000089600000, 0x0000000089600000| Untracked 
| 150|0x0000000089600000, 0x0000000089700000, 0x0000000089700000|100%| O|  |TAMS 0x0000000089700000, 0x0000000089700000| Untracked 
| 151|0x0000000089700000, 0x0000000089700000, 0x0000000089800000|  0%| F|  |TAMS 0x0000000089700000, 0x0000000089700000| Untracked 
| 152|0x0000000089800000, 0x0000000089800000, 0x0000000089900000|  0%| F|  |TAMS 0x0000000089800000, 0x0000000089800000| Untracked 
| 153|0x0000000089900000, 0x0000000089900000, 0x0000000089a00000|  0%| F|  |TAMS 0x0000000089900000, 0x0000000089900000| Untracked 
| 154|0x0000000089a00000, 0x0000000089a00000, 0x0000000089b00000|  0%| F|  |TAMS 0x0000000089a00000, 0x0000000089a00000| Untracked 
| 155|0x0000000089b00000, 0x0000000089b00000, 0x0000000089c00000|  0%| F|  |TAMS 0x0000000089b00000, 0x0000000089b00000| Untracked 
| 156|0x0000000089c00000, 0x0000000089c00000, 0x0000000089d00000|  0%| F|  |TAMS 0x0000000089c00000, 0x0000000089c00000| Untracked 
| 157|0x0000000089d00000, 0x0000000089d00000, 0x0000000089e00000|  0%| F|  |TAMS 0x0000000089d00000, 0x0000000089d00000| Untracked 
| 158|0x0000000089e00000, 0x0000000089e00000, 0x0000000089f00000|  0%| F|  |TAMS 0x0000000089e00000, 0x0000000089e00000| Untracked 
| 159|0x0000000089f00000, 0x0000000089f00000, 0x000000008a000000|  0%| F|  |TAMS 0x0000000089f00000, 0x0000000089f00000| Untracked 
| 160|0x000000008a000000, 0x000000008a000000, 0x000000008a100000|  0%| F|  |TAMS 0x000000008a000000, 0x000000008a000000| Untracked 
| 161|0x000000008a100000, 0x000000008a100000, 0x000000008a200000|  0%| F|  |TAMS 0x000000008a100000, 0x000000008a100000| Untracked 
| 162|0x000000008a200000, 0x000000008a200000, 0x000000008a300000|  0%| F|  |TAMS 0x000000008a200000, 0x000000008a200000| Untracked 
| 163|0x000000008a300000, 0x000000008a300000, 0x000000008a400000|  0%| F|  |TAMS 0x000000008a300000, 0x000000008a300000| Untracked 
| 164|0x000000008a400000, 0x000000008a400000, 0x000000008a500000|  0%| F|  |TAMS 0x000000008a400000, 0x000000008a400000| Untracked 
| 165|0x000000008a500000, 0x000000008a500000, 0x000000008a600000|  0%| F|  |TAMS 0x000000008a500000, 0x000000008a500000| Untracked 
| 166|0x000000008a600000, 0x000000008a600000, 0x000000008a700000|  0%| F|  |TAMS 0x000000008a600000, 0x000000008a600000| Untracked 
| 167|0x000000008a700000, 0x000000008a700000, 0x000000008a800000|  0%| F|  |TAMS 0x000000008a700000, 0x000000008a700000| Untracked 
| 168|0x000000008a800000, 0x000000008a800000, 0x000000008a900000|  0%| F|  |TAMS 0x000000008a800000, 0x000000008a800000| Untracked 
| 169|0x000000008a900000, 0x000000008a900000, 0x000000008aa00000|  0%| F|  |TAMS 0x000000008a900000, 0x000000008a900000| Untracked 
| 170|0x000000008aa00000, 0x000000008aa00000, 0x000000008ab00000|  0%| F|  |TAMS 0x000000008aa00000, 0x000000008aa00000| Untracked 
| 171|0x000000008ab00000, 0x000000008ab00000, 0x000000008ac00000|  0%| F|  |TAMS 0x000000008ab00000, 0x000000008ab00000| Untracked 
| 172|0x000000008ac00000, 0x000000008ac00000, 0x000000008ad00000|  0%| F|  |TAMS 0x000000008ac00000, 0x000000008ac00000| Untracked 
| 173|0x000000008ad00000, 0x000000008ad00000, 0x000000008ae00000|  0%| F|  |TAMS 0x000000008ad00000, 0x000000008ad00000| Untracked 
| 174|0x000000008ae00000, 0x000000008ae00000, 0x000000008af00000|  0%| F|  |TAMS 0x000000008ae00000, 0x000000008ae00000| Untracked 
| 175|0x000000008af00000, 0x000000008af00000, 0x000000008b000000|  0%| F|  |TAMS 0x000000008af00000, 0x000000008af00000| Untracked 
| 176|0x000000008b000000, 0x000000008b000000, 0x000000008b100000|  0%| F|  |TAMS 0x000000008b000000, 0x000000008b000000| Untracked 
| 177|0x000000008b100000, 0x000000008b100000, 0x000000008b200000|  0%| F|  |TAMS 0x000000008b100000, 0x000000008b100000| Untracked 
| 178|0x000000008b200000, 0x000000008b200000, 0x000000008b300000|  0%| F|  |TAMS 0x000000008b200000, 0x000000008b200000| Untracked 
| 179|0x000000008b300000, 0x000000008b300000, 0x000000008b400000|  0%| F|  |TAMS 0x000000008b300000, 0x000000008b300000| Untracked 
| 180|0x000000008b400000, 0x000000008b400000, 0x000000008b500000|  0%| F|  |TAMS 0x000000008b400000, 0x000000008b400000| Untracked 
| 181|0x000000008b500000, 0x000000008b500000, 0x000000008b600000|  0%| F|  |TAMS 0x000000008b500000, 0x000000008b500000| Untracked 
| 182|0x000000008b600000, 0x000000008b600000, 0x000000008b700000|  0%| F|  |TAMS 0x000000008b600000, 0x000000008b600000| Untracked 
| 183|0x000000008b700000, 0x000000008b700000, 0x000000008b800000|  0%| F|  |TAMS 0x000000008b700000, 0x000000008b700000| Untracked 
| 184|0x000000008b800000, 0x000000008b800000, 0x000000008b900000|  0%| F|  |TAMS 0x000000008b800000, 0x000000008b800000| Untracked 
| 185|0x000000008b900000, 0x000000008b900000, 0x000000008ba00000|  0%| F|  |TAMS 0x000000008b900000, 0x000000008b900000| Untracked 
| 186|0x000000008ba00000, 0x000000008ba00000, 0x000000008bb00000|  0%| F|  |TAMS 0x000000008ba00000, 0x000000008ba00000| Untracked 
| 187|0x000000008bb00000, 0x000000008bb00000, 0x000000008bc00000|  0%| F|  |TAMS 0x000000008bb00000, 0x000000008bb00000| Untracked 
| 188|0x000000008bc00000, 0x000000008bc00000, 0x000000008bd00000|  0%| F|  |TAMS 0x000000008bc00000, 0x000000008bc00000| Untracked 
| 189|0x000000008bd00000, 0x000000008bd00000, 0x000000008be00000|  0%| F|  |TAMS 0x000000008bd00000, 0x000000008bd00000| Untracked 
| 190|0x000000008be00000, 0x000000008be00000, 0x000000008bf00000|  0%| F|  |TAMS 0x000000008be00000, 0x000000008be00000| Untracked 
| 191|0x000000008bf00000, 0x000000008bf00000, 0x000000008c000000|  0%| F|  |TAMS 0x000000008bf00000, 0x000000008bf00000| Untracked 
| 192|0x000000008c000000, 0x000000008c000000, 0x000000008c100000|  0%| F|  |TAMS 0x000000008c000000, 0x000000008c000000| Untracked 
| 193|0x000000008c100000, 0x000000008c100000, 0x000000008c200000|  0%| F|  |TAMS 0x000000008c100000, 0x000000008c100000| Untracked 
| 194|0x000000008c200000, 0x000000008c200000, 0x000000008c300000|  0%| F|  |TAMS 0x000000008c200000, 0x000000008c200000| Untracked 
| 195|0x000000008c300000, 0x000000008c300000, 0x000000008c400000|  0%| F|  |TAMS 0x000000008c300000, 0x000000008c300000| Untracked 
| 196|0x000000008c400000, 0x000000008c400000, 0x000000008c500000|  0%| F|  |TAMS 0x000000008c400000, 0x000000008c400000| Untracked 
| 197|0x000000008c500000, 0x000000008c500000, 0x000000008c600000|  0%| F|  |TAMS 0x000000008c500000, 0x000000008c500000| Untracked 
| 198|0x000000008c600000, 0x000000008c600000, 0x000000008c700000|  0%| F|  |TAMS 0x000000008c600000, 0x000000008c600000| Untracked 
| 199|0x000000008c700000, 0x000000008c700000, 0x000000008c800000|  0%| F|  |TAMS 0x000000008c700000, 0x000000008c700000| Untracked 
| 200|0x000000008c800000, 0x000000008c800000, 0x000000008c900000|  0%| F|  |TAMS 0x000000008c800000, 0x000000008c800000| Untracked 
| 201|0x000000008c900000, 0x000000008c900000, 0x000000008ca00000|  0%| F|  |TAMS 0x000000008c900000, 0x000000008c900000| Untracked 
| 202|0x000000008ca00000, 0x000000008ca00000, 0x000000008cb00000|  0%| F|  |TAMS 0x000000008ca00000, 0x000000008ca00000| Untracked 
| 203|0x000000008cb00000, 0x000000008cbcf870, 0x000000008cc00000| 81%| S|CS|TAMS 0x000000008cb00000, 0x000000008cb00000| Complete 
| 204|0x000000008cc00000, 0x000000008cd00000, 0x000000008cd00000|100%| S|CS|TAMS 0x000000008cc00000, 0x000000008cc00000| Complete 
| 205|0x000000008cd00000, 0x000000008ce00000, 0x000000008ce00000|100%| S|CS|TAMS 0x000000008cd00000, 0x000000008cd00000| Complete 
| 206|0x000000008ce00000, 0x000000008cf00000, 0x000000008cf00000|100%| S|CS|TAMS 0x000000008ce00000, 0x000000008ce00000| Complete 
| 207|0x000000008cf00000, 0x000000008d000000, 0x000000008d000000|100%| S|CS|TAMS 0x000000008cf00000, 0x000000008cf00000| Complete 
| 208|0x000000008d000000, 0x000000008d100000, 0x000000008d100000|100%| S|CS|TAMS 0x000000008d000000, 0x000000008d000000| Complete 
| 209|0x000000008d100000, 0x000000008d200000, 0x000000008d200000|100%| S|CS|TAMS 0x000000008d100000, 0x000000008d100000| Complete 
| 210|0x000000008d200000, 0x000000008d200000, 0x000000008d300000|  0%| F|  |TAMS 0x000000008d200000, 0x000000008d200000| Untracked 
| 211|0x000000008d300000, 0x000000008d300000, 0x000000008d400000|  0%| F|  |TAMS 0x000000008d300000, 0x000000008d300000| Untracked 
| 212|0x000000008d400000, 0x000000008d400000, 0x000000008d500000|  0%| F|  |TAMS 0x000000008d400000, 0x000000008d400000| Untracked 
| 213|0x000000008d500000, 0x000000008d500000, 0x000000008d600000|  0%| F|  |TAMS 0x000000008d500000, 0x000000008d500000| Untracked 
| 214|0x000000008d600000, 0x000000008d600000, 0x000000008d700000|  0%| F|  |TAMS 0x000000008d600000, 0x000000008d600000| Untracked 
| 215|0x000000008d700000, 0x000000008d700000, 0x000000008d800000|  0%| F|  |TAMS 0x000000008d700000, 0x000000008d700000| Untracked 
| 216|0x000000008d800000, 0x000000008d800000, 0x000000008d900000|  0%| F|  |TAMS 0x000000008d800000, 0x000000008d800000| Untracked 
| 217|0x000000008d900000, 0x000000008d900000, 0x000000008da00000|  0%| F|  |TAMS 0x000000008d900000, 0x000000008d900000| Untracked 
| 218|0x000000008da00000, 0x000000008da00000, 0x000000008db00000|  0%| F|  |TAMS 0x000000008da00000, 0x000000008da00000| Untracked 
| 219|0x000000008db00000, 0x000000008db00000, 0x000000008dc00000|  0%| F|  |TAMS 0x000000008db00000, 0x000000008db00000| Untracked 
| 220|0x000000008dc00000, 0x000000008dc00000, 0x000000008dd00000|  0%| F|  |TAMS 0x000000008dc00000, 0x000000008dc00000| Untracked 
| 221|0x000000008dd00000, 0x000000008dd00000, 0x000000008de00000|  0%| F|  |TAMS 0x000000008dd00000, 0x000000008dd00000| Untracked 
| 222|0x000000008de00000, 0x000000008de00000, 0x000000008df00000|  0%| F|  |TAMS 0x000000008de00000, 0x000000008de00000| Untracked 
| 223|0x000000008df00000, 0x000000008df00000, 0x000000008e000000|  0%| F|  |TAMS 0x000000008df00000, 0x000000008df00000| Untracked 
| 224|0x000000008e000000, 0x000000008e000000, 0x000000008e100000|  0%| F|  |TAMS 0x000000008e000000, 0x000000008e000000| Untracked 
| 225|0x000000008e100000, 0x000000008e100000, 0x000000008e200000|  0%| F|  |TAMS 0x000000008e100000, 0x000000008e100000| Untracked 
| 226|0x000000008e200000, 0x000000008e200000, 0x000000008e300000|  0%| F|  |TAMS 0x000000008e200000, 0x000000008e200000| Untracked 
| 227|0x000000008e300000, 0x000000008e300000, 0x000000008e400000|  0%| F|  |TAMS 0x000000008e300000, 0x000000008e300000| Untracked 
| 228|0x000000008e400000, 0x000000008e400000, 0x000000008e500000|  0%| F|  |TAMS 0x000000008e400000, 0x000000008e400000| Untracked 
| 229|0x000000008e500000, 0x000000008e500000, 0x000000008e600000|  0%| F|  |TAMS 0x000000008e500000, 0x000000008e500000| Untracked 
| 230|0x000000008e600000, 0x000000008e600000, 0x000000008e700000|  0%| F|  |TAMS 0x000000008e600000, 0x000000008e600000| Untracked 
| 231|0x000000008e700000, 0x000000008e700000, 0x000000008e800000|  0%| F|  |TAMS 0x000000008e700000, 0x000000008e700000| Untracked 
| 232|0x000000008e800000, 0x000000008e800000, 0x000000008e900000|  0%| F|  |TAMS 0x000000008e800000, 0x000000008e800000| Untracked 
| 233|0x000000008e900000, 0x000000008e900000, 0x000000008ea00000|  0%| F|  |TAMS 0x000000008e900000, 0x000000008e900000| Untracked 
| 234|0x000000008ea00000, 0x000000008ea00000, 0x000000008eb00000|  0%| F|  |TAMS 0x000000008ea00000, 0x000000008ea00000| Untracked 
| 235|0x000000008eb00000, 0x000000008eb00000, 0x000000008ec00000|  0%| F|  |TAMS 0x000000008eb00000, 0x000000008eb00000| Untracked 
| 236|0x000000008ec00000, 0x000000008ec00000, 0x000000008ed00000|  0%| F|  |TAMS 0x000000008ec00000, 0x000000008ec00000| Untracked 
| 237|0x000000008ed00000, 0x000000008ed00000, 0x000000008ee00000|  0%| F|  |TAMS 0x000000008ed00000, 0x000000008ed00000| Untracked 
| 238|0x000000008ee00000, 0x000000008ee00000, 0x000000008ef00000|  0%| F|  |TAMS 0x000000008ee00000, 0x000000008ee00000| Untracked 
| 239|0x000000008ef00000, 0x000000008ef00000, 0x000000008f000000|  0%| F|  |TAMS 0x000000008ef00000, 0x000000008ef00000| Untracked 
| 240|0x000000008f000000, 0x000000008f000000, 0x000000008f100000|  0%| F|  |TAMS 0x000000008f000000, 0x000000008f000000| Untracked 
| 241|0x000000008f100000, 0x000000008f100000, 0x000000008f200000|  0%| F|  |TAMS 0x000000008f100000, 0x000000008f100000| Untracked 
| 242|0x000000008f200000, 0x000000008f200000, 0x000000008f300000|  0%| F|  |TAMS 0x000000008f200000, 0x000000008f200000| Untracked 
| 243|0x000000008f300000, 0x000000008f300000, 0x000000008f400000|  0%| F|  |TAMS 0x000000008f300000, 0x000000008f300000| Untracked 
| 244|0x000000008f400000, 0x000000008f400000, 0x000000008f500000|  0%| F|  |TAMS 0x000000008f400000, 0x000000008f400000| Untracked 
| 245|0x000000008f500000, 0x000000008f500000, 0x000000008f600000|  0%| F|  |TAMS 0x000000008f500000, 0x000000008f500000| Untracked 
| 246|0x000000008f600000, 0x000000008f600000, 0x000000008f700000|  0%| F|  |TAMS 0x000000008f600000, 0x000000008f600000| Untracked 
| 247|0x000000008f700000, 0x000000008f700000, 0x000000008f800000|  0%| F|  |TAMS 0x000000008f700000, 0x000000008f700000| Untracked 
| 248|0x000000008f800000, 0x000000008f800000, 0x000000008f900000|  0%| F|  |TAMS 0x000000008f800000, 0x000000008f800000| Untracked 
| 249|0x000000008f900000, 0x000000008f900000, 0x000000008fa00000|  0%| F|  |TAMS 0x000000008f900000, 0x000000008f900000| Untracked 
| 250|0x000000008fa00000, 0x000000008fa00000, 0x000000008fb00000|  0%| F|  |TAMS 0x000000008fa00000, 0x000000008fa00000| Untracked 
| 251|0x000000008fb00000, 0x000000008fb00000, 0x000000008fc00000|  0%| F|  |TAMS 0x000000008fb00000, 0x000000008fb00000| Untracked 
| 252|0x000000008fc00000, 0x000000008fc00000, 0x000000008fd00000|  0%| F|  |TAMS 0x000000008fc00000, 0x000000008fc00000| Untracked 
| 253|0x000000008fd00000, 0x000000008fd00000, 0x000000008fe00000|  0%| F|  |TAMS 0x000000008fd00000, 0x000000008fd00000| Untracked 
| 254|0x000000008fe00000, 0x000000008fe00000, 0x000000008ff00000|  0%| F|  |TAMS 0x000000008fe00000, 0x000000008fe00000| Untracked 
| 255|0x000000008ff00000, 0x000000008ff00000, 0x0000000090000000|  0%| F|  |TAMS 0x000000008ff00000, 0x000000008ff00000| Untracked 
| 256|0x0000000090000000, 0x0000000090000000, 0x0000000090100000|  0%| F|  |TAMS 0x0000000090000000, 0x0000000090000000| Untracked 
| 257|0x0000000090100000, 0x0000000090100000, 0x0000000090200000|  0%| F|  |TAMS 0x0000000090100000, 0x0000000090100000| Untracked 
| 258|0x0000000090200000, 0x0000000090200000, 0x0000000090300000|  0%| F|  |TAMS 0x0000000090200000, 0x0000000090200000| Untracked 
| 259|0x0000000090300000, 0x0000000090300000, 0x0000000090400000|  0%| F|  |TAMS 0x0000000090300000, 0x0000000090300000| Untracked 
| 260|0x0000000090400000, 0x0000000090400000, 0x0000000090500000|  0%| F|  |TAMS 0x0000000090400000, 0x0000000090400000| Untracked 
| 261|0x0000000090500000, 0x0000000090500000, 0x0000000090600000|  0%| F|  |TAMS 0x0000000090500000, 0x0000000090500000| Untracked 
| 262|0x0000000090600000, 0x0000000090600000, 0x0000000090700000|  0%| F|  |TAMS 0x0000000090600000, 0x0000000090600000| Untracked 
| 263|0x0000000090700000, 0x000000009073de30, 0x0000000090800000| 24%| E|  |TAMS 0x0000000090700000, 0x0000000090700000| Complete 
| 264|0x0000000090800000, 0x0000000090900000, 0x0000000090900000|100%| E|CS|TAMS 0x0000000090800000, 0x0000000090800000| Complete 
| 265|0x0000000090900000, 0x0000000090a00000, 0x0000000090a00000|100%| E|CS|TAMS 0x0000000090900000, 0x0000000090900000| Complete 
| 266|0x0000000090a00000, 0x0000000090b00000, 0x0000000090b00000|100%| E|CS|TAMS 0x0000000090a00000, 0x0000000090a00000| Complete 
| 267|0x0000000090b00000, 0x0000000090c00000, 0x0000000090c00000|100%| E|CS|TAMS 0x0000000090b00000, 0x0000000090b00000| Complete 
| 268|0x0000000090c00000, 0x0000000090d00000, 0x0000000090d00000|100%| E|CS|TAMS 0x0000000090c00000, 0x0000000090c00000| Complete 
| 269|0x0000000090d00000, 0x0000000090e00000, 0x0000000090e00000|100%| E|CS|TAMS 0x0000000090d00000, 0x0000000090d00000| Complete 
| 270|0x0000000090e00000, 0x0000000090f00000, 0x0000000090f00000|100%| E|CS|TAMS 0x0000000090e00000, 0x0000000090e00000| Complete 
| 271|0x0000000090f00000, 0x0000000091000000, 0x0000000091000000|100%| E|CS|TAMS 0x0000000090f00000, 0x0000000090f00000| Complete 
| 272|0x0000000091000000, 0x0000000091100000, 0x0000000091100000|100%| E|CS|TAMS 0x0000000091000000, 0x0000000091000000| Complete 
| 273|0x0000000091100000, 0x0000000091200000, 0x0000000091200000|100%| E|CS|TAMS 0x0000000091100000, 0x0000000091100000| Complete 
| 274|0x0000000091200000, 0x0000000091300000, 0x0000000091300000|100%| E|CS|TAMS 0x0000000091200000, 0x0000000091200000| Complete 
| 275|0x0000000091300000, 0x0000000091400000, 0x0000000091400000|100%| E|CS|TAMS 0x0000000091300000, 0x0000000091300000| Complete 
| 276|0x0000000091400000, 0x0000000091500000, 0x0000000091500000|100%| E|CS|TAMS 0x0000000091400000, 0x0000000091400000| Complete 
| 277|0x0000000091500000, 0x0000000091600000, 0x0000000091600000|100%| E|CS|TAMS 0x0000000091500000, 0x0000000091500000| Complete 
| 278|0x0000000091600000, 0x0000000091700000, 0x0000000091700000|100%| E|CS|TAMS 0x0000000091600000, 0x0000000091600000| Complete 
| 279|0x0000000091700000, 0x0000000091800000, 0x0000000091800000|100%| E|CS|TAMS 0x0000000091700000, 0x0000000091700000| Complete 
| 280|0x0000000091800000, 0x0000000091900000, 0x0000000091900000|100%| E|CS|TAMS 0x0000000091800000, 0x0000000091800000| Complete 
| 281|0x0000000091900000, 0x0000000091a00000, 0x0000000091a00000|100%| E|CS|TAMS 0x0000000091900000, 0x0000000091900000| Complete 
| 282|0x0000000091a00000, 0x0000000091b00000, 0x0000000091b00000|100%| E|CS|TAMS 0x0000000091a00000, 0x0000000091a00000| Complete 
| 283|0x0000000091b00000, 0x0000000091c00000, 0x0000000091c00000|100%| E|CS|TAMS 0x0000000091b00000, 0x0000000091b00000| Complete 
| 284|0x0000000091c00000, 0x0000000091d00000, 0x0000000091d00000|100%| E|CS|TAMS 0x0000000091c00000, 0x0000000091c00000| Complete 
| 285|0x0000000091d00000, 0x0000000091e00000, 0x0000000091e00000|100%| E|CS|TAMS 0x0000000091d00000, 0x0000000091d00000| Complete 
| 286|0x0000000091e00000, 0x0000000091f00000, 0x0000000091f00000|100%| E|CS|TAMS 0x0000000091e00000, 0x0000000091e00000| Complete 
| 287|0x0000000091f00000, 0x0000000092000000, 0x0000000092000000|100%| E|CS|TAMS 0x0000000091f00000, 0x0000000091f00000| Complete 
| 288|0x0000000092000000, 0x0000000092100000, 0x0000000092100000|100%| E|CS|TAMS 0x0000000092000000, 0x0000000092000000| Complete 
| 289|0x0000000092100000, 0x0000000092200000, 0x0000000092200000|100%| E|CS|TAMS 0x0000000092100000, 0x0000000092100000| Complete 
| 290|0x0000000092200000, 0x0000000092300000, 0x0000000092300000|100%| E|CS|TAMS 0x0000000092200000, 0x0000000092200000| Complete 
| 291|0x0000000092300000, 0x0000000092400000, 0x0000000092400000|100%| E|CS|TAMS 0x0000000092300000, 0x0000000092300000| Complete 
| 292|0x0000000092400000, 0x0000000092500000, 0x0000000092500000|100%| E|CS|TAMS 0x0000000092400000, 0x0000000092400000| Complete 
| 293|0x0000000092500000, 0x0000000092600000, 0x0000000092600000|100%| E|CS|TAMS 0x0000000092500000, 0x0000000092500000| Complete 
| 294|0x0000000092600000, 0x0000000092700000, 0x0000000092700000|100%| E|  |TAMS 0x0000000092600000, 0x0000000092600000| Complete 
| 295|0x0000000092700000, 0x0000000092800000, 0x0000000092800000|100%| E|CS|TAMS 0x0000000092700000, 0x0000000092700000| Complete 
| 296|0x0000000092800000, 0x0000000092900000, 0x0000000092900000|100%| E|CS|TAMS 0x0000000092800000, 0x0000000092800000| Complete 
| 297|0x0000000092900000, 0x0000000092a00000, 0x0000000092a00000|100%| E|CS|TAMS 0x0000000092900000, 0x0000000092900000| Complete 
| 298|0x0000000092a00000, 0x0000000092b00000, 0x0000000092b00000|100%| E|CS|TAMS 0x0000000092a00000, 0x0000000092a00000| Complete 
| 299|0x0000000092b00000, 0x0000000092c00000, 0x0000000092c00000|100%| E|CS|TAMS 0x0000000092b00000, 0x0000000092b00000| Complete 
| 300|0x0000000092c00000, 0x0000000092d00000, 0x0000000092d00000|100%| E|CS|TAMS 0x0000000092c00000, 0x0000000092c00000| Complete 
| 301|0x0000000092d00000, 0x0000000092e00000, 0x0000000092e00000|100%| E|CS|TAMS 0x0000000092d00000, 0x0000000092d00000| Complete 
| 302|0x0000000092e00000, 0x0000000092f00000, 0x0000000092f00000|100%| E|CS|TAMS 0x0000000092e00000, 0x0000000092e00000| Complete 
| 303|0x0000000092f00000, 0x0000000093000000, 0x0000000093000000|100%| E|CS|TAMS 0x0000000092f00000, 0x0000000092f00000| Complete 
| 304|0x0000000093000000, 0x0000000093100000, 0x0000000093100000|100%| E|CS|TAMS 0x0000000093000000, 0x0000000093000000| Complete 
| 305|0x0000000093100000, 0x0000000093200000, 0x0000000093200000|100%| E|CS|TAMS 0x0000000093100000, 0x0000000093100000| Complete 

Card table byte_map: [0x0000012e4ef60000,0x0000012e4f360000] _byte_map_base: 0x0000012e4eb60000

Marking Bits (Prev, Next): (CMBitMap*) 0x0000012e3bd605a8, (CMBitMap*) 0x0000012e3bd605e0
 Prev Bits: [0x0000012e4f760000, 0x0000012e51760000)
 Next Bits: [0x0000012e51760000, 0x0000012e53760000)

Polling page: 0x0000012e39cf0000

Metaspace:

Usage:
  Non-class:    146.21 MB capacity,   142.60 MB ( 98%) used,     2.98 MB (  2%) free+waste,   635.69 KB ( <1%) overhead. 
      Class:     21.28 MB capacity,    19.36 MB ( 91%) used,     1.65 MB (  8%) free+waste,   275.88 KB (  1%) overhead. 
       Both:    167.49 MB capacity,   161.96 MB ( 97%) used,     4.63 MB (  3%) free+waste,   911.56 KB ( <1%) overhead. 

Virtual space:
  Non-class space:      148.00 MB reserved,     146.25 MB ( 99%) committed 
      Class space:        1.00 GB reserved,      21.32 MB (  2%) committed 
             Both:        1.14 GB reserved,     167.57 MB ( 14%) committed 

Chunk freelists:
   Non-Class:  42.00 KB
       Class:  5.00 KB
        Both:  47.00 KB

MaxMetaspaceSize: 17179869184.00 GB
CompressedClassSpaceSize: 1.00 GB

CodeHeap 'non-profiled nmethods': size=120000Kb used=27979Kb max_used=27979Kb free=92020Kb
 bounds [0x0000012e472f0000, 0x0000012e48e50000, 0x0000012e4e820000]
CodeHeap 'profiled nmethods': size=120000Kb used=64720Kb max_used=65107Kb free=55279Kb
 bounds [0x0000012e3fdc0000, 0x0000012e43de0000, 0x0000012e472f0000]
CodeHeap 'non-nmethods': size=5760Kb used=2407Kb max_used=2504Kb free=3352Kb
 bounds [0x0000012e3f820000, 0x0000012e3fab0000, 0x0000012e3fdc0000]
 total_blobs=31165 nmethods=30124 adapters=950
 compilation: enabled
              stopped_count=0, restarted_count=0
 full_count=0

Compilation events (20 events):
Event: 7811.271 Thread 0x0000012e56a4c000 nmethod 36241 0x0000012e417ca910 code [0x0000012e417caae0, 0x0000012e417caf18]
Event: 7811.271 Thread 0x0000012e56a4c000 36262       2       com.android.tools.r8.internal.xh::equals (19 bytes)
Event: 7811.271 Thread 0x0000012e56a4c000 nmethod 36262 0x0000012e417ea110 code [0x0000012e417ea2e0, 0x0000012e417ea4c8]
Event: 7811.271 Thread 0x0000012e56a4c000 36263       1       com.android.tools.r8.internal.C1::a2 (3 bytes)
Event: 7811.271 Thread 0x0000012e56a4c000 nmethod 36263 0x0000012e48e4a010 code [0x0000012e48e4a1c0, 0x0000012e48e4a278]
Event: 7811.271 Thread 0x0000012e56a4c000 36261       2       com.android.tools.r8.internal.Ni::m (26 bytes)
Event: 7811.272 Thread 0x0000012e56a4c000 nmethod 36261 0x0000012e41840790 code [0x0000012e41840940, 0x0000012e41840b18]
Event: 7811.272 Thread 0x0000012e56a4c000 36264       2       com.android.tools.r8.internal.Z4::a (1107 bytes)
Event: 7811.281 Thread 0x0000012e56a4c000 nmethod 36264 0x0000012e43dce990 code [0x0000012e43dcf740, 0x0000012e43dd69f8]
Event: 7811.281 Thread 0x0000012e56a4c000 36269       2       com.android.tools.r8.internal.v1::<init> (7 bytes)
Event: 7811.281 Thread 0x0000012e56a4c000 nmethod 36269 0x0000012e417fc010 code [0x0000012e417fc1c0, 0x0000012e417fc2c8]
Event: 7811.281 Thread 0x0000012e56a4c000 36266       2       com.android.tools.r8.internal.e5::c (8 bytes)
Event: 7811.281 Thread 0x0000012e56a4c000 nmethod 36266 0x0000012e41813e90 code [0x0000012e41814040, 0x0000012e41814168]
Event: 7811.281 Thread 0x0000012e56a4c000 36272       2       com.android.tools.r8.internal.Me::b (228 bytes)
Event: 7811.282 Thread 0x0000012e56a4c000 nmethod 36272 0x0000012e419c9810 code [0x0000012e419c9aa0, 0x0000012e419ca2b8]
Event: 7811.282 Thread 0x0000012e56a4c000 36270       2       com.android.tools.r8.internal.Tq::a (20 bytes)
Event: 7811.282 Thread 0x0000012e56a4c000 nmethod 36270 0x0000012e41814690 code [0x0000012e41814840, 0x0000012e41814978]
Event: 7811.282 Thread 0x0000012e56a4c000 36265       2       com.android.tools.r8.internal.N3::a (40 bytes)
Event: 7811.283 Thread 0x0000012e56a4c000 nmethod 36265 0x0000012e41a7db10 code [0x0000012e41a7ddc0, 0x0000012e41a7eba8]
Event: 7811.283 Thread 0x0000012e56a4c000 36273       2       com.android.tools.r8.internal.C1::<init> (81 bytes)

GC Heap History (20 events):
Event: 7804.583 GC heap before
{Heap before GC invocations=144 (full 0):
 garbage-first heap   total 260096K, used 215359K [0x0000000080000000, 0x0000000100000000)
  region size 1024K, 64 young (65536K), 4 survivors (4096K)
 Metaspace       used 163477K, capacity 169053K, committed 169164K, reserved 1196032K
  class space    used 19680K, capacity 21636K, committed 21708K, reserved 1048576K
}
Event: 7804.595 GC heap after
{Heap after GC invocations=145 (full 0):
 garbage-first heap   total 260096K, used 144422K [0x0000000080000000, 0x0000000100000000)
  region size 1024K, 8 young (8192K), 8 survivors (8192K)
 Metaspace       used 163477K, capacity 169053K, committed 169164K, reserved 1196032K
  class space    used 19680K, capacity 21636K, committed 21708K, reserved 1048576K
}
Event: 7804.624 GC heap before
{Heap before GC invocations=145 (full 0):
 garbage-first heap   total 260096K, used 147494K [0x0000000080000000, 0x0000000100000000)
  region size 1024K, 12 young (12288K), 8 survivors (8192K)
 Metaspace       used 163839K, capacity 169405K, committed 169676K, reserved 1198080K
  class space    used 19714K, capacity 21668K, committed 21708K, reserved 1048576K
}
Event: 7804.639 GC heap after
{Heap after GC invocations=146 (full 0):
 garbage-first heap   total 260096K, used 142807K [0x0000000080000000, 0x0000000100000000)
  region size 1024K, 2 young (2048K), 2 survivors (2048K)
 Metaspace       used 163839K, capacity 169405K, committed 169676K, reserved 1198080K
  class space    used 19714K, capacity 21668K, committed 21708K, reserved 1048576K
}
Event: 7804.933 GC heap before
{Heap before GC invocations=146 (full 0):
 garbage-first heap   total 260096K, used 203223K [0x0000000080000000, 0x0000000100000000)
  region size 1024K, 62 young (63488K), 2 survivors (2048K)
 Metaspace       used 164332K, capacity 169853K, committed 169932K, reserved 1198080K
  class space    used 19728K, capacity 21668K, committed 21708K, reserved 1048576K
}
Event: 7804.941 GC heap after
{Heap after GC invocations=147 (full 0):
 garbage-first heap   total 260096K, used 145980K [0x0000000080000000, 0x0000000100000000)
  region size 1024K, 5 young (5120K), 5 survivors (5120K)
 Metaspace       used 164332K, capacity 169853K, committed 169932K, reserved 1198080K
  class space    used 19728K, capacity 21668K, committed 21708K, reserved 1048576K
}
Event: 7806.019 GC heap before
{Heap before GC invocations=148 (full 0):
 garbage-first heap   total 260096K, used 201276K [0x0000000080000000, 0x0000000100000000)
  region size 1024K, 65 young (66560K), 5 survivors (5120K)
 Metaspace       used 164535K, capacity 170045K, committed 170188K, reserved 1198080K
  class space    used 19739K, capacity 21668K, committed 21708K, reserved 1048576K
}
Event: 7806.025 GC heap after
{Heap after GC invocations=149 (full 0):
 garbage-first heap   total 260096K, used 144573K [0x0000000080000000, 0x0000000100000000)
  region size 1024K, 8 young (8192K), 8 survivors (8192K)
 Metaspace       used 164535K, capacity 170045K, committed 170188K, reserved 1198080K
  class space    used 19739K, capacity 21668K, committed 21708K, reserved 1048576K
}
Event: 7806.031 GC heap before
{Heap before GC invocations=149 (full 0):
 garbage-first heap   total 260096K, used 147645K [0x0000000080000000, 0x0000000100000000)
  region size 1024K, 12 young (12288K), 8 survivors (8192K)
 Metaspace       used 164535K, capacity 170045K, committed 170188K, reserved 1198080K
  class space    used 19739K, capacity 21668K, committed 21708K, reserved 1048576K
}
Event: 7806.046 GC heap after
{Heap after GC invocations=150 (full 0):
 garbage-first heap   total 260096K, used 126640K [0x0000000080000000, 0x0000000100000000)
  region size 1024K, 1 young (1024K), 1 survivors (1024K)
 Metaspace       used 164535K, capacity 170045K, committed 170188K, reserved 1198080K
  class space    used 19739K, capacity 21668K, committed 21708K, reserved 1048576K
}
Event: 7806.058 GC heap before
{Heap before GC invocations=150 (full 0):
 garbage-first heap   total 260096K, used 136880K [0x0000000080000000, 0x0000000100000000)
  region size 1024K, 12 young (12288K), 1 survivors (1024K)
 Metaspace       used 164538K, capacity 170045K, committed 170188K, reserved 1198080K
  class space    used 19739K, capacity 21668K, committed 21708K, reserved 1048576K
}
Event: 7806.069 GC heap after
{Heap after GC invocations=151 (full 0):
 garbage-first heap   total 260096K, used 125481K [0x0000000080000000, 0x0000000100000000)
  region size 1024K, 1 young (1024K), 1 survivors (1024K)
 Metaspace       used 164538K, capacity 170045K, committed 170188K, reserved 1198080K
  class space    used 19739K, capacity 21668K, committed 21708K, reserved 1048576K
}
Event: 7807.447 GC heap before
{Heap before GC invocations=151 (full 0):
 garbage-first heap   total 260096K, used 194089K [0x0000000080000000, 0x0000000100000000)
  region size 1024K, 70 young (71680K), 1 survivors (1024K)
 Metaspace       used 165124K, capacity 170679K, committed 170828K, reserved 1198080K
  class space    used 19778K, capacity 21708K, committed 21836K, reserved 1048576K
}
Event: 7807.451 GC heap after
{Heap after GC invocations=152 (full 0):
 garbage-first heap   total 260096K, used 126368K [0x0000000080000000, 0x0000000100000000)
  region size 1024K, 2 young (2048K), 2 survivors (2048K)
 Metaspace       used 165124K, capacity 170679K, committed 170828K, reserved 1198080K
  class space    used 19778K, capacity 21708K, committed 21836K, reserved 1048576K
}
Event: 7810.716 GC heap before
{Heap before GC invocations=153 (full 0):
 garbage-first heap   total 260096K, used 211360K [0x0000000080000000, 0x0000000100000000)
  region size 1024K, 78 young (79872K), 2 survivors (2048K)
 Metaspace       used 165554K, capacity 171239K, committed 171340K, reserved 1198080K
  class space    used 19817K, capacity 21787K, committed 21836K, reserved 1048576K
}
Event: 7810.723 GC heap after
{Heap after GC invocations=154 (full 0):
 garbage-first heap   total 260096K, used 132982K [0x0000000080000000, 0x0000000100000000)
  region size 1024K, 6 young (6144K), 6 survivors (6144K)
 Metaspace       used 165554K, capacity 171239K, committed 171340K, reserved 1198080K
  class space    used 19817K, capacity 21787K, committed 21836K, reserved 1048576K
}
Event: 7810.781 GC heap before
{Heap before GC invocations=154 (full 0):
 garbage-first heap   total 260096K, used 139126K [0x0000000080000000, 0x0000000100000000)
  region size 1024K, 12 young (12288K), 6 survivors (6144K)
 Metaspace       used 165554K, capacity 171239K, committed 171340K, reserved 1198080K
  class space    used 19817K, capacity 21787K, committed 21836K, reserved 1048576K
}
Event: 7810.798 GC heap after
{Heap after GC invocations=155 (full 0):
 garbage-first heap   total 260096K, used 127830K [0x0000000080000000, 0x0000000100000000)
  region size 1024K, 2 young (2048K), 2 survivors (2048K)
 Metaspace       used 165554K, capacity 171239K, committed 171340K, reserved 1198080K
  class space    used 19817K, capacity 21787K, committed 21836K, reserved 1048576K
}
Event: 7811.123 GC heap before
{Heap before GC invocations=155 (full 0):
 garbage-first heap   total 260096K, used 168790K [0x0000000080000000, 0x0000000100000000)
  region size 1024K, 44 young (45056K), 2 survivors (2048K)
 Metaspace       used 165735K, capacity 171431K, committed 171596K, reserved 1200128K
  class space    used 19818K, capacity 21787K, committed 21836K, reserved 1048576K
}
Event: 7811.139 GC heap after
{Heap after GC invocations=156 (full 0):
 garbage-first heap   total 313344K, used 133274K [0x0000000080000000, 0x0000000100000000)
  region size 1024K, 7 young (7168K), 7 survivors (7168K)
 Metaspace       used 165735K, capacity 171431K, committed 171596K, reserved 1200128K
  class space    used 19818K, capacity 21787K, committed 21836K, reserved 1048576K
}

Deoptimization events (20 events):
Event: 7810.950 Thread 0x0000012e57cf0800 Uncommon trap: trap_request=0xffffffd6 fr.pc=0x0000012e48e13b74 relative=0x0000000000000154
Event: 7810.950 Thread 0x0000012e57cf0800 Uncommon trap: reason=array_check action=maybe_recompile pc=0x0000012e48e13b74 method=java.util.stream.Nodes$FixedNodeBuilder.accept(Ljava/lang/Object;)V @ 28 c2
Event: 7810.950 Thread 0x0000012e57cf0800 DEOPT PACKING pc=0x0000012e48e13b74 sp=0x00000029aa6f7dc0
Event: 7810.950 Thread 0x0000012e57cf0800 DEOPT UNPACKING pc=0x0000012e3f84662f sp=0x00000029aa6f7d70 mode 2
Event: 7810.950 Thread 0x0000012e57cf0800 Uncommon trap: trap_request=0xffffffd6 fr.pc=0x0000012e48e13b74 relative=0x0000000000000154
Event: 7810.950 Thread 0x0000012e57cf0800 Uncommon trap: reason=array_check action=maybe_recompile pc=0x0000012e48e13b74 method=java.util.stream.Nodes$FixedNodeBuilder.accept(Ljava/lang/Object;)V @ 28 c2
Event: 7810.950 Thread 0x0000012e57cf0800 DEOPT PACKING pc=0x0000012e48e13b74 sp=0x00000029aa6f7dc0
Event: 7810.950 Thread 0x0000012e57cf0800 DEOPT UNPACKING pc=0x0000012e3f84662f sp=0x00000029aa6f7d70 mode 2
Event: 7810.950 Thread 0x0000012e57cf0800 Uncommon trap: trap_request=0xffffffd6 fr.pc=0x0000012e48e13b74 relative=0x0000000000000154
Event: 7810.950 Thread 0x0000012e57cf0800 Uncommon trap: reason=array_check action=maybe_recompile pc=0x0000012e48e13b74 method=java.util.stream.Nodes$FixedNodeBuilder.accept(Ljava/lang/Object;)V @ 28 c2
Event: 7810.950 Thread 0x0000012e57cf0800 DEOPT PACKING pc=0x0000012e48e13b74 sp=0x00000029aa6f7dc0
Event: 7810.950 Thread 0x0000012e57cf0800 DEOPT UNPACKING pc=0x0000012e3f84662f sp=0x00000029aa6f7d70 mode 2
Event: 7810.950 Thread 0x0000012e57cf0800 Uncommon trap: trap_request=0xffffffd6 fr.pc=0x0000012e48e13b74 relative=0x0000000000000154
Event: 7810.950 Thread 0x0000012e57cf0800 Uncommon trap: reason=array_check action=maybe_recompile pc=0x0000012e48e13b74 method=java.util.stream.Nodes$FixedNodeBuilder.accept(Ljava/lang/Object;)V @ 28 c2
Event: 7810.950 Thread 0x0000012e57cf0800 DEOPT PACKING pc=0x0000012e48e13b74 sp=0x00000029aa6f7dc0
Event: 7810.950 Thread 0x0000012e57cf0800 DEOPT UNPACKING pc=0x0000012e3f84662f sp=0x00000029aa6f7d70 mode 2
Event: 7811.000 Thread 0x0000012e57cf0800 DEOPT PACKING pc=0x0000012e41adfaef sp=0x00000029aa6f8560
Event: 7811.000 Thread 0x0000012e57cf0800 DEOPT UNPACKING pc=0x0000012e3f846dde sp=0x00000029aa6f7b30 mode 0
Event: 7811.041 Thread 0x0000012e57cf0800 DEOPT PACKING pc=0x0000012e42fd8be2 sp=0x00000029aa6f7870
Event: 7811.041 Thread 0x0000012e57cf0800 DEOPT UNPACKING pc=0x0000012e3f846dde sp=0x00000029aa6f6cd8 mode 0

Classes redefined (0 events):
No events

Internal exceptions (20 events):
Event: 7810.998 Thread 0x0000012e57cf0800 Exception <a 'sun/nio/fs/WindowsException'{0x000000008e1242f8}> (0x000000008e1242f8) thrown at [./src/hotspot/share/prims/jni.cpp, line 615]
Event: 7810.998 Thread 0x0000012e57cf0800 Exception <a 'sun/nio/fs/WindowsException'{0x000000008e126b60}> (0x000000008e126b60) thrown at [./src/hotspot/share/prims/jni.cpp, line 615]
Event: 7810.998 Thread 0x0000012e57cf0800 Exception <a 'sun/nio/fs/WindowsException'{0x000000008e126c80}> (0x000000008e126c80) thrown at [./src/hotspot/share/prims/jni.cpp, line 615]
Event: 7810.999 Thread 0x0000012e57cf0800 Exception <a 'sun/nio/fs/WindowsException'{0x000000008e133b98}> (0x000000008e133b98) thrown at [./src/hotspot/share/prims/jni.cpp, line 615]
Event: 7811.010 Thread 0x0000012e57cf0800 Exception <a 'sun/nio/fs/WindowsException'{0x000000008e018d50}> (0x000000008e018d50) thrown at [./src/hotspot/share/prims/jni.cpp, line 615]
Event: 7811.011 Thread 0x0000012e57cf0800 Exception <a 'sun/nio/fs/WindowsException'{0x000000008e024598}> (0x000000008e024598) thrown at [./src/hotspot/share/prims/jni.cpp, line 615]
Event: 7811.013 Thread 0x0000012e57cf0800 Exception <a 'sun/nio/fs/WindowsException'{0x000000008e02fdc0}> (0x000000008e02fdc0) thrown at [./src/hotspot/share/prims/jni.cpp, line 615]
Event: 7811.015 Thread 0x0000012e57cf0800 Exception <a 'sun/nio/fs/WindowsException'{0x000000008e042e88}> (0x000000008e042e88) thrown at [./src/hotspot/share/prims/jni.cpp, line 615]
Event: 7811.031 Thread 0x0000012e57cf0800 Exception <a 'sun/nio/fs/WindowsException'{0x000000008dfa20a0}> (0x000000008dfa20a0) thrown at [./src/hotspot/share/prims/jni.cpp, line 615]
Event: 7811.032 Thread 0x0000012e57cf0800 Exception <a 'sun/nio/fs/WindowsException'{0x000000008dfae748}> (0x000000008dfae748) thrown at [./src/hotspot/share/prims/jni.cpp, line 615]
Event: 7811.034 Thread 0x0000012e57cf0800 Exception <a 'sun/nio/fs/WindowsException'{0x000000008dfbbc00}> (0x000000008dfbbc00) thrown at [./src/hotspot/share/prims/jni.cpp, line 615]
Event: 7811.038 Thread 0x0000012e57cf0800 Exception <a 'sun/nio/fs/WindowsException'{0x000000008dfdba38}> (0x000000008dfdba38) thrown at [./src/hotspot/share/prims/jni.cpp, line 615]
Event: 7811.054 Thread 0x0000012e57cf0800 Exception <a 'sun/nio/fs/WindowsException'{0x000000008dd89d50}> (0x000000008dd89d50) thrown at [./src/hotspot/share/prims/jni.cpp, line 615]
Event: 7811.054 Thread 0x0000012e57cf0800 Exception <a 'sun/nio/fs/WindowsException'{0x000000008dd89e78}> (0x000000008dd89e78) thrown at [./src/hotspot/share/prims/jni.cpp, line 615]
Event: 7811.054 Thread 0x0000012e57cf0800 Exception <a 'sun/nio/fs/WindowsException'{0x000000008dd8cc40}> (0x000000008dd8cc40) thrown at [./src/hotspot/share/prims/jni.cpp, line 615]
Event: 7811.054 Thread 0x0000012e57cf0800 Exception <a 'sun/nio/fs/WindowsException'{0x000000008dd8cd68}> (0x000000008dd8cd68) thrown at [./src/hotspot/share/prims/jni.cpp, line 615]
Event: 7811.063 Thread 0x0000012e57cf0800 Exception <a 'sun/nio/fs/WindowsException'{0x000000008dcaeec0}> (0x000000008dcaeec0) thrown at [./src/hotspot/share/prims/jni.cpp, line 615]
Event: 7811.063 Thread 0x0000012e57cf0800 Exception <a 'sun/nio/fs/WindowsException'{0x000000008dcb00f0}> (0x000000008dcb00f0) thrown at [./src/hotspot/share/prims/jni.cpp, line 615]
Event: 7811.066 Thread 0x0000012e57cf0800 Exception <a 'sun/nio/fs/WindowsException'{0x000000008dcd3dc8}> (0x000000008dcd3dc8) thrown at [./src/hotspot/share/prims/jni.cpp, line 615]
Event: 7811.147 Thread 0x0000012e57cf3000 Exception <a 'sun/nio/fs/WindowsException'{0x000000009313eb90}> (0x000000009313eb90) thrown at [./src/hotspot/share/prims/jni.cpp, line 615]

Events (20 events):
Event: 7811.123 Executing VM operation: G1CollectForAllocation
Event: 7811.139 Executing VM operation: G1CollectForAllocation done
Event: 7811.147 loading class kotlin/collections/IntIterator
Event: 7811.147 loading class kotlin/collections/IntIterator done
Event: 7811.149 Thread 0x0000012e5a5bf000 Thread added: 0x0000012e5a5bf000
Event: 7811.156 loading class com/android/builder/dexing/NoCacheJarClassFileEntry
Event: 7811.156 loading class com/android/builder/dexing/NoCacheJarClassFileEntry done
Event: 7811.156 Executing VM operation: RevokeBias
Event: 7811.156 Executing VM operation: RevokeBias done
Event: 7811.160 Executing VM operation: RevokeBias
Event: 7811.161 Executing VM operation: RevokeBias done
Event: 7811.171 loading class com/android/tools/r8/utils/p
Event: 7811.171 loading class com/android/tools/r8/utils/p done
Event: 7811.177 loading class com/android/tools/r8/internal/Rb
Event: 7811.177 loading class com/android/tools/r8/internal/Rb done
Event: 7811.242 loading class com/android/tools/r8/internal/ba
Event: 7811.242 loading class com/android/tools/r8/internal/ba done
Event: 7811.246 Executing VM operation: ICBufferFull
Event: 7811.247 Executing VM operation: ICBufferFull done
Event: 7811.283 Executing VM operation: CGC_Operation


Dynamic libraries:
0x00007ff6ec380000 - 0x00007ff6ec38a000 	C:\Program Files\Android\Android Studio\jre\bin\java.exe
0x00007ffa76b80000 - 0x00007ffa76d89000 	C:\Windows\SYSTEM32\ntdll.dll
0x00007ffa75040000 - 0x00007ffa750fd000 	C:\Windows\System32\KERNEL32.DLL
0x00007ffa74230000 - 0x00007ffa745a4000 	C:\Windows\System32\KERNELBASE.dll
0x00007ffa746f0000 - 0x00007ffa74801000 	C:\Windows\System32\ucrtbase.dll
0x00007ffa31a20000 - 0x00007ffa31a39000 	C:\Program Files\Android\Android Studio\jre\bin\jli.dll
0x00007ffa573e0000 - 0x00007ffa573f7000 	C:\Program Files\Android\Android Studio\jre\bin\VCRUNTIME140.dll
0x00007ffa74c20000 - 0x00007ffa74dcc000 	C:\Windows\System32\USER32.dll
0x00007ffa74810000 - 0x00007ffa74836000 	C:\Windows\System32\win32u.dll
0x00007ffa5f530000 - 0x00007ffa5f7d5000 	C:\Windows\WinSxS\amd64_microsoft.windows.common-controls_6595b64144ccf1df_6.0.22000.120_none_9d947278b86cc467\COMCTL32.dll
0x00007ffa74f30000 - 0x00007ffa74f59000 	C:\Windows\System32\GDI32.dll
0x00007ffa769e0000 - 0x00007ffa76a83000 	C:\Windows\System32\msvcrt.dll
0x00007ffa74110000 - 0x00007ffa74222000 	C:\Windows\System32\gdi32full.dll
0x00007ffa74070000 - 0x00007ffa7410d000 	C:\Windows\System32\msvcp_win.dll
0x00007ffa74e40000 - 0x00007ffa74e71000 	C:\Windows\System32\IMM32.DLL
0x00007ffa38980000 - 0x00007ffa38a1d000 	C:\Program Files\Android\Android Studio\jre\bin\msvcp140.dll
0x00007ffa34490000 - 0x00007ffa34f65000 	C:\Program Files\Android\Android Studio\jre\bin\server\jvm.dll
0x00007ffa74e80000 - 0x00007ffa74f2e000 	C:\Windows\System32\ADVAPI32.dll
0x00007ffa75100000 - 0x00007ffa7519e000 	C:\Windows\System32\sechost.dll
0x00007ffa75230000 - 0x00007ffa75350000 	C:\Windows\System32\RPCRT4.dll
0x00007ffa75430000 - 0x00007ffa75438000 	C:\Windows\System32\PSAPI.DLL
0x00007ffa621e0000 - 0x00007ffa621e9000 	C:\Windows\SYSTEM32\WSOCK32.dll
0x00007ffa74f70000 - 0x00007ffa74fdf000 	C:\Windows\System32\WS2_32.dll
0x00007ffa6dfb0000 - 0x00007ffa6dfba000 	C:\Windows\SYSTEM32\VERSION.dll
0x00007ffa6e250000 - 0x00007ffa6e283000 	C:\Windows\SYSTEM32\WINMM.dll
0x00007ffa73260000 - 0x00007ffa73278000 	C:\Windows\SYSTEM32\kernel.appcore.dll
0x00007ffa535b0000 - 0x00007ffa535c1000 	C:\Program Files\Android\Android Studio\jre\bin\verify.dll
0x00007ffa612e0000 - 0x00007ffa61501000 	C:\Windows\SYSTEM32\DBGHELP.DLL
0x00007ffa5d720000 - 0x00007ffa5d751000 	C:\Windows\SYSTEM32\dbgcore.DLL
0x00007ffa745b0000 - 0x00007ffa7462f000 	C:\Windows\System32\bcryptPrimitives.dll
0x00007ffa3aea0000 - 0x00007ffa3aec9000 	C:\Program Files\Android\Android Studio\jre\bin\java.dll
0x00007ffa573d0000 - 0x00007ffa573db000 	C:\Program Files\Android\Android Studio\jre\bin\jimage.dll
0x00007ffa4ef50000 - 0x00007ffa4ef68000 	C:\Program Files\Android\Android Studio\jre\bin\zip.dll
0x00007ffa76010000 - 0x00007ffa767be000 	C:\Windows\System32\SHELL32.dll
0x00007ffa721f0000 - 0x00007ffa72a58000 	C:\Windows\SYSTEM32\windows.storage.dll
0x00007ffa758f0000 - 0x00007ffa75c68000 	C:\Windows\System32\combase.dll
0x00007ffa72080000 - 0x00007ffa721e6000 	C:\Windows\SYSTEM32\wintypes.dll
0x00007ffa75c70000 - 0x00007ffa75d5a000 	C:\Windows\System32\SHCORE.dll
0x00007ffa75fb0000 - 0x00007ffa7600d000 	C:\Windows\System32\shlwapi.dll
0x00007ffa73fa0000 - 0x00007ffa73fc1000 	C:\Windows\SYSTEM32\profapi.dll
0x00007ffa41b20000 - 0x00007ffa41b3a000 	C:\Program Files\Android\Android Studio\jre\bin\net.dll
0x00007ffa6ddd0000 - 0x00007ffa6dedc000 	C:\Windows\SYSTEM32\WINHTTP.dll
0x00007ffa73690000 - 0x00007ffa736f7000 	C:\Windows\system32\mswsock.dll
0x00007ffa40fc0000 - 0x00007ffa40fd4000 	C:\Program Files\Android\Android Studio\jre\bin\nio.dll
0x00007ffa62350000 - 0x00007ffa62377000 	C:\Users\Ollashukur\.gradle\native\8bec1ad78214c89d9ad589b4d07fe93259594b29d510b10fafb7a158f7737e5d\windows-amd64\native-platform.dll
0x00007ffa386e0000 - 0x00007ffa3881d000 	C:\Users\Ollashukur\.gradle\native\53dbd7edfb1c66fb8903c78663c9afc45aea4f116125fa6feffd364cf09443e8\windows-amd64\native-platform-file-events.dll
0x00007ffa572f0000 - 0x00007ffa572fa000 	C:\Program Files\Android\Android Studio\jre\bin\management.dll
0x00007ffa56240000 - 0x00007ffa5624d000 	C:\Program Files\Android\Android Studio\jre\bin\management_ext.dll
0x00007ffa738d0000 - 0x00007ffa738e8000 	C:\Windows\SYSTEM32\CRYPTSP.dll
0x00007ffa731c0000 - 0x00007ffa731f5000 	C:\Windows\system32\rsaenh.dll
0x00007ffa73780000 - 0x00007ffa737a9000 	C:\Windows\SYSTEM32\USERENV.dll
0x00007ffa73a50000 - 0x00007ffa73a77000 	C:\Windows\SYSTEM32\bcrypt.dll
0x00007ffa738f0000 - 0x00007ffa738fc000 	C:\Windows\SYSTEM32\CRYPTBASE.dll
0x00007ffa72d90000 - 0x00007ffa72dbd000 	C:\Windows\SYSTEM32\IPHLPAPI.DLL
0x00007ffa751a0000 - 0x00007ffa751a9000 	C:\Windows\System32\NSI.dll
0x00007ffa6dc40000 - 0x00007ffa6dc59000 	C:\Windows\SYSTEM32\dhcpcsvc6.DLL
0x00007ffa6e1e0000 - 0x00007ffa6e1fe000 	C:\Windows\SYSTEM32\dhcpcsvc.DLL
0x00007ffa72dc0000 - 0x00007ffa72ea7000 	C:\Windows\SYSTEM32\DNSAPI.dll
0x00007ffa2afa0000 - 0x00007ffa2afbe000 	C:\Users\Ollashukur\AppData\Local\Temp\native-platform16302200867371251285dir\native-platform.dll
0x00007ffa69ce0000 - 0x00007ffa69ce8000 	C:\Program Files\Android\Android Studio\jre\bin\rmi.dll
0x00007ffa5d7d0000 - 0x00007ffa5d7e7000 	C:\Windows\system32\napinsp.dll
0x00007ffa5d7b0000 - 0x00007ffa5d7cb000 	C:\Windows\system32\pnrpnsp.dll
0x00007ffa53e10000 - 0x00007ffa53e22000 	C:\Windows\System32\winrnr.dll
0x00007ffa6d010000 - 0x00007ffa6d025000 	C:\Windows\system32\wshbth.dll
0x00007ffa53df0000 - 0x00007ffa53e0f000 	C:\Windows\system32\nlansp_c.dll
0x00007ffa6b530000 - 0x00007ffa6b53a000 	C:\Windows\System32\rasadhlp.dll
0x00007ffa6be10000 - 0x00007ffa6be91000 	C:\Windows\System32\fwpuclnt.dll
0x00007ffa38510000 - 0x00007ffa38537000 	C:\Program Files\Android\Android Studio\jre\bin\sunec.dll
0x0000000070bc0000 - 0x0000000070c9c000 	C:\Users\Ollashukur\AppData\Local\Temp\sqlite-3.36.0-fea8c76c-97f6-4d57-9068-eec73d8951b6-sqlitejdbc.dll
0x0000000000970000 - 0x0000000000a4c000 	C:\Users\Ollashukur\AppData\Local\Temp\sqlite-3.36.0-e3ffb1cf-fff9-4812-a350-c8dbf69482e8-sqlitejdbc.dll

dbghelp: loaded successfully - version: 4.0.5 - missing functions: none
symbol engine: initialized successfully - sym options: 0x614 - pdb path: .;C:\Program Files\Android\Android Studio\jre\bin;C:\Windows\SYSTEM32;C:\Windows\WinSxS\amd64_microsoft.windows.common-controls_6595b64144ccf1df_6.0.22000.120_none_9d947278b86cc467;C:\Program Files\Android\Android Studio\jre\bin\server;C:\Users\Ollashukur\.gradle\native\8bec1ad78214c89d9ad589b4d07fe93259594b29d510b10fafb7a158f7737e5d\windows-amd64;C:\Users\Ollashukur\.gradle\native\53dbd7edfb1c66fb8903c78663c9afc45aea4f116125fa6feffd364cf09443e8\windows-amd64;C:\Users\Ollashukur\AppData\Local\Temp\native-platform16302200867371251285dir;C:\Users\Ollashukur\AppData\Local\Temp

VM Arguments:
jvm_args: --add-opens=java.base/java.util=ALL-UNNAMED --add-opens=java.base/java.lang=ALL-UNNAMED --add-opens=java.base/java.lang.invoke=ALL-UNNAMED --add-opens=java.base/java.util=ALL-UNNAMED --add-opens=java.prefs/java.util.prefs=ALL-UNNAMED --add-opens=java.prefs/java.util.prefs=ALL-UNNAMED --add-opens=java.base/java.nio.charset=ALL-UNNAMED --add-opens=java.base/java.net=ALL-UNNAMED --add-opens=java.base/java.util.concurrent.atomic=ALL-UNNAMED -Xmx2048m -Dfile.encoding=UTF-8 -Duser.country=RU -Duser.language=ru -Duser.variant 
java_command: org.gradle.launcher.daemon.bootstrap.GradleDaemon 7.0.2
java_class_path (initial): C:\Users\Ollashukur\.gradle\wrapper\dists\gradle-7.0.2-bin\857tjihv64xamwrf0h14cai3r\gradle-7.0.2\lib\gradle-launcher-7.0.2.jar
Launcher Type: SUN_STANDARD

[Global flags]
     intx CICompilerCount                          = 4                                         {product} {ergonomic}
     uint ConcGCThreads                            = 2                                         {product} {ergonomic}
     uint G1ConcRefinementThreads                  = 8                                         {product} {ergonomic}
   size_t G1HeapRegionSize                         = 1048576                                   {product} {ergonomic}
    uintx GCDrainStackTargetSize                   = 64                                        {product} {ergonomic}
   size_t InitialHeapSize                          = 266338304                                 {product} {ergonomic}
   size_t MarkStackSize                            = 4194304                                   {product} {ergonomic}
   size_t MaxHeapSize                              = 2147483648                                {product} {command line}
   size_t MaxNewSize                               = 1287651328                                {product} {ergonomic}
   size_t MinHeapDeltaBytes                        = 1048576                                   {product} {ergonomic}
    uintx NonNMethodCodeHeapSize                   = 5836300                                {pd product} {ergonomic}
    uintx NonProfiledCodeHeapSize                  = 122910970                              {pd product} {ergonomic}
    uintx ProfiledCodeHeapSize                     = 122910970                              {pd product} {ergonomic}
    uintx ReservedCodeCacheSize                    = 251658240                              {pd product} {ergonomic}
     bool SegmentedCodeCache                       = true                                      {product} {ergonomic}
     bool UseCompressedClassPointers               = true                                 {lp64_product} {ergonomic}
     bool UseCompressedOops                        = true                                 {lp64_product} {ergonomic}
     bool UseG1GC                                  = true                                      {product} {ergonomic}
     bool UseLargePagesIndividualAllocation        = false                                  {pd product} {ergonomic}

Logging:
Log output configuration:
 #0: stdout all=warning uptime,level,tags
 #1: stderr all=off uptime,level,tags

Environment Variables:
PATH=C:\Windows\system32;C:\Windows;C:\Windows\System32\Wbem;C:\Windows\System32\WindowsPowerShell\v1.0\;C:\Windows\System32\OpenSSH\;C:\Users\Ollashukur\AppData\Local\Microsoft\WindowsApps;
USERNAME=Ollashukur
OS=Windows_NT
PROCESSOR_IDENTIFIER=Intel64 Family 6 Model 158 Stepping 10, GenuineIntel



---------------  S Y S T E M  ---------------

OS: Windows 10 , 64 bit Build 22000 (10.0.22000.434)
OS uptime: 0 days 9:47 hours

CPU:total 8 (initial active 8) (4 cores per cpu, 2 threads per core) family 6 model 158 stepping 10 microcode 0xde, cmov, cx8, fxsr, mmx, sse, sse2, sse3, ssse3, sse4.1, sse4.2, popcnt, avx, avx2, aes, clmul, erms, 3dnowpref, lzcnt, ht, tsc, tscinvbit, bmi1, bmi2, adx, fma

Memory: 4k page, system-wide physical 16230M (3684M free)
TotalPageFile size 25993M (AvailPageFile size 3878M)
current process WorkingSet (physical memory assigned to process): 696M, peak: 696M
current process commit charge ("private bytes"): 796M, peak: 801M

vm_info: OpenJDK 64-Bit Server VM (11.0.11+9-b60-7590822) for windows-amd64 JRE (11.0.11+9-b60-7590822), built on Jul 29 2021 21:43:44 by "builder" with MS VC++ 14.0 (VS2015)

END.
