#
# A fatal error has been detected by the Java Runtime Environment:
#
#  EXCEPTION_ACCESS_VIOLATION (0xc0000005) at pc=0x00000243d925012a, pid=9588, tid=5044
#
# JRE version: OpenJDK Runtime Environment (11.0.10) (build 11.0.10+0-b96-7249189)
# Java VM: OpenJDK 64-Bit Server VM (11.0.10+0-b96-7249189, mixed mode, tiered, compressed oops, g1 gc, windows-amd64)
# Problematic frame:
# J 23664 c2 org.gradle.internal.event.DefaultListenerManager$EventBroadcast.maybeRemove(Lorg/gradle/internal/event/DefaultListenerManager$ListenerDetails;)V (87 bytes) @ 0x00000243d925012a [0x00000243d92500a0+0x000000000000008a]
#
# No core dump will be written. Minidumps are not enabled by default on client versions of Windows
#
# If you would like to submit a bug report, please visit:
#   https://bugreport.java.com/bugreport/crash.jsp
#

---------------  S U M M A R Y ------------

Command Line: --add-opens=java.base/java.util=ALL-UNNAMED --add-opens=java.base/java.lang=ALL-UNNAMED --add-opens=java.base/java.lang.invoke=ALL-UNNAMED --add-opens=java.base/java.util=ALL-UNNAMED --add-opens=java.prefs/java.util.prefs=ALL-UNNAMED --add-opens=java.prefs/java.util.prefs=ALL-UNNAMED --add-opens=java.base/java.nio.charset=ALL-UNNAMED --add-opens=java.base/java.net=ALL-UNNAMED --add-opens=java.base/java.util.concurrent.atomic=ALL-UNNAMED -Xmx2048m -Dfile.encoding=UTF-8 -Duser.country=RU -Duser.language=ru -Duser.variant org.gradle.launcher.daemon.bootstrap.GradleDaemon 7.0.2

Host: Intel(R) Core(TM) i5-9300H CPU @ 2.40GHz, 8 cores, 15G,  Windows 10 , 64 bit Build 22000 (10.0.22000.434)
Time: Mon Jan 24 16:54:12 2022 Западная Азия (зима) elapsed time: 19198.733070 seconds (0d 5h 19m 58s)

---------------  T H R E A D  ---------------

Current thread (0x00000243ef641000):  JavaThread "Daemon worker Thread 11" [_thread_in_Java, id=5044, stack(0x000000909a000000,0x000000909a100000)]

Stack: [0x000000909a000000,0x000000909a100000],  sp=0x000000909a0fbc40,  free space=1007k
Native frames: (J=compiled Java code, j=interpreted, Vv=VM code, C=native code)
C  0x00000243d925012a


siginfo: EXCEPTION_ACCESS_VIOLATION (0xc0000005), reading address 0x0000000091b6ae75


Register to memory mapping:

RIP=0x00000243d925012a is at entry_point+138 in (nmethod*)0x00000243d924fe10
RAX=0x000000006cc00000 is an unknown value
RBX=0x0000000083623c00 is an oop: java.util.concurrent.locks.ReentrantLock$NonfairSync 
{0x0000000083623c00} - klass: 'java/util/concurrent/locks/ReentrantLock$NonfairSync'
RCX=0x00000243e0584c4b points into unknown readable memory: 20 20 20 20 20
RDX=0x0000000083623b30 is an oop: org.gradle.internal.event.DefaultListenerManager$EventBroadcast 
{0x0000000083623b30} - klass: 'org/gradle/internal/event/DefaultListenerManager$EventBroadcast'
RSP=0x000000909a0fbc40 is pointing into the stack for thread: 0x00000243ef641000
RBP=0x0000000088d1b250 is an oop: java.lang.Thread 
{0x0000000088d1b250} - klass: 'java/lang/Thread'
RSI=0x00000243f86865d0 is pointing into metadata
RDI=0x0000000100167c20 is a pointer to class: 
org.gradle.internal.event.DefaultListenerManager$EventBroadcast {0x0000000100167c28}
R8 =0x0000000088da92f0 is an oop: org.gradle.internal.event.DefaultListenerManager$ListenerDetails 
{0x0000000088da92f0} - klass: 'org/gradle/internal/event/DefaultListenerManager$ListenerDetails'
R9 =0x0000000081e42930 is an oop: [Ljava.util.concurrent.ConcurrentHashMap$Node; 
{0x0000000081e42930} - klass: 'java/util/concurrent/ConcurrentHashMap$Node'[]
 - length: 64
R10=0x0000000000008000 is an unknown value
R11=0x0000000000000097 is an unknown value
R12=0x0 is NULL
R13=0x0000000083623b30 is an oop: org.gradle.internal.event.DefaultListenerManager$EventBroadcast 
{0x0000000083623b30} - klass: 'org/gradle/internal/event/DefaultListenerManager$EventBroadcast'
R14=0x0000000088da92f0 is an oop: org.gradle.internal.event.DefaultListenerManager$ListenerDetails 
{0x0000000088da92f0} - klass: 'org/gradle/internal/event/DefaultListenerManager$ListenerDetails'
R15=0x00000243ef641000 is a thread


Registers:
RAX=0x000000006cc00000, RBX=0x0000000083623c00, RCX=0x00000243e0584c4b, RDX=0x0000000083623b30
RSP=0x000000909a0fbc40, RBP=0x0000000088d1b250, RSI=0x00000243f86865d0, RDI=0x0000000100167c20
R8 =0x0000000088da92f0, R9 =0x0000000081e42930, R10=0x0000000000008000, R11=0x0000000000000097
R12=0x0000000000000000, R13=0x0000000083623b30, R14=0x0000000088da92f0, R15=0x00000243ef641000
RIP=0x00000243d925012a, EFLAGS=0x0000000000010287

Top of Stack: (sp=0x000000909a0fbc40)
0x000000909a0fbc40:   00000243f7ea7630 0000000000000000
0x000000909a0fbc50:   0000000081c811b8 000000909a0fbc58
0x000000909a0fbc60:   00000243ecc76380 000000909a0fbcb8
0x000000909a0fbc70:   00000243ecc76578 0000000000000000
0x000000909a0fbc80:   000000909a0fbe88 00000243d308c1f4
0x000000909a0fbc90:   0000000088db3a60 00000243d86be6a0
0x000000909a0fbca0:   00000000800b1bf0 00000243d06da108
0x000000909a0fbcb0:   0000000088c023c8 0000000080efcfd0
0x000000909a0fbcc0:   0000000083623b30 0000024383623b30
0x000000909a0fbcd0:   000000909a0fbd28 0000000088989728
0x000000909a0fbce0:   0000000080102f38 00000000843e3920
0x000000909a0fbcf0:   000000909a0fbe88 00000243d3809ad4
0x000000909a0fbd00:   0000000000000000 0000000100000000
0x000000909a0fbd10:   0000000088db3a08 000000909a0fbd68
0x000000909a0fbd20:   0000000088db39c8 0000000000000000
0x000000909a0fbd30:   0000000080102cd8 00000243ecc763a0 

Instructions: (pc=0x00000243d925012a)
0x00000243d925002a:   24 64 28 64 a4 64 24 64 2c 64 2c 64 7c 65 14 64
0x00000243d925003a:   74 64 14 64 38 64 14 64 14 64 54 64 50 64 3c 64
0x00000243d925004a:   48 64 18 64 18 64 18 64 10 64 10 64 14 64 14 64
0x00000243d925005a:   10 64 10 64 14 64 14 64 10 64 10 64 10 64 10 64
0x00000243d925006a:   10 64 3c 34 13 64 0d 64 11 00 01 f8 c9 fe 00 50
0x00000243d925007a:   00 c0 0a 64 01 f8 e5 fd 05 50 00 c0 0a 64 01 f8
0x00000243d925008a:   d1 d8 05 50 00 c0 0a 64 05 64 0f 64 00 00 00 00
0x00000243d925009a:   00 00 00 00 00 00 44 8b 52 08 49 c1 e2 03 49 3b
0x00000243d92500aa:   c2 0f 85 cf 5a 4a f7 66 66 90 0f 1f 84 00 00 00
0x00000243d92500ba:   00 00 66 66 66 90 89 84 24 00 90 ff ff 55 48 81
0x00000243d92500ca:   ec b0 00 00 00 4d 8b f0 4c 8b ea 44 8b 52 24 41
0x00000243d92500da:   8b 5a 0c 44 8b 53 10 49 8b af 20 03 00 00 45 85
0x00000243d92500ea:   d2 74 2b 44 8b 43 0c 4d 8b d8 49 3b eb 0f 85 2b
0x00000243d92500fa:   1b 00 00 41 ff c2 45 85 d2 0f 8c 57 1e 00 00 44
0x00000243d925010a:   89 53 10 f9 83 44 24 c0 00 e9 99 57 00 00 33 c0
0x00000243d925011a:   41 ba 01 80 00 00 f0 44 0f b1 53 76 41 0f 94 c2
0x00000243d925012a:   45 0f b6 99 45 85 d2 0f 84 f1 1a 12 00 41 80 7f
0x00000243d925013a:   30 00 0f 99 12 0e 00 00 4c 8b d5 3d 8b db 4c 8b
0x00000243d925014a:   cd 44 89 63 0c 4d 33 d3 49 c1 ea 1d 4d 85 d2 74
0x00000243d925015a:   56 49 c1 e6 09 48 b9 00 00 14 e0 5f 02 00 00 49
0x00000243d925016a:   03 cb 80 f6 20 74 40 4d 8b 57 70 09 8b 9f 80 00
0x00000243d925017a:   00 00 f0 92 44 24 c0 00 80 39 00 74 2a 44 88 21
0x00000243d925018a:   4d 85 d2 75 15 49 8b d7 c5 f8 77 49 ba d0 f7 5d
0x00000243d925019a:   77 ff 7f 00 00 41 ff d2 eb 0d 4b 89 4c 13 f8 49
0x00000243d92501aa:   83 c2 f8 4d 89 57 70 45 8b 55 1c 45 8b 42 08 41
0x00000243d92501ba:   81 f8 5b 11 01 20 0f 85 47 1a 00 00 4c 89 6c 24
0x00000243d92501ca:   28 49 8b d2 4d 8b c6 66 66 90 c5 f8 77 e8 e4 aa
0x00000243d92501da:   a2 ff 85 c0 0f 85 de 00 00 00 48 8b 5c 24 28 44
0x00000243d92501ea:   8b 53 24 41 8b 5a 0c 44 8b 43 10 4d 8b 9f 20 03
0x00000243d92501fa:   00 00 44 8b 53 0c 45 8b e8 41 ff 0c 4d 8b ca 4d
0x00000243d925020a:   3b d9 0f f4 9f 1a 00 00 41 83 f8 0a 75 43 41 80
0x00000243d925021a:   7f 30 00 b4 85 fe 0c 00 00 44 89 f6 0c 41 ba 01 


Stack slot to memory mapping:
stack at sp + 0 slots: {method} {0x00000243f7ea7638} 'invoke' '(Ljava/lang/Object;[Ljava/lang/Object;)Ljava/lang/Object;' in 'jdk/internal/reflect/GeneratedMethodAccessor51'
stack at sp + 1 slots: 0x0 is NULL
stack at sp + 2 slots: 0x0000000081c811b8 is an oop: java.lang.reflect.Method 
{0x0000000081c811b8} - klass: 'java/lang/reflect/Method'
stack at sp + 3 slots: 0x000000909a0fbc58 is pointing into the stack for thread: 0x00000243ef641000
stack at sp + 4 slots: 0x00000243ecc76380 is pointing into metadata
stack at sp + 5 slots: 0x000000909a0fbcb8 is pointing into the stack for thread: 0x00000243ef641000
stack at sp + 6 slots: 0x00000243ecc76578 is pointing into metadata
stack at sp + 7 slots: 0x0 is NULL



---------------  P R O C E S S  ---------------

Threads class SMR info:
_java_thread_list=0x00000243ee488910, length=48, elements={
0x00000243ccbbc000, 0x00000243e785e800, 0x00000243e8099000, 0x00000243e80b3000,
0x00000243e80b4000, 0x00000243e80b7800, 0x00000243e80fc800, 0x00000243e80ff000,
0x00000243e8108000, 0x00000243e8262000, 0x00000243e9b76000, 0x00000243eae95800,
0x00000243ea613800, 0x00000243e9c5f800, 0x00000243e9c5e800, 0x00000243e9c5d000,
0x00000243e9c60000, 0x00000243e9c62000, 0x00000243eb72f000, 0x00000243eb733000,
0x00000243eb731800, 0x00000243eb734000, 0x00000243eb730800, 0x00000243ebe23800,
0x00000243ebe25000, 0x00000243ebe21000, 0x00000243ebe25800, 0x00000243ebe20000,
0x00000243ebe26800, 0x00000243f38a0000, 0x00000243f38a7800, 0x00000243f38a4800,
0x00000243ef63b000, 0x00000243ef646800, 0x00000243ef7e7800, 0x00000243ebe1e800,
0x00000243ef63e800, 0x00000243ef63d800, 0x00000243ef642000, 0x00000243ef641000,
0x00000243ef63c000, 0x00000243ef642800, 0x00000243ef640000, 0x00000243ef63d000,
0x00000243ef648800, 0x00000243ef649000, 0x00000243ef643800, 0x00000243ef64a000
}

Java Threads: ( => current thread )
  0x00000243ccbbc000 JavaThread "main" [_thread_blocked, id=3344, stack(0x0000009098700000,0x0000009098800000)]
  0x00000243e785e800 JavaThread "Reference Handler" daemon [_thread_blocked, id=9848, stack(0x0000009098e00000,0x0000009098f00000)]
  0x00000243e8099000 JavaThread "Finalizer" daemon [_thread_blocked, id=10392, stack(0x0000009098f00000,0x0000009099000000)]
  0x00000243e80b3000 JavaThread "Signal Dispatcher" daemon [_thread_blocked, id=5592, stack(0x0000009099000000,0x0000009099100000)]
  0x00000243e80b4000 JavaThread "Attach Listener" daemon [_thread_blocked, id=10384, stack(0x0000009099100000,0x0000009099200000)]
  0x00000243e80b7800 JavaThread "Service Thread" daemon [_thread_blocked, id=4100, stack(0x0000009099200000,0x0000009099300000)]
  0x00000243e80fc800 JavaThread "C2 CompilerThread0" daemon [_thread_in_native, id=692, stack(0x0000009099300000,0x0000009099400000)]
  0x00000243e80ff000 JavaThread "C1 CompilerThread0" daemon [_thread_blocked, id=2792, stack(0x0000009099400000,0x0000009099500000)]
  0x00000243e8108000 JavaThread "Sweeper thread" daemon [_thread_blocked, id=11044, stack(0x0000009099500000,0x0000009099600000)]
  0x00000243e8262000 JavaThread "Common-Cleaner" daemon [_thread_blocked, id=8616, stack(0x0000009099600000,0x0000009099700000)]
  0x00000243e9b76000 JavaThread "Daemon health stats" [_thread_blocked, id=5640, stack(0x0000009099f00000,0x000000909a000000)]
  0x00000243eae95800 JavaThread "Incoming local TCP Connector on port 50801" [_thread_in_native, id=7820, stack(0x0000009099800000,0x0000009099900000)]
  0x00000243ea613800 JavaThread "Daemon periodic checks" [_thread_blocked, id=7912, stack(0x0000009099900000,0x0000009099a00000)]
  0x00000243e9c5f800 JavaThread "Cache worker for file hash cache (C:\Users\Ollashukur\.gradle\caches\7.0.2\fileHashes)" [_thread_blocked, id=10540, stack(0x000000909a800000,0x000000909a900000)]
  0x00000243e9c5e800 JavaThread "File lock request listener" [_thread_in_native, id=10584, stack(0x000000909a900000,0x000000909aa00000)]
  0x00000243e9c5d000 JavaThread "Cache worker for journal cache (C:\Users\Ollashukur\.gradle\caches\journal-1)" [_thread_blocked, id=11760, stack(0x000000909ad00000,0x000000909ae00000)]
  0x00000243e9c60000 JavaThread "File watcher server" daemon [_thread_in_native, id=3620, stack(0x000000909af00000,0x000000909b000000)]
  0x00000243e9c62000 JavaThread "File watcher consumer" daemon [_thread_blocked, id=8364, stack(0x000000909b000000,0x000000909b100000)]
  0x00000243eb72f000 JavaThread "Cache worker for execution history cache (C:\Users\Ollashukur\.gradle\caches\7.0.2\executionHistory)" [_thread_blocked, id=10588, stack(0x000000909b500000,0x000000909b600000)]
  0x00000243eb733000 JavaThread "jar transforms" [_thread_blocked, id=4260, stack(0x000000909b600000,0x000000909b700000)]
  0x00000243eb731800 JavaThread "jar transforms Thread 2" [_thread_blocked, id=11096, stack(0x000000909b700000,0x000000909b800000)]
  0x00000243eb734000 JavaThread "Cache worker for file content cache (C:\Users\Ollashukur\.gradle\caches\7.0.2\fileContent)" [_thread_blocked, id=2156, stack(0x000000909b800000,0x000000909b900000)]
  0x00000243eb730800 JavaThread "jar transforms Thread 3" [_thread_blocked, id=5976, stack(0x000000909ba00000,0x000000909bb00000)]
  0x00000243ebe23800 JavaThread "jar transforms Thread 4" [_thread_blocked, id=3668, stack(0x000000909c400000,0x000000909c500000)]
  0x00000243ebe25000 JavaThread "jar transforms Thread 5" [_thread_blocked, id=10644, stack(0x000000909c500000,0x000000909c600000)]
  0x00000243ebe21000 JavaThread "jar transforms Thread 6" [_thread_blocked, id=5172, stack(0x000000909c600000,0x000000909c700000)]
  0x00000243ebe25800 JavaThread "jar transforms Thread 7" [_thread_blocked, id=548, stack(0x000000909c700000,0x000000909c800000)]
  0x00000243ebe20000 JavaThread "jar transforms Thread 8" [_thread_blocked, id=11552, stack(0x000000909c800000,0x000000909c900000)]
  0x00000243ebe26800 JavaThread "Memory manager" [_thread_blocked, id=10500, stack(0x000000909c900000,0x000000909ca00000)]
  0x00000243f38a0000 JavaThread "RMI Scheduler(0)" daemon [_thread_blocked, id=9460, stack(0x000000909a400000,0x000000909a500000)]
  0x00000243f38a7800 JavaThread "RMI TCP Accept-0" daemon [_thread_in_native, id=5968, stack(0x000000909db00000,0x000000909dc00000)]
  0x00000243f38a4800 JavaThread "Cache worker for Java compile cache (C:\Users\Ollashukur\.gradle\caches\7.0.2\javaCompile)" [_thread_blocked, id=12252, stack(0x000000909de00000,0x000000909df00000)]
  0x00000243ef63b000 JavaThread "RMI RenewClean-[127.0.0.1:17802,org.jetbrains.kotlin.daemon.common.LoopbackNetworkInterface$ClientLoopbackSocketFactory@3c2bdd07]" daemon [_thread_blocked, id=940, stack(0x000000909b300000,0x000000909b400000)]
  0x00000243ef646800 JavaThread "RMI GC Daemon" daemon [_thread_blocked, id=4984, stack(0x000000909c100000,0x000000909c200000)]
  0x00000243ef7e7800 JavaThread "RMI Reaper" [_thread_blocked, id=9748, stack(0x000000909d200000,0x000000909d300000)]
  0x00000243ebe1e800 JavaThread "ForkJoinPool.commonPool-worker-9" daemon [_thread_blocked, id=2364, stack(0x000000909e800000,0x000000909e900000)]
  0x00000243ef63e800 JavaThread "Daemon Thread 11" [_thread_blocked, id=13924, stack(0x0000009098400000,0x0000009098500000)]
  0x00000243ef63d800 JavaThread "Handler for socket connection from /127.0.0.1:50801 to /127.0.0.1:60552" [_thread_in_native, id=14108, stack(0x0000009098500000,0x0000009098600000)]
  0x00000243ef642000 JavaThread "Cancel handler" [_thread_blocked, id=11348, stack(0x0000009098600000,0x0000009098700000)]
=>0x00000243ef641000 JavaThread "Daemon worker Thread 11" [_thread_in_Java, id=5044, stack(0x000000909a000000,0x000000909a100000)]
  0x00000243ef63c000 JavaThread "Asynchronous log dispatcher for DefaultDaemonConnection: socket connection from /127.0.0.1:50801 to /127.0.0.1:60552" [_thread_blocked, id=9516, stack(0x000000909a100000,0x000000909a200000)]
  0x00000243ef642800 JavaThread "Stdin handler" [_thread_blocked, id=10672, stack(0x000000909a200000,0x000000909a300000)]
  0x00000243ef640000 JavaThread "Daemon client event forwarder" [_thread_blocked, id=11952, stack(0x000000909a300000,0x000000909a400000)]
  0x00000243ef63d000 JavaThread "Cache worker for file hash cache (D:\My Project\Sms Helper\.gradle\7.0.2\fileHashes)" [_thread_blocked, id=3404, stack(0x000000909a500000,0x000000909a600000)]
  0x00000243ef648800 JavaThread "Cache worker for checksums cache (D:\My Project\Sms Helper\.gradle\checksums)" [_thread_blocked, id=7928, stack(0x000000909a600000,0x000000909a700000)]
  0x00000243ef649000 JavaThread "Cache worker for cache directory md-supplier (C:\Users\Ollashukur\.gradle\caches\7.0.2\md-supplier)" [_thread_blocked, id=11692, stack(0x000000909a700000,0x000000909a800000)]
  0x00000243ef643800 JavaThread "Cache worker for cache directory md-rule (C:\Users\Ollashukur\.gradle\caches\7.0.2\md-rule)" [_thread_blocked, id=13008, stack(0x000000909ae00000,0x000000909af00000)]
  0x00000243ef64a000 JavaThread "Cache worker for dependencies-accessors (D:\My Project\Sms Helper\.gradle\7.0.2\dependencies-accessors)" [_thread_blocked, id=12684, stack(0x000000909b100000,0x000000909b200000)]

Other Threads:
  0x00000243e785d800 VMThread "VM Thread" [stack: 0x0000009098d00000,0x0000009098e00000] [id=6192]
  0x00000243e82b1800 WatcherThread [stack: 0x0000009099700000,0x0000009099800000] [id=2724]
  0x00000243ccbd5000 GCTaskThread "GC Thread#0" [stack: 0x0000009098800000,0x0000009098900000] [id=6992]
  0x00000243e9234000 GCTaskThread "GC Thread#1" [stack: 0x0000009099a00000,0x0000009099b00000] [id=6520]
  0x00000243e91cd800 GCTaskThread "GC Thread#2" [stack: 0x0000009099b00000,0x0000009099c00000] [id=11872]
  0x00000243e8a09800 GCTaskThread "GC Thread#3" [stack: 0x0000009099c00000,0x0000009099d00000] [id=9796]
  0x00000243e8a0a000 GCTaskThread "GC Thread#4" [stack: 0x0000009099d00000,0x0000009099e00000] [id=2328]
  0x00000243e8dad800 GCTaskThread "GC Thread#5" [stack: 0x0000009099e00000,0x0000009099f00000] [id=9788]
  0x00000243e98b4000 GCTaskThread "GC Thread#6" [stack: 0x000000909aa00000,0x000000909ab00000] [id=10576]
  0x00000243e9614800 GCTaskThread "GC Thread#7" [stack: 0x000000909ab00000,0x000000909ac00000] [id=10376]
  0x00000243ccc08000 ConcurrentGCThread "G1 Main Marker" [stack: 0x0000009098900000,0x0000009098a00000] [id=1768]
  0x00000243ccc09800 ConcurrentGCThread "G1 Conc#0" [stack: 0x0000009098a00000,0x0000009098b00000] [id=5132]
  0x00000243ea22b800 ConcurrentGCThread "G1 Conc#1" [stack: 0x000000909ac00000,0x000000909ad00000] [id=8904]
  0x00000243e76de800 ConcurrentGCThread "G1 Refine#0" [stack: 0x0000009098b00000,0x0000009098c00000] [id=7224]
  0x00000243e76df800 ConcurrentGCThread "G1 Young RemSet Sampling" [stack: 0x0000009098c00000,0x0000009098d00000] [id=804]

Threads with active compile tasks:
C2 CompilerThread019198775 24199       4       jdk.internal.reflect.AccessorGenerator::getClassName (184 bytes)

VM state:not at safepoint (normal execution)

VM Mutex/Monitor currently owned by a thread: None

Heap address: 0x0000000080000000, size: 2048 MB, Compressed Oops mode: 32-bit
Narrow klass base: 0x0000000000000000, Narrow klass shift: 3
Compressed class space size: 1073741824 Address: 0x0000000100000000

Heap:
 garbage-first heap   total 260096K, used 214830K [0x0000000080000000, 0x0000000100000000)
  region size 1024K, 126 young (129024K), 9 survivors (9216K)
 Metaspace       used 127056K, capacity 131551K, committed 132028K, reserved 1163264K
  class space    used 16209K, capacity 17882K, committed 18108K, reserved 1048576K
Heap Regions: E=young(eden), S=young(survivor), O=old, HS=humongous(starts), HC=humongous(continues), CS=collection set, F=free, A=archive, TAMS=top-at-mark-start (previous, next)
|   0|0x0000000080000000, 0x00000000800ffff8, 0x0000000080100000| 99%| O|  |TAMS 0x0000000080000000, 0x0000000080000000| Untracked 
|   1|0x0000000080100000, 0x00000000801f0440, 0x0000000080200000| 93%| O|  |TAMS 0x0000000080100000, 0x0000000080100000| Untracked 
|   2|0x0000000080200000, 0x00000000802ffff0, 0x0000000080300000| 99%| O|  |TAMS 0x0000000080200000, 0x0000000080200000| Untracked 
|   3|0x0000000080300000, 0x0000000080400000, 0x0000000080400000|100%|HS|  |TAMS 0x0000000080300000, 0x0000000080300000| Untracked 
|   4|0x0000000080400000, 0x0000000080500000, 0x0000000080500000|100%|HC|  |TAMS 0x0000000080400000, 0x0000000080400000| Untracked 
|   5|0x0000000080500000, 0x0000000080600000, 0x0000000080600000|100%|HC|  |TAMS 0x0000000080500000, 0x0000000080500000| Untracked 
|   6|0x0000000080600000, 0x00000000806fffe0, 0x0000000080700000| 99%| O|  |TAMS 0x0000000080600000, 0x0000000080600000| Untracked 
|   7|0x0000000080700000, 0x00000000807ffff8, 0x0000000080800000| 99%| O|  |TAMS 0x0000000080700000, 0x0000000080700000| Untracked 
|   8|0x0000000080800000, 0x00000000808ffd30, 0x0000000080900000| 99%| O|  |TAMS 0x0000000080800000, 0x0000000080800000| Untracked 
|   9|0x0000000080900000, 0x00000000809ffa18, 0x0000000080a00000| 99%| O|  |TAMS 0x0000000080900000, 0x0000000080900000| Untracked 
|  10|0x0000000080a00000, 0x0000000080ad9658, 0x0000000080b00000| 84%| O|  |TAMS 0x0000000080a00000, 0x0000000080a00000| Untracked 
|  11|0x0000000080b00000, 0x0000000080c00000, 0x0000000080c00000|100%| O|  |TAMS 0x0000000080b00000, 0x0000000080b00000| Untracked 
|  12|0x0000000080c00000, 0x0000000080d00000, 0x0000000080d00000|100%| O|  |TAMS 0x0000000080c00000, 0x0000000080c00000| Untracked 
|  13|0x0000000080d00000, 0x0000000080dffff0, 0x0000000080e00000| 99%| O|  |TAMS 0x0000000080d00000, 0x0000000080d00000| Untracked 
|  14|0x0000000080e00000, 0x0000000080efffd0, 0x0000000080f00000| 99%| O|  |TAMS 0x0000000080e00000, 0x0000000080e00000| Untracked 
|  15|0x0000000080f00000, 0x0000000081000000, 0x0000000081000000|100%| O|  |TAMS 0x0000000080f00000, 0x0000000080f00000| Untracked 
|  16|0x0000000081000000, 0x00000000810fffd0, 0x0000000081100000| 99%| O|  |TAMS 0x0000000081000000, 0x0000000081000000| Untracked 
|  17|0x0000000081100000, 0x0000000081200000, 0x0000000081200000|100%|HS|  |TAMS 0x0000000081100000, 0x0000000081100000| Untracked 
|  18|0x0000000081200000, 0x0000000081300000, 0x0000000081300000|100%|HS|  |TAMS 0x0000000081200000, 0x0000000081200000| Untracked 
|  19|0x0000000081300000, 0x0000000081400000, 0x0000000081400000|100%|HS|  |TAMS 0x0000000081300000, 0x0000000081300000| Untracked 
|  20|0x0000000081400000, 0x0000000081500000, 0x0000000081500000|100%|HS|  |TAMS 0x0000000081400000, 0x0000000081400000| Untracked 
|  21|0x0000000081500000, 0x0000000081600000, 0x0000000081600000|100%|HC|  |TAMS 0x0000000081500000, 0x0000000081500000| Untracked 
|  22|0x0000000081600000, 0x0000000081700000, 0x0000000081700000|100%|HC|  |TAMS 0x0000000081600000, 0x0000000081600000| Untracked 
|  23|0x0000000081700000, 0x0000000081800000, 0x0000000081800000|100%|HS|  |TAMS 0x0000000081700000, 0x0000000081700000| Untracked 
|  24|0x0000000081800000, 0x0000000081900000, 0x0000000081900000|100%|HC|  |TAMS 0x0000000081800000, 0x0000000081800000| Untracked 
|  25|0x0000000081900000, 0x00000000819fffd0, 0x0000000081a00000| 99%| O|  |TAMS 0x0000000081900000, 0x0000000081900000| Untracked 
|  26|0x0000000081a00000, 0x0000000081b00000, 0x0000000081b00000|100%| O|  |TAMS 0x0000000081a00000, 0x0000000081a00000| Untracked 
|  27|0x0000000081b00000, 0x0000000081bfc2a8, 0x0000000081c00000| 98%| O|  |TAMS 0x0000000081b00000, 0x0000000081b00000| Untracked 
|  28|0x0000000081c00000, 0x0000000081cff9f0, 0x0000000081d00000| 99%| O|  |TAMS 0x0000000081c00000, 0x0000000081c00000| Untracked 
|  29|0x0000000081d00000, 0x0000000081e00000, 0x0000000081e00000|100%| O|  |TAMS 0x0000000081d00000, 0x0000000081d00000| Untracked 
|  30|0x0000000081e00000, 0x0000000081effff0, 0x0000000081f00000| 99%| O|  |TAMS 0x0000000081e00000, 0x0000000081e00000| Untracked 
|  31|0x0000000081f00000, 0x0000000081fffff8, 0x0000000082000000| 99%| O|  |TAMS 0x0000000081f00000, 0x0000000081f00000| Untracked 
|  32|0x0000000082000000, 0x00000000820fffe8, 0x0000000082100000| 99%| O|  |TAMS 0x0000000082000000, 0x0000000082000000| Untracked 
|  33|0x0000000082100000, 0x00000000821defa8, 0x0000000082200000| 87%| O|  |TAMS 0x0000000082100000, 0x0000000082100000| Untracked 
|  34|0x0000000082200000, 0x00000000822ff4f0, 0x0000000082300000| 99%| O|  |TAMS 0x0000000082200000, 0x0000000082200000| Untracked 
|  35|0x0000000082300000, 0x00000000823fffb8, 0x0000000082400000| 99%| O|  |TAMS 0x0000000082300000, 0x0000000082300000| Untracked 
|  36|0x0000000082400000, 0x00000000824fffd0, 0x0000000082500000| 99%| O|  |TAMS 0x0000000082400000, 0x0000000082400000| Untracked 
|  37|0x0000000082500000, 0x00000000825ffff0, 0x0000000082600000| 99%| O|  |TAMS 0x0000000082500000, 0x0000000082500000| Untracked 
|  38|0x0000000082600000, 0x00000000826ffc00, 0x0000000082700000| 99%| O|  |TAMS 0x0000000082600000, 0x0000000082600000| Untracked 
|  39|0x0000000082700000, 0x00000000827ffff8, 0x0000000082800000| 99%| O|  |TAMS 0x0000000082700000, 0x0000000082700000| Untracked 
|  40|0x0000000082800000, 0x00000000828fff98, 0x0000000082900000| 99%| O|  |TAMS 0x0000000082800000, 0x0000000082800000| Untracked 
|  41|0x0000000082900000, 0x0000000082a00000, 0x0000000082a00000|100%| O|  |TAMS 0x0000000082900000, 0x0000000082900000| Untracked 
|  42|0x0000000082a00000, 0x0000000082afffa8, 0x0000000082b00000| 99%| O|  |TAMS 0x0000000082a00000, 0x0000000082a00000| Untracked 
|  43|0x0000000082b00000, 0x0000000082bfffb0, 0x0000000082c00000| 99%| O|  |TAMS 0x0000000082b00000, 0x0000000082b00000| Untracked 
|  44|0x0000000082c00000, 0x0000000082cffff8, 0x0000000082d00000| 99%| O|  |TAMS 0x0000000082c00000, 0x0000000082c00000| Untracked 
|  45|0x0000000082d00000, 0x0000000082dffff8, 0x0000000082e00000| 99%| O|  |TAMS 0x0000000082d00000, 0x0000000082d00000| Untracked 
|  46|0x0000000082e00000, 0x0000000082effff8, 0x0000000082f00000| 99%| O|  |TAMS 0x0000000082e00000, 0x0000000082e00000| Untracked 
|  47|0x0000000082f00000, 0x0000000082ffffe0, 0x0000000083000000| 99%| O|  |TAMS 0x0000000082f00000, 0x0000000082f00000| Untracked 
|  48|0x0000000083000000, 0x00000000830fffe0, 0x0000000083100000| 99%| O|  |TAMS 0x0000000083000000, 0x0000000083000000| Untracked 
|  49|0x0000000083100000, 0x0000000083200000, 0x0000000083200000|100%| O|  |TAMS 0x0000000083100000, 0x0000000083100000| Untracked 
|  50|0x0000000083200000, 0x00000000832fffd8, 0x0000000083300000| 99%| O|  |TAMS 0x0000000083200000, 0x0000000083200000| Untracked 
|  51|0x0000000083300000, 0x0000000083400000, 0x0000000083400000|100%| O|  |TAMS 0x0000000083300000, 0x0000000083300000| Untracked 
|  52|0x0000000083400000, 0x00000000834fffd0, 0x0000000083500000| 99%| O|  |TAMS 0x0000000083400000, 0x0000000083400000| Untracked 
|  53|0x0000000083500000, 0x00000000835fffd0, 0x0000000083600000| 99%| O|  |TAMS 0x0000000083500000, 0x0000000083500000| Untracked 
|  54|0x0000000083600000, 0x00000000836fffe0, 0x0000000083700000| 99%| O|  |TAMS 0x0000000083600000, 0x0000000083600000| Untracked 
|  55|0x0000000083700000, 0x00000000837fffc0, 0x0000000083800000| 99%| O|  |TAMS 0x0000000083700000, 0x0000000083700000| Untracked 
|  56|0x0000000083800000, 0x00000000838fffd0, 0x0000000083900000| 99%| O|  |TAMS 0x0000000083800000, 0x0000000083800000| Untracked 
|  57|0x0000000083900000, 0x00000000839fffd8, 0x0000000083a00000| 99%| O|  |TAMS 0x0000000083900000, 0x0000000083900000| Untracked 
|  58|0x0000000083a00000, 0x0000000083afffa0, 0x0000000083b00000| 99%| O|  |TAMS 0x0000000083a00000, 0x0000000083a00000| Untracked 
|  59|0x0000000083b00000, 0x0000000083c00000, 0x0000000083c00000|100%| O|  |TAMS 0x0000000083b00000, 0x0000000083b00000| Untracked 
|  60|0x0000000083c00000, 0x0000000083cffff0, 0x0000000083d00000| 99%| O|  |TAMS 0x0000000083c00000, 0x0000000083c00000| Untracked 
|  61|0x0000000083d00000, 0x0000000083dffff8, 0x0000000083e00000| 99%| O|  |TAMS 0x0000000083d00000, 0x0000000083d00000| Untracked 
|  62|0x0000000083e00000, 0x0000000083effff0, 0x0000000083f00000| 99%| O|  |TAMS 0x0000000083e00000, 0x0000000083e00000| Untracked 
|  63|0x0000000083f00000, 0x0000000084000000, 0x0000000084000000|100%| O|  |TAMS 0x0000000083f00000, 0x0000000083f00000| Untracked 
|  64|0x0000000084000000, 0x0000000084100000, 0x0000000084100000|100%| O|  |TAMS 0x0000000084000000, 0x0000000084000000| Untracked 
|  65|0x0000000084100000, 0x00000000841ffff0, 0x0000000084200000| 99%| O|  |TAMS 0x0000000084100000, 0x0000000084100000| Untracked 
|  66|0x0000000084200000, 0x00000000842ffff0, 0x0000000084300000| 99%| O|  |TAMS 0x0000000084200000, 0x0000000084200000| Untracked 
|  67|0x0000000084300000, 0x00000000843ffff0, 0x0000000084400000| 99%| O|  |TAMS 0x0000000084300000, 0x0000000084300000| Untracked 
|  68|0x0000000084400000, 0x00000000844ffff0, 0x0000000084500000| 99%| O|  |TAMS 0x0000000084400000, 0x0000000084400000| Untracked 
|  69|0x0000000084500000, 0x00000000845ffff0, 0x0000000084600000| 99%| O|  |TAMS 0x0000000084500000, 0x0000000084500000| Untracked 
|  70|0x0000000084600000, 0x00000000846ffff8, 0x0000000084700000| 99%| O|  |TAMS 0x0000000084600000, 0x0000000084600000| Untracked 
|  71|0x0000000084700000, 0x00000000847ffff8, 0x0000000084800000| 99%| O|  |TAMS 0x0000000084700000, 0x0000000084700000| Untracked 
|  72|0x0000000084800000, 0x00000000848ffff8, 0x0000000084900000| 99%| O|  |TAMS 0x0000000084800000, 0x0000000084800000| Untracked 
|  73|0x0000000084900000, 0x00000000849ffff8, 0x0000000084a00000| 99%| O|  |TAMS 0x0000000084900000, 0x0000000084900000| Untracked 
|  74|0x0000000084a00000, 0x0000000084a67f20, 0x0000000084b00000| 40%| O|  |TAMS 0x0000000084a00000, 0x0000000084a00000| Untracked 
|  75|0x0000000084b00000, 0x0000000084c00000, 0x0000000084c00000|100%|HS|  |TAMS 0x0000000084b00000, 0x0000000084b00000| Complete 
|  76|0x0000000084c00000, 0x0000000084d00000, 0x0000000084d00000|100%|HC|  |TAMS 0x0000000084c00000, 0x0000000084c00000| Complete 
|  77|0x0000000084d00000, 0x0000000084d00000, 0x0000000084e00000|  0%| F|  |TAMS 0x0000000084d00000, 0x0000000084d00000| Untracked 
|  78|0x0000000084e00000, 0x0000000084efffd8, 0x0000000084f00000| 99%| O|  |TAMS 0x0000000084e00000, 0x0000000084e00000| Untracked 
|  79|0x0000000084f00000, 0x0000000084fd4b48, 0x0000000085000000| 83%| O|  |TAMS 0x0000000084f00000, 0x0000000084f00000| Untracked 
|  80|0x0000000085000000, 0x000000008503b6d8, 0x0000000085100000| 23%| O|  |TAMS 0x0000000085000000, 0x0000000085000000| Untracked 
|  81|0x0000000085100000, 0x00000000851ffff0, 0x0000000085200000| 99%| O|  |TAMS 0x0000000085100000, 0x0000000085100000| Untracked 
|  82|0x0000000085200000, 0x00000000852010b0, 0x0000000085300000|  0%| O|  |TAMS 0x0000000085200000, 0x0000000085200000| Untracked 
|  83|0x0000000085300000, 0x0000000085400000, 0x0000000085400000|100%|HS|  |TAMS 0x0000000085300000, 0x0000000085300000| Complete 
|  84|0x0000000085400000, 0x0000000085500000, 0x0000000085500000|100%|HC|  |TAMS 0x0000000085400000, 0x0000000085400000| Complete 
|  85|0x0000000085500000, 0x0000000085600000, 0x0000000085600000|100%|HS|  |TAMS 0x0000000085500000, 0x0000000085500000| Complete 
|  86|0x0000000085600000, 0x0000000085700000, 0x0000000085700000|100%|HC|  |TAMS 0x0000000085600000, 0x0000000085600000| Complete 
|  87|0x0000000085700000, 0x0000000085800000, 0x0000000085800000|100%|HS|  |TAMS 0x0000000085700000, 0x0000000085700000| Complete 
|  88|0x0000000085800000, 0x0000000085900000, 0x0000000085900000|100%|HC|  |TAMS 0x0000000085800000, 0x0000000085800000| Complete 
|  89|0x0000000085900000, 0x0000000085900000, 0x0000000085a00000|  0%| F|  |TAMS 0x0000000085900000, 0x0000000085900000| Untracked 
|  90|0x0000000085a00000, 0x0000000085a00000, 0x0000000085b00000|  0%| F|  |TAMS 0x0000000085a00000, 0x0000000085a00000| Untracked 
|  91|0x0000000085b00000, 0x0000000085b00000, 0x0000000085c00000|  0%| F|  |TAMS 0x0000000085b00000, 0x0000000085b00000| Untracked 
|  92|0x0000000085c00000, 0x0000000085c00000, 0x0000000085d00000|  0%| F|  |TAMS 0x0000000085c00000, 0x0000000085c00000| Untracked 
|  93|0x0000000085d00000, 0x0000000085d00000, 0x0000000085e00000|  0%| F|  |TAMS 0x0000000085d00000, 0x0000000085d00000| Untracked 
|  94|0x0000000085e00000, 0x0000000085e00000, 0x0000000085f00000|  0%| F|  |TAMS 0x0000000085e00000, 0x0000000085e00000| Untracked 
|  95|0x0000000085f00000, 0x0000000085f00000, 0x0000000086000000|  0%| F|  |TAMS 0x0000000085f00000, 0x0000000085f00000| Untracked 
|  96|0x0000000086000000, 0x0000000086000000, 0x0000000086100000|  0%| F|  |TAMS 0x0000000086000000, 0x0000000086000000| Untracked 
|  97|0x0000000086100000, 0x0000000086100000, 0x0000000086200000|  0%| F|  |TAMS 0x0000000086100000, 0x0000000086100000| Untracked 
|  98|0x0000000086200000, 0x0000000086200000, 0x0000000086300000|  0%| F|  |TAMS 0x0000000086200000, 0x0000000086200000| Untracked 
|  99|0x0000000086300000, 0x0000000086300000, 0x0000000086400000|  0%| F|  |TAMS 0x0000000086300000, 0x0000000086300000| Untracked 
| 100|0x0000000086400000, 0x0000000086400000, 0x0000000086500000|  0%| F|  |TAMS 0x0000000086400000, 0x0000000086400000| Untracked 
| 101|0x0000000086500000, 0x0000000086500000, 0x0000000086600000|  0%| F|  |TAMS 0x0000000086500000, 0x0000000086500000| Untracked 
| 102|0x0000000086600000, 0x0000000086600000, 0x0000000086700000|  0%| F|  |TAMS 0x0000000086600000, 0x0000000086600000| Untracked 
| 103|0x0000000086700000, 0x0000000086700000, 0x0000000086800000|  0%| F|  |TAMS 0x0000000086700000, 0x0000000086700000| Untracked 
| 104|0x0000000086800000, 0x0000000086800000, 0x0000000086900000|  0%| F|  |TAMS 0x0000000086800000, 0x0000000086800000| Untracked 
| 105|0x0000000086900000, 0x0000000086900000, 0x0000000086a00000|  0%| F|  |TAMS 0x0000000086900000, 0x0000000086900000| Untracked 
| 106|0x0000000086a00000, 0x0000000086a00000, 0x0000000086b00000|  0%| F|  |TAMS 0x0000000086a00000, 0x0000000086a00000| Untracked 
| 107|0x0000000086b00000, 0x0000000086b00000, 0x0000000086c00000|  0%| F|  |TAMS 0x0000000086b00000, 0x0000000086b00000| Untracked 
| 108|0x0000000086c00000, 0x0000000086c00000, 0x0000000086d00000|  0%| F|  |TAMS 0x0000000086c00000, 0x0000000086c00000| Untracked 
| 109|0x0000000086d00000, 0x0000000086d00000, 0x0000000086e00000|  0%| F|  |TAMS 0x0000000086d00000, 0x0000000086d00000| Untracked 
| 110|0x0000000086e00000, 0x0000000086e00000, 0x0000000086f00000|  0%| F|  |TAMS 0x0000000086e00000, 0x0000000086e00000| Untracked 
| 111|0x0000000086f00000, 0x0000000086f00000, 0x0000000087000000|  0%| F|  |TAMS 0x0000000086f00000, 0x0000000086f00000| Untracked 
| 112|0x0000000087000000, 0x0000000087000000, 0x0000000087100000|  0%| F|  |TAMS 0x0000000087000000, 0x0000000087000000| Untracked 
| 113|0x0000000087100000, 0x0000000087100000, 0x0000000087200000|  0%| F|  |TAMS 0x0000000087100000, 0x0000000087100000| Untracked 
| 114|0x0000000087200000, 0x0000000087200000, 0x0000000087300000|  0%| F|  |TAMS 0x0000000087200000, 0x0000000087200000| Untracked 
| 115|0x0000000087300000, 0x0000000087300000, 0x0000000087400000|  0%| F|  |TAMS 0x0000000087300000, 0x0000000087300000| Untracked 
| 116|0x0000000087400000, 0x0000000087400000, 0x0000000087500000|  0%| F|  |TAMS 0x0000000087400000, 0x0000000087400000| Untracked 
| 117|0x0000000087500000, 0x0000000087500000, 0x0000000087600000|  0%| F|  |TAMS 0x0000000087500000, 0x0000000087500000| Untracked 
| 118|0x0000000087600000, 0x0000000087600000, 0x0000000087700000|  0%| F|  |TAMS 0x0000000087600000, 0x0000000087600000| Untracked 
| 119|0x0000000087700000, 0x0000000087700000, 0x0000000087800000|  0%| F|  |TAMS 0x0000000087700000, 0x0000000087700000| Untracked 
| 120|0x0000000087800000, 0x0000000087800000, 0x0000000087900000|  0%| F|  |TAMS 0x0000000087800000, 0x0000000087800000| Untracked 
| 121|0x0000000087900000, 0x0000000087900000, 0x0000000087a00000|  0%| F|  |TAMS 0x0000000087900000, 0x0000000087900000| Untracked 
| 122|0x0000000087a00000, 0x0000000087a00000, 0x0000000087b00000|  0%| F|  |TAMS 0x0000000087a00000, 0x0000000087a00000| Untracked 
| 123|0x0000000087b00000, 0x0000000087b8f640, 0x0000000087c00000| 56%| S|CS|TAMS 0x0000000087b00000, 0x0000000087b00000| Complete 
| 124|0x0000000087c00000, 0x0000000087d00000, 0x0000000087d00000|100%| S|CS|TAMS 0x0000000087c00000, 0x0000000087c00000| Complete 
| 125|0x0000000087d00000, 0x0000000087e00000, 0x0000000087e00000|100%| S|CS|TAMS 0x0000000087d00000, 0x0000000087d00000| Complete 
| 126|0x0000000087e00000, 0x0000000087f00000, 0x0000000087f00000|100%| S|CS|TAMS 0x0000000087e00000, 0x0000000087e00000| Complete 
| 127|0x0000000087f00000, 0x0000000088000000, 0x0000000088000000|100%| S|CS|TAMS 0x0000000087f00000, 0x0000000087f00000| Complete 
| 128|0x0000000088000000, 0x0000000088068c18, 0x0000000088100000| 40%| O|  |TAMS 0x0000000088000000, 0x0000000088000000| Untracked 
| 129|0x0000000088100000, 0x0000000088200000, 0x0000000088200000|100%| S|CS|TAMS 0x0000000088100000, 0x0000000088100000| Complete 
| 130|0x0000000088200000, 0x0000000088200000, 0x0000000088300000|  0%| F|  |TAMS 0x0000000088200000, 0x0000000088200000| Untracked 
| 131|0x0000000088300000, 0x0000000088400000, 0x0000000088400000|100%| S|CS|TAMS 0x0000000088300000, 0x0000000088300000| Complete 
| 132|0x0000000088400000, 0x0000000088500000, 0x0000000088500000|100%| S|CS|TAMS 0x0000000088400000, 0x0000000088400000| Complete 
| 133|0x0000000088500000, 0x00000000885b7a40, 0x0000000088600000| 71%| O|  |TAMS 0x0000000088500000, 0x0000000088500000| Untracked 
| 134|0x0000000088600000, 0x0000000088700000, 0x0000000088700000|100%| S|CS|TAMS 0x0000000088600000, 0x0000000088600000| Complete 
| 135|0x0000000088700000, 0x0000000088700000, 0x0000000088800000|  0%| F|  |TAMS 0x0000000088700000, 0x0000000088700000| Untracked 
| 136|0x0000000088800000, 0x0000000088800000, 0x0000000088900000|  0%| F|  |TAMS 0x0000000088800000, 0x0000000088800000| Untracked 
| 137|0x0000000088900000, 0x000000008898d0b8, 0x0000000088a00000| 55%| E|  |TAMS 0x0000000088900000, 0x0000000088900000| Complete 
| 138|0x0000000088a00000, 0x0000000088b00000, 0x0000000088b00000|100%| E|CS|TAMS 0x0000000088a00000, 0x0000000088a00000| Complete 
| 139|0x0000000088b00000, 0x0000000088c00000, 0x0000000088c00000|100%| E|CS|TAMS 0x0000000088b00000, 0x0000000088b00000| Complete 
| 140|0x0000000088c00000, 0x0000000088d00000, 0x0000000088d00000|100%| E|CS|TAMS 0x0000000088c00000, 0x0000000088c00000| Complete 
| 141|0x0000000088d00000, 0x0000000088e00000, 0x0000000088e00000|100%| E|CS|TAMS 0x0000000088d00000, 0x0000000088d00000| Complete 
| 142|0x0000000088e00000, 0x0000000088f00000, 0x0000000088f00000|100%| E|CS|TAMS 0x0000000088e00000, 0x0000000088e00000| Complete 
| 143|0x0000000088f00000, 0x0000000089000000, 0x0000000089000000|100%| E|CS|TAMS 0x0000000088f00000, 0x0000000088f00000| Complete 
| 144|0x0000000089000000, 0x0000000089100000, 0x0000000089100000|100%| E|CS|TAMS 0x0000000089000000, 0x0000000089000000| Complete 
| 145|0x0000000089100000, 0x0000000089200000, 0x0000000089200000|100%| E|CS|TAMS 0x0000000089100000, 0x0000000089100000| Complete 
| 146|0x0000000089200000, 0x0000000089300000, 0x0000000089300000|100%| E|CS|TAMS 0x0000000089200000, 0x0000000089200000| Complete 
| 147|0x0000000089300000, 0x0000000089400000, 0x0000000089400000|100%| E|CS|TAMS 0x0000000089300000, 0x0000000089300000| Complete 
| 148|0x0000000089400000, 0x0000000089500000, 0x0000000089500000|100%| E|CS|TAMS 0x0000000089400000, 0x0000000089400000| Complete 
| 149|0x0000000089500000, 0x0000000089600000, 0x0000000089600000|100%| E|CS|TAMS 0x0000000089500000, 0x0000000089500000| Complete 
| 150|0x0000000089600000, 0x0000000089700000, 0x0000000089700000|100%| E|CS|TAMS 0x0000000089600000, 0x0000000089600000| Complete 
| 151|0x0000000089700000, 0x0000000089800000, 0x0000000089800000|100%| E|CS|TAMS 0x0000000089700000, 0x0000000089700000| Complete 
| 152|0x0000000089800000, 0x0000000089900000, 0x0000000089900000|100%| E|CS|TAMS 0x0000000089800000, 0x0000000089800000| Complete 
| 153|0x0000000089900000, 0x0000000089a00000, 0x0000000089a00000|100%| E|CS|TAMS 0x0000000089900000, 0x0000000089900000| Complete 
| 154|0x0000000089a00000, 0x0000000089b00000, 0x0000000089b00000|100%| E|CS|TAMS 0x0000000089a00000, 0x0000000089a00000| Complete 
| 155|0x0000000089b00000, 0x0000000089c00000, 0x0000000089c00000|100%| E|CS|TAMS 0x0000000089b00000, 0x0000000089b00000| Complete 
| 156|0x0000000089c00000, 0x0000000089d00000, 0x0000000089d00000|100%| E|CS|TAMS 0x0000000089c00000, 0x0000000089c00000| Complete 
| 157|0x0000000089d00000, 0x0000000089e00000, 0x0000000089e00000|100%| E|CS|TAMS 0x0000000089d00000, 0x0000000089d00000| Complete 
| 158|0x0000000089e00000, 0x0000000089f00000, 0x0000000089f00000|100%| E|CS|TAMS 0x0000000089e00000, 0x0000000089e00000| Complete 
| 159|0x0000000089f00000, 0x000000008a000000, 0x000000008a000000|100%| E|CS|TAMS 0x0000000089f00000, 0x0000000089f00000| Complete 
| 160|0x000000008a000000, 0x000000008a100000, 0x000000008a100000|100%| E|CS|TAMS 0x000000008a000000, 0x000000008a000000| Complete 
| 161|0x000000008a100000, 0x000000008a200000, 0x000000008a200000|100%| E|CS|TAMS 0x000000008a100000, 0x000000008a100000| Complete 
| 162|0x000000008a200000, 0x000000008a300000, 0x000000008a300000|100%| E|CS|TAMS 0x000000008a200000, 0x000000008a200000| Complete 
| 163|0x000000008a300000, 0x000000008a400000, 0x000000008a400000|100%| E|CS|TAMS 0x000000008a300000, 0x000000008a300000| Complete 
| 164|0x000000008a400000, 0x000000008a500000, 0x000000008a500000|100%| E|CS|TAMS 0x000000008a400000, 0x000000008a400000| Complete 
| 165|0x000000008a500000, 0x000000008a600000, 0x000000008a600000|100%| E|CS|TAMS 0x000000008a500000, 0x000000008a500000| Complete 
| 166|0x000000008a600000, 0x000000008a700000, 0x000000008a700000|100%| E|CS|TAMS 0x000000008a600000, 0x000000008a600000| Complete 
| 167|0x000000008a700000, 0x000000008a800000, 0x000000008a800000|100%| E|CS|TAMS 0x000000008a700000, 0x000000008a700000| Complete 
| 168|0x000000008a800000, 0x000000008a900000, 0x000000008a900000|100%| E|CS|TAMS 0x000000008a800000, 0x000000008a800000| Complete 
| 169|0x000000008a900000, 0x000000008aa00000, 0x000000008aa00000|100%| E|CS|TAMS 0x000000008a900000, 0x000000008a900000| Complete 
| 170|0x000000008aa00000, 0x000000008ab00000, 0x000000008ab00000|100%| E|CS|TAMS 0x000000008aa00000, 0x000000008aa00000| Complete 
| 171|0x000000008ab00000, 0x000000008ac00000, 0x000000008ac00000|100%| E|CS|TAMS 0x000000008ab00000, 0x000000008ab00000| Complete 
| 172|0x000000008ac00000, 0x000000008ad00000, 0x000000008ad00000|100%| E|CS|TAMS 0x000000008ac00000, 0x000000008ac00000| Complete 
| 173|0x000000008ad00000, 0x000000008ae00000, 0x000000008ae00000|100%| E|CS|TAMS 0x000000008ad00000, 0x000000008ad00000| Complete 
| 174|0x000000008ae00000, 0x000000008af00000, 0x000000008af00000|100%| E|CS|TAMS 0x000000008ae00000, 0x000000008ae00000| Complete 
| 175|0x000000008af00000, 0x000000008b000000, 0x000000008b000000|100%| E|CS|TAMS 0x000000008af00000, 0x000000008af00000| Complete 
| 176|0x000000008b000000, 0x000000008b100000, 0x000000008b100000|100%| E|CS|TAMS 0x000000008b000000, 0x000000008b000000| Complete 
| 177|0x000000008b100000, 0x000000008b200000, 0x000000008b200000|100%| E|CS|TAMS 0x000000008b100000, 0x000000008b100000| Complete 
| 178|0x000000008b200000, 0x000000008b300000, 0x000000008b300000|100%| E|CS|TAMS 0x000000008b200000, 0x000000008b200000| Complete 
| 179|0x000000008b300000, 0x000000008b400000, 0x000000008b400000|100%| E|CS|TAMS 0x000000008b300000, 0x000000008b300000| Complete 
| 180|0x000000008b400000, 0x000000008b500000, 0x000000008b500000|100%| E|CS|TAMS 0x000000008b400000, 0x000000008b400000| Complete 
| 181|0x000000008b500000, 0x000000008b600000, 0x000000008b600000|100%| E|CS|TAMS 0x000000008b500000, 0x000000008b500000| Complete 
| 182|0x000000008b600000, 0x000000008b700000, 0x000000008b700000|100%| E|CS|TAMS 0x000000008b600000, 0x000000008b600000| Complete 
| 183|0x000000008b700000, 0x000000008b800000, 0x000000008b800000|100%| E|CS|TAMS 0x000000008b700000, 0x000000008b700000| Complete 
| 184|0x000000008b800000, 0x000000008b900000, 0x000000008b900000|100%| E|CS|TAMS 0x000000008b800000, 0x000000008b800000| Complete 
| 185|0x000000008b900000, 0x000000008ba00000, 0x000000008ba00000|100%| E|CS|TAMS 0x000000008b900000, 0x000000008b900000| Complete 
| 186|0x000000008ba00000, 0x000000008bb00000, 0x000000008bb00000|100%| E|CS|TAMS 0x000000008ba00000, 0x000000008ba00000| Complete 
| 187|0x000000008bb00000, 0x000000008bc00000, 0x000000008bc00000|100%| E|CS|TAMS 0x000000008bb00000, 0x000000008bb00000| Complete 
| 188|0x000000008bc00000, 0x000000008bd00000, 0x000000008bd00000|100%| E|CS|TAMS 0x000000008bc00000, 0x000000008bc00000| Complete 
| 189|0x000000008bd00000, 0x000000008be00000, 0x000000008be00000|100%| E|CS|TAMS 0x000000008bd00000, 0x000000008bd00000| Complete 
| 190|0x000000008be00000, 0x000000008bf00000, 0x000000008bf00000|100%| E|CS|TAMS 0x000000008be00000, 0x000000008be00000| Complete 
| 191|0x000000008bf00000, 0x000000008c000000, 0x000000008c000000|100%| E|CS|TAMS 0x000000008bf00000, 0x000000008bf00000| Complete 
| 192|0x000000008c000000, 0x000000008c100000, 0x000000008c100000|100%| E|CS|TAMS 0x000000008c000000, 0x000000008c000000| Complete 
| 193|0x000000008c100000, 0x000000008c200000, 0x000000008c200000|100%| E|CS|TAMS 0x000000008c100000, 0x000000008c100000| Complete 
| 194|0x000000008c200000, 0x000000008c300000, 0x000000008c300000|100%| E|CS|TAMS 0x000000008c200000, 0x000000008c200000| Complete 
| 195|0x000000008c300000, 0x000000008c400000, 0x000000008c400000|100%| E|CS|TAMS 0x000000008c300000, 0x000000008c300000| Complete 
| 196|0x000000008c400000, 0x000000008c500000, 0x000000008c500000|100%| E|CS|TAMS 0x000000008c400000, 0x000000008c400000| Complete 
| 197|0x000000008c500000, 0x000000008c600000, 0x000000008c600000|100%| E|CS|TAMS 0x000000008c500000, 0x000000008c500000| Complete 
| 198|0x000000008c600000, 0x000000008c700000, 0x000000008c700000|100%| E|CS|TAMS 0x000000008c600000, 0x000000008c600000| Complete 
| 199|0x000000008c700000, 0x000000008c800000, 0x000000008c800000|100%| E|  |TAMS 0x000000008c700000, 0x000000008c700000| Complete 
| 200|0x000000008c800000, 0x000000008c900000, 0x000000008c900000|100%| E|CS|TAMS 0x000000008c800000, 0x000000008c800000| Complete 
| 201|0x000000008c900000, 0x000000008ca00000, 0x000000008ca00000|100%| E|CS|TAMS 0x000000008c900000, 0x000000008c900000| Complete 
| 202|0x000000008ca00000, 0x000000008cb00000, 0x000000008cb00000|100%| E|CS|TAMS 0x000000008ca00000, 0x000000008ca00000| Complete 
| 203|0x000000008cb00000, 0x000000008cc00000, 0x000000008cc00000|100%| E|CS|TAMS 0x000000008cb00000, 0x000000008cb00000| Complete 
| 204|0x000000008cc00000, 0x000000008cd00000, 0x000000008cd00000|100%| E|CS|TAMS 0x000000008cc00000, 0x000000008cc00000| Complete 
| 205|0x000000008cd00000, 0x000000008ce00000, 0x000000008ce00000|100%| E|CS|TAMS 0x000000008cd00000, 0x000000008cd00000| Complete 
| 206|0x000000008ce00000, 0x000000008cf00000, 0x000000008cf00000|100%| E|CS|TAMS 0x000000008ce00000, 0x000000008ce00000| Complete 
| 207|0x000000008cf00000, 0x000000008d000000, 0x000000008d000000|100%| E|CS|TAMS 0x000000008cf00000, 0x000000008cf00000| Complete 
| 208|0x000000008d000000, 0x000000008d100000, 0x000000008d100000|100%| E|CS|TAMS 0x000000008d000000, 0x000000008d000000| Complete 
| 209|0x000000008d100000, 0x000000008d200000, 0x000000008d200000|100%| E|CS|TAMS 0x000000008d100000, 0x000000008d100000| Complete 
| 210|0x000000008d200000, 0x000000008d300000, 0x000000008d300000|100%| E|CS|TAMS 0x000000008d200000, 0x000000008d200000| Complete 
| 211|0x000000008d300000, 0x000000008d400000, 0x000000008d400000|100%| E|CS|TAMS 0x000000008d300000, 0x000000008d300000| Complete 
| 212|0x000000008d400000, 0x000000008d500000, 0x000000008d500000|100%| E|CS|TAMS 0x000000008d400000, 0x000000008d400000| Complete 
| 213|0x000000008d500000, 0x000000008d600000, 0x000000008d600000|100%| E|CS|TAMS 0x000000008d500000, 0x000000008d500000| Complete 
| 214|0x000000008d600000, 0x000000008d700000, 0x000000008d700000|100%| E|CS|TAMS 0x000000008d600000, 0x000000008d600000| Complete 
| 215|0x000000008d700000, 0x000000008d800000, 0x000000008d800000|100%| E|CS|TAMS 0x000000008d700000, 0x000000008d700000| Complete 
| 216|0x000000008d800000, 0x000000008d900000, 0x000000008d900000|100%| E|CS|TAMS 0x000000008d800000, 0x000000008d800000| Complete 
| 217|0x000000008d900000, 0x000000008da00000, 0x000000008da00000|100%| E|CS|TAMS 0x000000008d900000, 0x000000008d900000| Complete 
| 218|0x000000008da00000, 0x000000008db00000, 0x000000008db00000|100%| E|CS|TAMS 0x000000008da00000, 0x000000008da00000| Complete 
| 219|0x000000008db00000, 0x000000008dc00000, 0x000000008dc00000|100%| E|CS|TAMS 0x000000008db00000, 0x000000008db00000| Complete 
| 220|0x000000008dc00000, 0x000000008dd00000, 0x000000008dd00000|100%| E|CS|TAMS 0x000000008dc00000, 0x000000008dc00000| Complete 
| 221|0x000000008dd00000, 0x000000008de00000, 0x000000008de00000|100%| E|CS|TAMS 0x000000008dd00000, 0x000000008dd00000| Complete 
| 222|0x000000008de00000, 0x000000008df00000, 0x000000008df00000|100%| E|CS|TAMS 0x000000008de00000, 0x000000008de00000| Complete 
| 223|0x000000008df00000, 0x000000008e000000, 0x000000008e000000|100%| E|CS|TAMS 0x000000008df00000, 0x000000008df00000| Complete 
| 224|0x000000008e000000, 0x000000008e100000, 0x000000008e100000|100%| E|CS|TAMS 0x000000008e000000, 0x000000008e000000| Complete 
| 225|0x000000008e100000, 0x000000008e200000, 0x000000008e200000|100%| E|CS|TAMS 0x000000008e100000, 0x000000008e100000| Complete 
| 226|0x000000008e200000, 0x000000008e300000, 0x000000008e300000|100%| E|CS|TAMS 0x000000008e200000, 0x000000008e200000| Complete 
| 227|0x000000008e300000, 0x000000008e400000, 0x000000008e400000|100%| E|CS|TAMS 0x000000008e300000, 0x000000008e300000| Complete 
| 228|0x000000008e400000, 0x000000008e500000, 0x000000008e500000|100%| E|CS|TAMS 0x000000008e400000, 0x000000008e400000| Complete 
| 229|0x000000008e500000, 0x000000008e600000, 0x000000008e600000|100%| E|CS|TAMS 0x000000008e500000, 0x000000008e500000| Complete 
| 230|0x000000008e600000, 0x000000008e700000, 0x000000008e700000|100%| E|CS|TAMS 0x000000008e600000, 0x000000008e600000| Complete 
| 231|0x000000008e700000, 0x000000008e800000, 0x000000008e800000|100%| E|CS|TAMS 0x000000008e700000, 0x000000008e700000| Complete 
| 232|0x000000008e800000, 0x000000008e900000, 0x000000008e900000|100%| E|CS|TAMS 0x000000008e800000, 0x000000008e800000| Complete 
| 233|0x000000008e900000, 0x000000008ea00000, 0x000000008ea00000|100%| E|CS|TAMS 0x000000008e900000, 0x000000008e900000| Complete 
| 234|0x000000008ea00000, 0x000000008eb00000, 0x000000008eb00000|100%| E|CS|TAMS 0x000000008ea00000, 0x000000008ea00000| Complete 
| 235|0x000000008eb00000, 0x000000008ec00000, 0x000000008ec00000|100%| E|CS|TAMS 0x000000008eb00000, 0x000000008eb00000| Complete 
| 236|0x000000008ec00000, 0x000000008ed00000, 0x000000008ed00000|100%| E|CS|TAMS 0x000000008ec00000, 0x000000008ec00000| Complete 
| 237|0x000000008ed00000, 0x000000008ee00000, 0x000000008ee00000|100%| E|CS|TAMS 0x000000008ed00000, 0x000000008ed00000| Complete 
| 238|0x000000008ee00000, 0x000000008ef00000, 0x000000008ef00000|100%| E|CS|TAMS 0x000000008ee00000, 0x000000008ee00000| Complete 
| 239|0x000000008ef00000, 0x000000008f000000, 0x000000008f000000|100%| E|CS|TAMS 0x000000008ef00000, 0x000000008ef00000| Complete 
| 240|0x000000008f000000, 0x000000008f100000, 0x000000008f100000|100%| E|CS|TAMS 0x000000008f000000, 0x000000008f000000| Complete 
| 241|0x000000008f100000, 0x000000008f200000, 0x000000008f200000|100%| E|CS|TAMS 0x000000008f100000, 0x000000008f100000| Complete 
| 242|0x000000008f200000, 0x000000008f300000, 0x000000008f300000|100%| E|CS|TAMS 0x000000008f200000, 0x000000008f200000| Complete 
| 243|0x000000008f300000, 0x000000008f400000, 0x000000008f400000|100%| E|CS|TAMS 0x000000008f300000, 0x000000008f300000| Complete 
| 244|0x000000008f400000, 0x000000008f500000, 0x000000008f500000|100%| E|CS|TAMS 0x000000008f400000, 0x000000008f400000| Complete 
| 245|0x000000008f500000, 0x000000008f600000, 0x000000008f600000|100%| E|CS|TAMS 0x000000008f500000, 0x000000008f500000| Complete 
| 246|0x000000008f600000, 0x000000008f700000, 0x000000008f700000|100%| E|CS|TAMS 0x000000008f600000, 0x000000008f600000| Complete 
| 247|0x000000008f700000, 0x000000008f800000, 0x000000008f800000|100%| E|CS|TAMS 0x000000008f700000, 0x000000008f700000| Complete 
| 248|0x000000008f800000, 0x000000008f900000, 0x000000008f900000|100%| E|CS|TAMS 0x000000008f800000, 0x000000008f800000| Complete 
| 249|0x000000008f900000, 0x000000008fa00000, 0x000000008fa00000|100%| E|CS|TAMS 0x000000008f900000, 0x000000008f900000| Complete 
| 250|0x000000008fa00000, 0x000000008fb00000, 0x000000008fb00000|100%| E|CS|TAMS 0x000000008fa00000, 0x000000008fa00000| Complete 
| 251|0x000000008fb00000, 0x000000008fc00000, 0x000000008fc00000|100%| E|CS|TAMS 0x000000008fb00000, 0x000000008fb00000| Complete 
| 252|0x000000008fc00000, 0x000000008fd00000, 0x000000008fd00000|100%| E|CS|TAMS 0x000000008fc00000, 0x000000008fc00000| Complete 
| 253|0x000000008fd00000, 0x000000008fe00000, 0x000000008fe00000|100%| E|CS|TAMS 0x000000008fd00000, 0x000000008fd00000| Complete 

Card table byte_map: [0x00000243e0540000,0x00000243e0940000] _byte_map_base: 0x00000243e0140000

Marking Bits (Prev, Next): (CMBitMap*) 0x00000243ccbff1d8, (CMBitMap*) 0x00000243ccbff210
 Prev Bits: [0x00000243e0d40000, 0x00000243e2d40000)
 Next Bits: [0x00000243e2d40000, 0x00000243e4d40000)

Polling page: 0x00000243ccca0000

Metaspace:

Usage:
  Non-class:    111.00 MB capacity,   108.25 MB ( 98%) used,     2.25 MB (  2%) free+waste,   521.19 KB ( <1%) overhead. 
      Class:     17.46 MB capacity,    15.83 MB ( 91%) used,     1.40 MB (  8%) free+waste,   234.31 KB (  1%) overhead. 
       Both:    128.47 MB capacity,   124.08 MB ( 97%) used,     3.65 MB (  3%) free+waste,   755.50 KB ( <1%) overhead. 

Virtual space:
  Non-class space:      112.00 MB reserved,     111.25 MB (>99%) committed 
      Class space:        1.00 GB reserved,      17.68 MB (  2%) committed 
             Both:        1.11 GB reserved,     128.93 MB ( 11%) committed 

Chunk freelists:
   Non-Class:  0 bytes
       Class:  102.00 KB
        Both:  102.00 KB

MaxMetaspaceSize: 17179869184.00 GB
CompressedClassSpaceSize: 1.00 GB

CodeHeap 'non-profiled nmethods': size=120000Kb used=18021Kb max_used=18021Kb free=101978Kb
 bounds [0x00000243d81a0000, 0x00000243d9340000, 0x00000243df6d0000]
CodeHeap 'profiled nmethods': size=120000Kb used=49585Kb max_used=49585Kb free=70415Kb
 bounds [0x00000243d0c70000, 0x00000243d3d00000, 0x00000243d81a0000]
CodeHeap 'non-nmethods': size=5760Kb used=2382Kb max_used=2455Kb free=3377Kb
 bounds [0x00000243d06d0000, 0x00000243d0940000, 0x00000243d0c70000]
 total_blobs=23493 nmethods=22483 adapters=920
 compilation: enabled
              stopped_count=0, restarted_count=0
 full_count=0

Compilation events (20 events):
Event: 19198.715 Thread 0x00000243e80fc800 24192       4       jdk.internal.reflect.ByteVectorImpl::resize (44 bytes)
Event: 19198.717 Thread 0x00000243e80fc800 nmethod 24192 0x00000243d933c490 code [0x00000243d933c640, 0x00000243d933c978]
Event: 19198.722 Thread 0x00000243e80ff000 24193       3       org.gradle.internal.action.DefaultConfigurableRule::of (49 bytes)
Event: 19198.723 Thread 0x00000243e80ff000 nmethod 24193 0x00000243d3ceb190 code [0x00000243d3ceb440, 0x00000243d3cec288]
Event: 19198.723 Thread 0x00000243e80ff000 24194       3       org.gradle.api.internal.DefaultActionConfiguration::<init> (12 bytes)
Event: 19198.723 Thread 0x00000243e80ff000 nmethod 24194 0x00000243d3cec790 code [0x00000243d3cec980, 0x00000243d3cecdd8]
Event: 19198.726 Thread 0x00000243e80ff000 24196       3       org.gradle.api.internal.DefaultPolymorphicNamedEntityInstantiator::registerFactory (97 bytes)
Event: 19198.727 Thread 0x00000243e80ff000 nmethod 24196 0x00000243d3cecf90 code [0x00000243d3ced3e0, 0x00000243d3cef148]
Event: 19198.727 Thread 0x00000243e80ff000 24195       1       java.lang.StackTraceElement::getFileName (5 bytes)
Event: 19198.727 Thread 0x00000243e80ff000 nmethod 24195 0x00000243d933ca90 code [0x00000243d933cc40, 0x00000243d933ccf8]
Event: 19198.728 Thread 0x00000243e80ff000 24198       3       org.gradle.api.internal.artifacts.DefaultProjectComponentIdentifier::hashCode (8 bytes)
Event: 19198.728 Thread 0x00000243e80ff000 nmethod 24198 0x00000243d3cefb90 code [0x00000243d3cefd60, 0x00000243d3ceff88]
Event: 19198.728 Thread 0x00000243e80ff000 24197       3       org.gradle.initialization.DefaultProjectDescriptor::hashCode (22 bytes)
Event: 19198.728 Thread 0x00000243e80fc800 24199       4       jdk.internal.reflect.AccessorGenerator::getClassName (184 bytes)
Event: 19198.728 Thread 0x00000243e80ff000 nmethod 24197 0x00000243d3cf0090 code [0x00000243d3cf0280, 0x00000243d3cf07c8]
Event: 19198.729 Thread 0x00000243e80ff000 24200       3       java.lang.Long::toString (8 bytes)
Event: 19198.729 Thread 0x00000243e80ff000 nmethod 24200 0x00000243d3cf0910 code [0x00000243d3cf0ac0, 0x00000243d3cf0be8]
Event: 19198.730 Thread 0x00000243e80ff000 24201       3       org.gradle.invocation.DefaultGradle_Decorated::getRootProject (40 bytes)
Event: 19198.731 Thread 0x00000243e80ff000 nmethod 24201 0x00000243d3cf0c90 code [0x00000243d3cf0ec0, 0x00000243d3cf1628]
Event: 19198.731 Thread 0x00000243e80ff000 24202       3       org.gradle.invocation.DefaultGradle::getRootProject (44 bytes)

GC Heap History (20 events):
Event: 1092.903 GC heap before
{Heap before GC invocations=23 (full 0):
 garbage-first heap   total 260096K, used 215833K [0x0000000080000000, 0x0000000100000000)
  region size 1024K, 110 young (112640K), 11 survivors (11264K)
 Metaspace       used 123686K, capacity 127751K, committed 127932K, reserved 1159168K
  class space    used 16003K, capacity 17505K, committed 17596K, reserved 1048576K
}
Event: 1092.911 GC heap after
{Heap after GC invocations=24 (full 0):
 garbage-first heap   total 260096K, used 104186K [0x0000000080000000, 0x0000000100000000)
  region size 1024K, 7 young (7168K), 7 survivors (7168K)
 Metaspace       used 123686K, capacity 127751K, committed 127932K, reserved 1159168K
  class space    used 16003K, capacity 17505K, committed 17596K, reserved 1048576K
}
Event: 1141.233 GC heap before
{Heap before GC invocations=24 (full 0):
 garbage-first heap   total 260096K, used 216826K [0x0000000080000000, 0x0000000100000000)
  region size 1024K, 110 young (112640K), 7 survivors (7168K)
 Metaspace       used 124665K, capacity 129136K, committed 129468K, reserved 1161216K
  class space    used 16145K, capacity 17769K, committed 17852K, reserved 1048576K
}
Event: 1141.239 GC heap after
{Heap after GC invocations=25 (full 0):
 garbage-first heap   total 260096K, used 104425K [0x0000000080000000, 0x0000000100000000)
  region size 1024K, 8 young (8192K), 8 survivors (8192K)
 Metaspace       used 124665K, capacity 129136K, committed 129468K, reserved 1161216K
  class space    used 16145K, capacity 17769K, committed 17852K, reserved 1048576K
}
Event: 1197.758 GC heap before
{Heap before GC invocations=25 (full 0):
 garbage-first heap   total 260096K, used 217065K [0x0000000080000000, 0x0000000100000000)
  region size 1024K, 111 young (113664K), 8 survivors (8192K)
 Metaspace       used 125041K, capacity 129602K, committed 129852K, reserved 1161216K
  class space    used 16201K, capacity 17872K, committed 17980K, reserved 1048576K
}
Event: 1197.764 GC heap after
{Heap after GC invocations=26 (full 0):
 garbage-first heap   total 260096K, used 104061K [0x0000000080000000, 0x0000000100000000)
  region size 1024K, 7 young (7168K), 7 survivors (7168K)
 Metaspace       used 125041K, capacity 129602K, committed 129852K, reserved 1161216K
  class space    used 16201K, capacity 17872K, committed 17980K, reserved 1048576K
}
Event: 2826.022 GC heap before
{Heap before GC invocations=26 (full 0):
 garbage-first heap   total 260096K, used 218749K [0x0000000080000000, 0x0000000100000000)
  region size 1024K, 112 young (114688K), 7 survivors (7168K)
 Metaspace       used 125243K, capacity 129810K, committed 130108K, reserved 1161216K
  class space    used 16201K, capacity 17872K, committed 17980K, reserved 1048576K
}
Event: 2826.030 GC heap after
{Heap after GC invocations=27 (full 0):
 garbage-first heap   total 260096K, used 98732K [0x0000000080000000, 0x0000000100000000)
  region size 1024K, 2 young (2048K), 2 survivors (2048K)
 Metaspace       used 125243K, capacity 129810K, committed 130108K, reserved 1161216K
  class space    used 16201K, capacity 17872K, committed 17980K, reserved 1048576K
}
Event: 6426.032 GC heap before
{Heap before GC invocations=27 (full 0):
 garbage-first heap   total 260096K, used 164268K [0x0000000080000000, 0x0000000100000000)
  region size 1024K, 67 young (68608K), 2 survivors (2048K)
 Metaspace       used 125323K, capacity 129866K, committed 130108K, reserved 1161216K
  class space    used 16210K, capacity 17889K, committed 17980K, reserved 1048576K
}
Event: 6426.140 GC heap after
{Heap after GC invocations=28 (full 1):
 garbage-first heap   total 260096K, used 75112K [0x0000000080000000, 0x0000000100000000)
  region size 1024K, 0 young (0K), 0 survivors (0K)
 Metaspace       used 124627K, capacity 128765K, committed 130108K, reserved 1161216K
  class space    used 15999K, capacity 17495K, committed 17980K, reserved 1048576K
}
Event: 10813.057 GC heap before
{Heap before GC invocations=28 (full 1):
 garbage-first heap   total 260096K, used 206184K [0x0000000080000000, 0x0000000100000000)
  region size 1024K, 130 young (133120K), 0 survivors (0K)
 Metaspace       used 124728K, capacity 128916K, committed 130108K, reserved 1161216K
  class space    used 16004K, capacity 17502K, committed 17980K, reserved 1048576K
}
Event: 10813.143 GC heap after
{Heap after GC invocations=29 (full 2):
 garbage-first heap   total 260096K, used 80112K [0x0000000080000000, 0x0000000100000000)
  region size 1024K, 0 young (0K), 0 survivors (0K)
 Metaspace       used 124399K, capacity 128402K, committed 130108K, reserved 1161216K
  class space    used 15945K, capacity 17391K, committed 17980K, reserved 1048576K
}
Event: 14129.248 GC heap before
{Heap before GC invocations=29 (full 2):
 garbage-first heap   total 260096K, used 219376K [0x0000000080000000, 0x0000000100000000)
  region size 1024K, 129 young (132096K), 0 survivors (0K)
 Metaspace       used 124974K, capacity 129038K, committed 130364K, reserved 1161216K
  class space    used 15982K, capacity 17453K, committed 17980K, reserved 1048576K
}
Event: 14129.260 GC heap after
{Heap after GC invocations=30 (full 2):
 garbage-first heap   total 260096K, used 86027K [0x0000000080000000, 0x0000000100000000)
  region size 1024K, 6 young (6144K), 6 survivors (6144K)
 Metaspace       used 124974K, capacity 129038K, committed 130364K, reserved 1161216K
  class space    used 15982K, capacity 17453K, committed 17980K, reserved 1048576K
}
Event: 15005.510 GC heap before
{Heap before GC invocations=30 (full 2):
 garbage-first heap   total 260096K, used 219147K [0x0000000080000000, 0x0000000100000000)
  region size 1024K, 129 young (132096K), 6 survivors (6144K)
 Metaspace       used 125451K, capacity 129633K, committed 130876K, reserved 1163264K
  class space    used 16014K, capacity 17518K, committed 17980K, reserved 1048576K
}
Event: 15005.516 GC heap after
{Heap after GC invocations=31 (full 2):
 garbage-first heap   total 260096K, used 87280K [0x0000000080000000, 0x0000000100000000)
  region size 1024K, 7 young (7168K), 7 survivors (7168K)
 Metaspace       used 125451K, capacity 129633K, committed 130876K, reserved 1163264K
  class space    used 16014K, capacity 17518K, committed 17980K, reserved 1048576K
}
Event: 15090.324 GC heap before
{Heap before GC invocations=31 (full 2):
 garbage-first heap   total 260096K, used 219376K [0x0000000080000000, 0x0000000100000000)
  region size 1024K, 129 young (132096K), 7 survivors (7168K)
 Metaspace       used 126005K, capacity 130198K, committed 131516K, reserved 1163264K
  class space    used 16035K, capacity 17564K, committed 18108K, reserved 1048576K
}
Event: 15090.331 GC heap after
{Heap after GC invocations=32 (full 2):
 garbage-first heap   total 260096K, used 88774K [0x0000000080000000, 0x0000000100000000)
  region size 1024K, 9 young (9216K), 9 survivors (9216K)
 Metaspace       used 126005K, capacity 130198K, committed 131516K, reserved 1163264K
  class space    used 16035K, capacity 17564K, committed 18108K, reserved 1048576K
}
Event: 16714.991 GC heap before
{Heap before GC invocations=32 (full 2):
 garbage-first heap   total 260096K, used 217798K [0x0000000080000000, 0x0000000100000000)
  region size 1024K, 128 young (131072K), 9 survivors (9216K)
 Metaspace       used 126215K, capacity 130329K, committed 131516K, reserved 1163264K
  class space    used 16036K, capacity 17564K, committed 18108K, reserved 1048576K
}
Event: 16714.997 GC heap after
{Heap after GC invocations=33 (full 2):
 garbage-first heap   total 260096K, used 88878K [0x0000000080000000, 0x0000000100000000)
  region size 1024K, 9 young (9216K), 9 survivors (9216K)
 Metaspace       used 126215K, capacity 130329K, committed 131516K, reserved 1163264K
  class space    used 16036K, capacity 17564K, committed 18108K, reserved 1048576K
}

Deoptimization events (20 events):
Event: 16714.814 Thread 0x00000243f389c000 Uncommon trap: trap_request=0xffffffbe fr.pc=0x00000243d922bc88 relative=0x0000000000000c08
Event: 16714.814 Thread 0x00000243f389c000 Uncommon trap: reason=profile_predicate action=maybe_recompile pc=0x00000243d922bc88 method=com.android.tools.r8.internal.xj.b(Ljava/lang/Iterable;Lcom/android/tools/r8/internal/aw;)Z @ 22 c2
Event: 16714.814 Thread 0x00000243f389c000 DEOPT PACKING pc=0x00000243d922bc88 sp=0x000000909d8fc5d0
Event: 16714.814 Thread 0x00000243f389c000 DEOPT UNPACKING pc=0x00000243d06f78af sp=0x000000909d8fc430 mode 2
Event: 16714.814 Thread 0x00000243f389c000 Uncommon trap: trap_request=0xffffffbe fr.pc=0x00000243d922bc70 relative=0x0000000000000bf0
Event: 16714.814 Thread 0x00000243f389c000 Uncommon trap: reason=profile_predicate action=maybe_recompile pc=0x00000243d922bc70 method=com.android.tools.r8.internal.xj.b(Ljava/lang/Iterable;Lcom/android/tools/r8/internal/aw;)Z @ 22 c2
Event: 16714.814 Thread 0x00000243f389c000 DEOPT PACKING pc=0x00000243d922bc70 sp=0x000000909d8fc450
Event: 16714.814 Thread 0x00000243f389c000 DEOPT UNPACKING pc=0x00000243d06f78af sp=0x000000909d8fc458 mode 2
Event: 16714.814 Thread 0x00000243f389c000 Uncommon trap: trap_request=0xffffffbe fr.pc=0x00000243d922bc70 relative=0x0000000000000bf0
Event: 16714.814 Thread 0x00000243f389c000 Uncommon trap: reason=profile_predicate action=maybe_recompile pc=0x00000243d922bc70 method=com.android.tools.r8.internal.xj.b(Ljava/lang/Iterable;Lcom/android/tools/r8/internal/aw;)Z @ 22 c2
Event: 16714.814 Thread 0x00000243f389c000 DEOPT PACKING pc=0x00000243d922bc70 sp=0x000000909d8fc450
Event: 16714.814 Thread 0x00000243f389c000 DEOPT UNPACKING pc=0x00000243d06f78af sp=0x000000909d8fc458 mode 2
Event: 16714.814 Thread 0x00000243f389c000 Uncommon trap: trap_request=0xffffffbe fr.pc=0x00000243d922bc70 relative=0x0000000000000bf0
Event: 16714.814 Thread 0x00000243f389c000 Uncommon trap: reason=profile_predicate action=maybe_recompile pc=0x00000243d922bc70 method=com.android.tools.r8.internal.xj.b(Ljava/lang/Iterable;Lcom/android/tools/r8/internal/aw;)Z @ 22 c2
Event: 16714.814 Thread 0x00000243f389c000 DEOPT PACKING pc=0x00000243d922bc70 sp=0x000000909d8fc450
Event: 16714.814 Thread 0x00000243f389c000 DEOPT UNPACKING pc=0x00000243d06f78af sp=0x000000909d8fc458 mode 2
Event: 16732.414 Thread 0x00000243ef7ee800 DEOPT PACKING pc=0x00000243d103a6c6 sp=0x000000909c0fdaa0
Event: 16732.414 Thread 0x00000243ef7ee800 DEOPT UNPACKING pc=0x00000243d06f76ce sp=0x000000909c0fcf40 mode 0
Event: 16732.512 Thread 0x00000243ef642000 DEOPT PACKING pc=0x00000243d2cfa03a sp=0x000000909a0f9a30
Event: 16732.512 Thread 0x00000243ef642000 DEOPT UNPACKING pc=0x00000243d06f76ce sp=0x000000909a0f8ed8 mode 0

Classes redefined (0 events):
No events

Internal exceptions (20 events):
Event: 15754.353 Thread 0x00000243ef644000 Exception <a 'java/net/ConnectException'{0x000000008e6933c0}: Connection refused: connect> (0x000000008e6933c0) thrown at [./src/hotspot/share/prims/jni.cpp, line 636]
Event: 15756.421 Thread 0x00000243ef644000 Exception <a 'java/net/ConnectException'{0x000000008e693ba0}: Connection refused: connect> (0x000000008e693ba0) thrown at [./src/hotspot/share/prims/jni.cpp, line 636]
Event: 16713.463 Thread 0x00000243ef642000 Exception <a 'sun/nio/fs/WindowsException'{0x000000008c2974c0}> (0x000000008c2974c0) thrown at [./src/hotspot/share/prims/jni.cpp, line 615]
Event: 16713.510 Thread 0x00000243ef642000 Exception <a 'sun/nio/fs/WindowsException'{0x000000008bad9a70}> (0x000000008bad9a70) thrown at [./src/hotspot/share/prims/jni.cpp, line 615]
Event: 16713.514 Thread 0x00000243ef642000 Exception <a 'sun/nio/fs/WindowsException'{0x000000008b97b958}> (0x000000008b97b958) thrown at [./src/hotspot/share/prims/jni.cpp, line 615]
Event: 16713.514 Thread 0x00000243ef642000 Exception <a 'sun/nio/fs/WindowsException'{0x000000008b97c8b8}> (0x000000008b97c8b8) thrown at [./src/hotspot/share/prims/jni.cpp, line 615]
Event: 16713.514 Thread 0x00000243ef642000 Exception <a 'sun/nio/fs/WindowsException'{0x000000008b97d868}> (0x000000008b97d868) thrown at [./src/hotspot/share/prims/jni.cpp, line 615]
Event: 16713.514 Thread 0x00000243ef642000 Exception <a 'sun/nio/fs/WindowsException'{0x000000008b97e818}> (0x000000008b97e818) thrown at [./src/hotspot/share/prims/jni.cpp, line 615]
Event: 16713.688 Thread 0x00000243f38a1000 Exception <a 'java/lang/InterruptedException'{0x000000008a098830}> (0x000000008a098830) thrown at [./src/hotspot/share/runtime/objectMonitor.cpp, line 1635]
Event: 16714.806 Thread 0x00000243f389c000 Exception <a 'sun/nio/fs/WindowsException'{0x0000000089403f40}> (0x0000000089403f40) thrown at [./src/hotspot/share/prims/jni.cpp, line 615]
Event: 16714.858 Thread 0x00000243f389c000 Exception <a 'sun/nio/fs/WindowsException'{0x00000000892f89c8}> (0x00000000892f89c8) thrown at [./src/hotspot/share/prims/jni.cpp, line 615]
Event: 16714.860 Thread 0x00000243f389c000 Exception <a 'sun/nio/fs/WindowsException'{0x00000000891895f0}> (0x00000000891895f0) thrown at [./src/hotspot/share/prims/jni.cpp, line 615]
Event: 16714.889 Thread 0x00000243f38a5000 Exception <a 'sun/nio/fs/WindowsException'{0x00000000890dbd20}> (0x00000000890dbd20) thrown at [./src/hotspot/share/prims/jni.cpp, line 615]
Event: 16714.899 Thread 0x00000243f38a5000 Exception <a 'sun/nio/fs/WindowsException'{0x0000000088fcf620}> (0x0000000088fcf620) thrown at [./src/hotspot/share/prims/jni.cpp, line 615]
Event: 16732.437 Thread 0x00000243ef642000 Exception <a 'sun/nio/fs/WindowsException'{0x000000008e1e17d8}> (0x000000008e1e17d8) thrown at [./src/hotspot/share/prims/jni.cpp, line 615]
Event: 16732.491 Thread 0x00000243ef642000 Exception <a 'sun/nio/fs/WindowsException'{0x000000008d80cc08}> (0x000000008d80cc08) thrown at [./src/hotspot/share/prims/jni.cpp, line 615]
Event: 16732.496 Thread 0x00000243ef642000 Exception <a 'sun/nio/fs/WindowsException'{0x000000008d8a6cc0}> (0x000000008d8a6cc0) thrown at [./src/hotspot/share/prims/jni.cpp, line 615]
Event: 16732.496 Thread 0x00000243ef642000 Exception <a 'sun/nio/fs/WindowsException'{0x000000008d8a7c20}> (0x000000008d8a7c20) thrown at [./src/hotspot/share/prims/jni.cpp, line 615]
Event: 16732.496 Thread 0x00000243ef642000 Exception <a 'sun/nio/fs/WindowsException'{0x000000008d8a8bd0}> (0x000000008d8a8bd0) thrown at [./src/hotspot/share/prims/jni.cpp, line 615]
Event: 16732.496 Thread 0x00000243ef642000 Exception <a 'sun/nio/fs/WindowsException'{0x000000008d8a9b80}> (0x000000008d8a9b80) thrown at [./src/hotspot/share/prims/jni.cpp, line 615]

Events (20 events):
Event: 19113.766 Thread 0x00000243ef63e800 Thread added: 0x00000243ef63e800
Event: 19113.767 Executing VM operation: RevokeBias
Event: 19113.767 Executing VM operation: RevokeBias done
Event: 19188.794 Thread 0x00000243ef63e800 Thread exited: 0x00000243ef63e800
Event: 19198.659 Thread 0x00000243ef63e800 Thread added: 0x00000243ef63e800
Event: 19198.659 Thread 0x00000243ef63d800 Thread added: 0x00000243ef63d800
Event: 19198.684 Thread 0x00000243ef642000 Thread added: 0x00000243ef642000
Event: 19198.686 Thread 0x00000243ef641000 Thread added: 0x00000243ef641000
Event: 19198.686 Executing VM operation: RevokeBias
Event: 19198.686 Executing VM operation: RevokeBias done
Event: 19198.687 Thread 0x00000243ef63c000 Thread added: 0x00000243ef63c000
Event: 19198.687 Thread 0x00000243ef642800 Thread added: 0x00000243ef642800
Event: 19198.687 Thread 0x00000243ef640000 Thread added: 0x00000243ef640000
Event: 19198.705 Thread 0x00000243ef63d000 Thread added: 0x00000243ef63d000
Event: 19198.706 Executing VM operation: RevokeBias
Event: 19198.706 Executing VM operation: RevokeBias done
Event: 19198.714 Thread 0x00000243ef648800 Thread added: 0x00000243ef648800
Event: 19198.718 Thread 0x00000243ef649000 Thread added: 0x00000243ef649000
Event: 19198.721 Thread 0x00000243ef643800 Thread added: 0x00000243ef643800
Event: 19198.728 Thread 0x00000243ef64a000 Thread added: 0x00000243ef64a000


Dynamic libraries:
0x00007ff62e9b0000 - 0x00007ff62e9ba000 	C:\Program Files\Android\Android Studio\jre\bin\java.exe
0x00007fffab920000 - 0x00007fffabb27000 	C:\Windows\SYSTEM32\ntdll.dll
0x00007fffaa850000 - 0x00007fffaa90d000 	C:\Windows\System32\KERNEL32.DLL
0x00007fffa9140000 - 0x00007fffa94b4000 	C:\Windows\System32\KERNELBASE.dll
0x00007fffa8e40000 - 0x00007fffa8f51000 	C:\Windows\System32\ucrtbase.dll
0x00007fff98340000 - 0x00007fff98357000 	C:\Program Files\Android\Android Studio\jre\bin\VCRUNTIME140.dll
0x00007fff97af0000 - 0x00007fff97b09000 	C:\Program Files\Android\Android Studio\jre\bin\jli.dll
0x00007fffab590000 - 0x00007fffab73c000 	C:\Windows\System32\USER32.dll
0x00007fffa8e10000 - 0x00007fffa8e36000 	C:\Windows\System32\win32u.dll
0x00007fff99020000 - 0x00007fff992c5000 	C:\Windows\WinSxS\amd64_microsoft.windows.common-controls_6595b64144ccf1df_6.0.22000.120_none_9d947278b86cc467\COMCTL32.dll
0x00007fffaae60000 - 0x00007fffaaf03000 	C:\Windows\System32\msvcrt.dll
0x00007fffaae30000 - 0x00007fffaae59000 	C:\Windows\System32\GDI32.dll
0x00007fffa94c0000 - 0x00007fffa95d2000 	C:\Windows\System32\gdi32full.dll
0x00007fffa8f60000 - 0x00007fffa8ffd000 	C:\Windows\System32\msvcp_win.dll
0x00007fffa9830000 - 0x00007fffa9861000 	C:\Windows\System32\IMM32.DLL
0x00007fff93320000 - 0x00007fff933bd000 	C:\Program Files\Android\Android Studio\jre\bin\msvcp140.dll
0x00007fff77310000 - 0x00007fff77ddf000 	C:\Program Files\Android\Android Studio\jre\bin\server\jvm.dll
0x00007fffaad00000 - 0x00007fffaadae000 	C:\Windows\System32\ADVAPI32.dll
0x00007fffaac60000 - 0x00007fffaacfe000 	C:\Windows\System32\sechost.dll
0x00007fffaab40000 - 0x00007fffaac60000 	C:\Windows\System32\RPCRT4.dll
0x00007fffaaf10000 - 0x00007fffaaf18000 	C:\Windows\System32\PSAPI.DLL
0x00007fff9cff0000 - 0x00007fff9cff9000 	C:\Windows\SYSTEM32\WSOCK32.dll
0x00007fffa35c0000 - 0x00007fffa35f3000 	C:\Windows\SYSTEM32\WINMM.dll
0x00007fffa2cd0000 - 0x00007fffa2cda000 	C:\Windows\SYSTEM32\VERSION.dll
0x00007fffa97c0000 - 0x00007fffa982f000 	C:\Windows\System32\WS2_32.dll
0x00007fffa8000000 - 0x00007fffa8018000 	C:\Windows\SYSTEM32\kernel.appcore.dll
0x00007fff97040000 - 0x00007fff97051000 	C:\Program Files\Android\Android Studio\jre\bin\verify.dll
0x00007fff97150000 - 0x00007fff97371000 	C:\Windows\SYSTEM32\DBGHELP.DLL
0x00007fff92c40000 - 0x00007fff92c71000 	C:\Windows\SYSTEM32\dbgcore.DLL
0x00007fffa9000000 - 0x00007fffa907f000 	C:\Windows\System32\bcryptPrimitives.dll
0x00007fff97010000 - 0x00007fff97039000 	C:\Program Files\Android\Android Studio\jre\bin\java.dll
0x00007fff98470000 - 0x00007fff9847b000 	C:\Program Files\Android\Android Studio\jre\bin\jimage.dll
0x00007fff96ae0000 - 0x00007fff96af8000 	C:\Program Files\Android\Android Studio\jre\bin\zip.dll
0x00007fffa9b00000 - 0x00007fffaa2ae000 	C:\Windows\System32\SHELL32.dll
0x00007fffa6f90000 - 0x00007fffa77f7000 	C:\Windows\SYSTEM32\windows.storage.dll
0x00007fffaa4d0000 - 0x00007fffaa848000 	C:\Windows\System32\combase.dll
0x00007fffa6e20000 - 0x00007fffa6f86000 	C:\Windows\SYSTEM32\wintypes.dll
0x00007fffab740000 - 0x00007fffab82a000 	C:\Windows\System32\SHCORE.dll
0x00007fffa9a70000 - 0x00007fffa9acd000 	C:\Windows\System32\shlwapi.dll
0x00007fffa8d40000 - 0x00007fffa8d61000 	C:\Windows\SYSTEM32\profapi.dll
0x00007fff94d80000 - 0x00007fff94d9a000 	C:\Program Files\Android\Android Studio\jre\bin\net.dll
0x00007fffa2ce0000 - 0x00007fffa2dec000 	C:\Windows\SYSTEM32\WINHTTP.dll
0x00007fffa8430000 - 0x00007fffa8497000 	C:\Windows\system32\mswsock.dll
0x00007fff94a30000 - 0x00007fff94a44000 	C:\Program Files\Android\Android Studio\jre\bin\nio.dll
0x00007fffa4f90000 - 0x00007fffa4fb7000 	C:\Users\Ollashukur\.gradle\native\8bec1ad78214c89d9ad589b4d07fe93259594b29d510b10fafb7a158f7737e5d\windows-amd64\native-platform.dll
0x00007fff8d170000 - 0x00007fff8d2ad000 	C:\Users\Ollashukur\.gradle\native\53dbd7edfb1c66fb8903c78663c9afc45aea4f116125fa6feffd364cf09443e8\windows-amd64\native-platform-file-events.dll
0x00007fff98330000 - 0x00007fff9833a000 	C:\Program Files\Android\Android Studio\jre\bin\management.dll
0x00007fff97000000 - 0x00007fff9700c000 	C:\Program Files\Android\Android Studio\jre\bin\management_ext.dll
0x00007fffa8670000 - 0x00007fffa8688000 	C:\Windows\SYSTEM32\CRYPTSP.dll
0x00007fffa7f60000 - 0x00007fffa7f95000 	C:\Windows\system32\rsaenh.dll
0x00007fffa8520000 - 0x00007fffa8549000 	C:\Windows\SYSTEM32\USERENV.dll
0x00007fffa87f0000 - 0x00007fffa8817000 	C:\Windows\SYSTEM32\bcrypt.dll
0x00007fffa8690000 - 0x00007fffa869c000 	C:\Windows\SYSTEM32\CRYPTBASE.dll
0x00007fffa7b30000 - 0x00007fffa7b5d000 	C:\Windows\SYSTEM32\IPHLPAPI.DLL
0x00007fffaa910000 - 0x00007fffaa919000 	C:\Windows\System32\NSI.dll
0x00007fffa2cb0000 - 0x00007fffa2cc9000 	C:\Windows\SYSTEM32\dhcpcsvc6.DLL
0x00007fffa3420000 - 0x00007fffa343e000 	C:\Windows\SYSTEM32\dhcpcsvc.DLL
0x00007fffa7b60000 - 0x00007fffa7c47000 	C:\Windows\SYSTEM32\DNSAPI.dll
0x00007fff8bd20000 - 0x00007fff8bd3e000 	C:\Users\Ollashukur\AppData\Local\Temp\native-platform9361741476337447785dir\native-platform.dll
0x00007fff8bd10000 - 0x00007fff8bd18000 	C:\Program Files\Android\Android Studio\jre\bin\rmi.dll
0x00007fff80930000 - 0x00007fff80947000 	C:\Windows\system32\napinsp.dll
0x00007fff80950000 - 0x00007fff8096b000 	C:\Windows\system32\pnrpnsp.dll
0x00007fff80f70000 - 0x00007fff80f82000 	C:\Windows\System32\winrnr.dll
0x00007fffa1b50000 - 0x00007fffa1b65000 	C:\Windows\system32\wshbth.dll
0x00007fff80f90000 - 0x00007fff80faf000 	C:\Windows\system32\nlansp_c.dll
0x00007fffa0750000 - 0x00007fffa075a000 	C:\Windows\System32\rasadhlp.dll
0x00007fffa16b0000 - 0x00007fffa1731000 	C:\Windows\System32\fwpuclnt.dll
0x00007fff93020000 - 0x00007fff93047000 	C:\Program Files\Android\Android Studio\jre\bin\sunec.dll

dbghelp: loaded successfully - version: 4.0.5 - missing functions: none
symbol engine: initialized successfully - sym options: 0x614 - pdb path: .;C:\Program Files\Android\Android Studio\jre\bin;C:\Windows\SYSTEM32;C:\Windows\WinSxS\amd64_microsoft.windows.common-controls_6595b64144ccf1df_6.0.22000.120_none_9d947278b86cc467;C:\Program Files\Android\Android Studio\jre\bin\server;C:\Users\Ollashukur\.gradle\native\8bec1ad78214c89d9ad589b4d07fe93259594b29d510b10fafb7a158f7737e5d\windows-amd64;C:\Users\Ollashukur\.gradle\native\53dbd7edfb1c66fb8903c78663c9afc45aea4f116125fa6feffd364cf09443e8\windows-amd64;C:\Users\Ollashukur\AppData\Local\Temp\native-platform9361741476337447785dir

VM Arguments:
jvm_args: --add-opens=java.base/java.util=ALL-UNNAMED --add-opens=java.base/java.lang=ALL-UNNAMED --add-opens=java.base/java.lang.invoke=ALL-UNNAMED --add-opens=java.base/java.util=ALL-UNNAMED --add-opens=java.prefs/java.util.prefs=ALL-UNNAMED --add-opens=java.prefs/java.util.prefs=ALL-UNNAMED --add-opens=java.base/java.nio.charset=ALL-UNNAMED --add-opens=java.base/java.net=ALL-UNNAMED --add-opens=java.base/java.util.concurrent.atomic=ALL-UNNAMED -Xmx2048m -Dfile.encoding=UTF-8 -Duser.country=RU -Duser.language=ru -Duser.variant 
java_command: org.gradle.launcher.daemon.bootstrap.GradleDaemon 7.0.2
java_class_path (initial): C:\Users\Ollashukur\.gradle\wrapper\dists\gradle-7.0.2-bin\857tjihv64xamwrf0h14cai3r\gradle-7.0.2\lib\gradle-launcher-7.0.2.jar
Launcher Type: SUN_STANDARD

[Global flags]
     intx CICompilerCount                          = 4                                         {product} {ergonomic}
     uint ConcGCThreads                            = 2                                         {product} {ergonomic}
     uint G1ConcRefinementThreads                  = 8                                         {product} {ergonomic}
   size_t G1HeapRegionSize                         = 1048576                                   {product} {ergonomic}
    uintx GCDrainStackTargetSize                   = 64                                        {product} {ergonomic}
   size_t InitialHeapSize                          = 266338304                                 {product} {ergonomic}
   size_t MarkStackSize                            = 4194304                                   {product} {ergonomic}
   size_t MaxHeapSize                              = 2147483648                                {product} {command line}
   size_t MaxNewSize                               = 1287651328                                {product} {ergonomic}
   size_t MinHeapDeltaBytes                        = 1048576                                   {product} {ergonomic}
    uintx NonNMethodCodeHeapSize                   = 5836300                                {pd product} {ergonomic}
    uintx NonProfiledCodeHeapSize                  = 122910970                              {pd product} {ergonomic}
    uintx ProfiledCodeHeapSize                     = 122910970                              {pd product} {ergonomic}
    uintx ReservedCodeCacheSize                    = 251658240                              {pd product} {ergonomic}
     bool SegmentedCodeCache                       = true                                      {product} {ergonomic}
     bool UseCompressedClassPointers               = true                                 {lp64_product} {ergonomic}
     bool UseCompressedOops                        = true                                 {lp64_product} {ergonomic}
     bool UseG1GC                                  = true                                      {product} {ergonomic}
     bool UseLargePagesIndividualAllocation        = false                                  {pd product} {ergonomic}

Logging:
Log output configuration:
 #0: stdout all=warning uptime,level,tags
 #1: stderr all=off uptime,level,tags

Environment Variables:
PATH=C:\Windows\system32;C:\Windows;C:\Windows\System32\Wbem;C:\Windows\System32\WindowsPowerShell\v1.0\;C:\Windows\System32\OpenSSH\;C:\Users\Ollashukur\AppData\Local\Microsoft\WindowsApps;
USERNAME=Ollashukur
OS=Windows_NT
PROCESSOR_IDENTIFIER=Intel64 Family 6 Model 158 Stepping 10, GenuineIntel



---------------  S Y S T E M  ---------------

OS: Windows 10 , 64 bit Build 22000 (10.0.22000.434)
OS uptime: 0 days 5:44 hours

CPU:total 8 (initial active 8) (4 cores per cpu, 2 threads per core) family 6 model 158 stepping 10 microcode 0xde, cmov, cx8, fxsr, mmx, sse, sse2, sse3, ssse3, sse4.1, sse4.2, popcnt, avx, avx2, aes, clmul, erms, 3dnowpref, lzcnt, ht, tsc, tscinvbit, bmi1, bmi2, adx, fma

Memory: 4k page, system-wide physical 16230M (5946M free)
TotalPageFile size 19174M (AvailPageFile size 5618M)
current process WorkingSet (physical memory assigned to process): 401M, peak: 621M
current process commit charge ("private bytes"): 647M, peak: 681M

vm_info: OpenJDK 64-Bit Server VM (11.0.10+0-b96-7249189) for windows-amd64 JRE (11.0.10+0-b96-7249189), built on Mar 31 2021 21:44:00 by "builder" with MS VC++ 14.0 (VS2015)

END.
